{"voting/examples/dummies/Counter.sol":{"l":{"12":4,"21":0,"25":7,"29":7,"31":2},"path":"/home/leonhard/Projects/VotingRegistry/VotingRegistryContracts/voting/examples/dummies/Counter.sol","s":{"1":4,"2":0,"3":7,"4":7,"5":2},"b":{"1":[5,2]},"f":{"1":4,"2":0,"3":7,"4":7},"fnMap":{"1":{"name":"increment","line":11,"loc":{"start":{"line":11,"column":4},"end":{"line":13,"column":4}}},"2":{"name":"incrementBy","line":20,"loc":{"start":{"line":20,"column":4},"end":{"line":22,"column":4}}},"3":{"name":"incrementWithReturn","line":24,"loc":{"start":{"line":24,"column":4},"end":{"line":26,"column":4}}},"4":{"name":"fail","line":28,"loc":{"start":{"line":28,"column":4},"end":{"line":32,"column":4}}}},"statementMap":{"1":{"start":{"line":12,"column":8},"end":{"line":12,"column":16}},"2":{"start":{"line":21,"column":8},"end":{"line":21,"column":16}},"3":{"start":{"line":25,"column":8},"end":{"line":25,"column":16}},"4":{"start":{"line":29,"column":8},"end":{"line":29,"column":38}},"5":{"start":{"line":31,"column":8},"end":{"line":31,"column":16}}},"branchMap":{"1":{"line":29,"type":"if","locations":[{"start":{"line":29,"column":8},"end":{"line":29,"column":8}},{"start":{"line":29,"column":8},"end":{"line":29,"column":8}}]}}},"voting/examples/dummies/DummyIntegrator.sol":{"l":{"16":84,"18":84,"19":84,"27":3},"path":"/home/leonhard/Projects/VotingRegistry/VotingRegistryContracts/voting/examples/dummies/DummyIntegrator.sol","s":{"1":84,"2":84,"3":84,"4":3},"b":{},"f":{"1":84,"2":3},"fnMap":{"1":{"name":"constructor","line":14,"loc":{"start":{"line":13,"column":4},"end":{"line":21,"column":4}}},"2":{"name":"increment","line":23,"loc":{"start":{"line":23,"column":4},"end":{"line":28,"column":4}}}},"statementMap":{"1":{"start":{"line":16,"column":8},"end":{"line":16,"column":61}},"2":{"start":{"line":18,"column":8},"end":{"line":18,"column":85}},"3":{"start":{"line":19,"column":8},"end":{"line":19,"column":70}},"4":{"start":{"line":27,"column":8},"end":{"line":27,"column":16}}},"branchMap":{}},"voting/examples/dummies/ERC20Token.sol":{"l":{"13":225,"17":135,"18":135},"path":"/home/leonhard/Projects/VotingRegistry/VotingRegistryContracts/voting/examples/dummies/ERC20Token.sol","s":{"1":225,"2":135,"3":135},"b":{"1":[135,0]},"f":{"1":225,"2":135},"fnMap":{"1":{"name":"constructor","line":12,"loc":{"start":{"line":12,"column":4},"end":{"line":14,"column":4}}},"2":{"name":"mint","line":16,"loc":{"start":{"line":16,"column":4},"end":{"line":19,"column":4}}}},"statementMap":{"1":{"start":{"line":13,"column":8},"end":{"line":13,"column":27}},"2":{"start":{"line":17,"column":8},"end":{"line":17,"column":86}},"3":{"start":{"line":18,"column":8},"end":{"line":18,"column":32}}},"branchMap":{"1":{"line":17,"type":"if","locations":[{"start":{"line":17,"column":8},"end":{"line":17,"column":8}},{"start":{"line":17,"column":8},"end":{"line":17,"column":8}}]}}},"voting/examples/dummies/ERC721Token.sol":{"l":{},"path":"/home/leonhard/Projects/VotingRegistry/VotingRegistryContracts/voting/examples/dummies/ERC721Token.sol","s":{},"b":{},"f":{"1":21},"fnMap":{"1":{"name":"constructor","line":7,"loc":{"start":{"line":7,"column":4},"end":{"line":7,"column":46}}}},"statementMap":{},"branchMap":{}},"voting/examples/dummies/TournamentIntegrator.sol":{"l":{"29":87,"30":87,"38":3,"46":1,"51":1,"52":1,"53":1,"58":4,"59":0,"61":4},"path":"/home/leonhard/Projects/VotingRegistry/VotingRegistryContracts/voting/examples/dummies/TournamentIntegrator.sol","s":{"1":87,"2":87,"3":3,"4":1,"5":1,"6":1,"7":1,"8":4},"b":{"1":[1,0],"2":[0,4]},"f":{"1":87,"2":3,"3":1,"4":1,"5":4},"fnMap":{"1":{"name":"constructor","line":26,"loc":{"start":{"line":26,"column":4},"end":{"line":31,"column":4}}},"2":{"name":"proposeNewImperator","line":35,"loc":{"start":{"line":33,"column":4},"end":{"line":39,"column":4}}},"3":{"name":"fail","line":43,"loc":{"start":{"line":41,"column":4},"end":{"line":47,"column":4}}},"4":{"name":"claimImperatorship","line":50,"loc":{"start":{"line":50,"column":4},"end":{"line":54,"column":4}}},"5":{"name":"OnlyByVote","line":57,"loc":{"start":{"line":57,"column":4},"end":{"line":62,"column":4}}}},"statementMap":{"1":{"start":{"line":29,"column":8},"end":{"line":29,"column":92}},"2":{"start":{"line":30,"column":8},"end":{"line":30,"column":77}},"3":{"start":{"line":38,"column":8},"end":{"line":38,"column":34}},"4":{"start":{"line":46,"column":8},"end":{"line":46,"column":22}},"5":{"start":{"line":51,"column":8},"end":{"line":51,"column":75}},"6":{"start":{"line":52,"column":8},"end":{"line":52,"column":29}},"7":{"start":{"line":53,"column":8},"end":{"line":53,"column":34}},"8":{"start":{"line":58,"column":8},"end":{"line":58,"column":1410}}},"branchMap":{"1":{"line":51,"type":"if","locations":[{"start":{"line":51,"column":8},"end":{"line":51,"column":8}},{"start":{"line":51,"column":8},"end":{"line":51,"column":8}}]},"2":{"line":58,"type":"if","locations":[{"start":{"line":58,"column":8},"end":{"line":58,"column":8}},{"start":{"line":58,"column":8},"end":{"line":58,"column":8}}]}}},"voting/examples/integrations/StartHybridVoting.sol":{"l":{"28":138,"30":138,"32":138,"33":138,"43":1,"51":2,"58":63,"63":2,"64":1,"66":1,"70":3,"71":2,"91":54,"93":54,"95":54,"96":54,"105":1,"112":2,"120":11,"127":6,"135":1,"140":2,"141":1,"143":1,"147":3,"151":2},"path":"/home/leonhard/Projects/VotingRegistry/VotingRegistryContracts/voting/examples/integrations/StartHybridVoting.sol","s":{"1":138,"2":138,"3":138,"4":138,"5":1,"6":2,"7":63,"8":2,"9":3,"10":54,"11":54,"12":54,"13":54,"14":1,"15":2,"16":11,"17":6,"18":1,"19":2,"20":3},"b":{"1":[62,1],"2":[1,1],"3":[2,1],"4":[10,1],"5":[1,1],"6":[2,1]},"f":{"1":138,"2":1,"3":2,"4":63,"5":2,"6":3,"7":54,"8":1,"9":2,"10":11,"11":6,"12":1,"13":2,"14":3},"fnMap":{"1":{"name":"constructor","line":26,"loc":{"start":{"line":26,"column":4},"end":{"line":34,"column":4}}},"2":{"name":"increment","line":41,"loc":{"start":{"line":37,"column":4},"end":{"line":44,"column":4}}},"3":{"name":"reset","line":49,"loc":{"start":{"line":46,"column":4},"end":{"line":52,"column":4}}},"4":{"name":"_beforeStart","line":54,"loc":{"start":{"line":54,"column":4},"end":{"line":59,"column":4}}},"5":{"name":"OnlyByVote","line":62,"loc":{"start":{"line":62,"column":4},"end":{"line":67,"column":4}}},"6":{"name":"OnlyDeployerOrByVote","line":69,"loc":{"start":{"line":69,"column":4},"end":{"line":72,"column":4}}},"7":{"name":"constructor","line":89,"loc":{"start":{"line":89,"column":4},"end":{"line":97,"column":4}}},"8":{"name":"increment","line":103,"loc":{"start":{"line":100,"column":4},"end":{"line":106,"column":4}}},"9":{"name":"reset","line":110,"loc":{"start":{"line":108,"column":4},"end":{"line":113,"column":4}}},"10":{"name":"_beforeStart","line":116,"loc":{"start":{"line":116,"column":4},"end":{"line":121,"column":4}}},"11":{"name":"_afterStart","line":123,"loc":{"start":{"line":123,"column":4},"end":{"line":128,"column":4}}},"12":{"name":"_getSimpleVotingContract","line":130,"loc":{"start":{"line":130,"column":4},"end":{"line":136,"column":4}}},"13":{"name":"OnlyByVote","line":139,"loc":{"start":{"line":139,"column":4},"end":{"line":144,"column":4}}},"14":{"name":"OnlyDeployerOrByVote","line":146,"loc":{"start":{"line":146,"column":4},"end":{"line":152,"column":4}}}},"statementMap":{"1":{"start":{"line":28,"column":8},"end":{"line":28,"column":65}},"2":{"start":{"line":30,"column":8},"end":{"line":30,"column":28}},"3":{"start":{"line":32,"column":8},"end":{"line":32,"column":78}},"4":{"start":{"line":33,"column":8},"end":{"line":33,"column":81}},"5":{"start":{"line":43,"column":8},"end":{"line":43,"column":16}},"6":{"start":{"line":51,"column":8},"end":{"line":51,"column":13}},"7":{"start":{"line":58,"column":8},"end":{"line":58,"column":53}},"8":{"start":{"line":63,"column":8},"end":{"line":63,"column":1672}},"9":{"start":{"line":70,"column":8},"end":{"line":70,"column":84}},"10":{"start":{"line":91,"column":8},"end":{"line":91,"column":28}},"11":{"start":{"line":93,"column":8},"end":{"line":93,"column":59}},"12":{"start":{"line":95,"column":8},"end":{"line":95,"column":104}},"13":{"start":{"line":96,"column":8},"end":{"line":96,"column":107}},"14":{"start":{"line":105,"column":8},"end":{"line":105,"column":16}},"15":{"start":{"line":112,"column":8},"end":{"line":112,"column":13}},"16":{"start":{"line":120,"column":8},"end":{"line":120,"column":53}},"17":{"start":{"line":127,"column":8},"end":{"line":127,"column":29}},"18":{"start":{"line":135,"column":8},"end":{"line":135,"column":75}},"19":{"start":{"line":140,"column":8},"end":{"line":140,"column":3692}},"20":{"start":{"line":147,"column":8},"end":{"line":147,"column":3869}}},"branchMap":{"1":{"line":58,"type":"if","locations":[{"start":{"line":58,"column":8},"end":{"line":58,"column":8}},{"start":{"line":58,"column":8},"end":{"line":58,"column":8}}]},"2":{"line":63,"type":"if","locations":[{"start":{"line":63,"column":8},"end":{"line":63,"column":8}},{"start":{"line":63,"column":8},"end":{"line":63,"column":8}}]},"3":{"line":70,"type":"if","locations":[{"start":{"line":70,"column":8},"end":{"line":70,"column":8}},{"start":{"line":70,"column":8},"end":{"line":70,"column":8}}]},"4":{"line":120,"type":"if","locations":[{"start":{"line":120,"column":8},"end":{"line":120,"column":8}},{"start":{"line":120,"column":8},"end":{"line":120,"column":8}}]},"5":{"line":140,"type":"if","locations":[{"start":{"line":140,"column":8},"end":{"line":140,"column":8}},{"start":{"line":140,"column":8},"end":{"line":140,"column":8}}]},"6":{"line":147,"type":"if","locations":[{"start":{"line":147,"column":8},"end":{"line":147,"column":8}},{"start":{"line":147,"column":8},"end":{"line":147,"column":8}}]}}},"voting/examples/integrations/StartOnlyCallback.sol":{"l":{"30":54,"32":54,"33":54,"41":1,"48":2,"55":9,"60":2,"61":1,"63":1,"67":3,"68":2,"88":54,"90":54,"91":54,"99":1,"106":2,"114":9,"121":4,"126":2,"127":1,"129":1,"133":3,"137":2},"path":"/home/leonhard/Projects/VotingRegistry/VotingRegistryContracts/voting/examples/integrations/StartOnlyCallback.sol","s":{"1":54,"2":54,"3":54,"4":1,"5":2,"6":9,"7":2,"8":3,"9":54,"10":54,"11":54,"12":1,"13":2,"14":9,"15":4,"16":2,"17":3},"b":{"1":[8,1],"2":[1,1],"3":[2,1],"4":[8,1],"5":[1,1],"6":[2,1]},"f":{"1":54,"2":1,"3":2,"4":9,"5":2,"6":3,"7":54,"8":1,"9":2,"10":9,"11":4,"12":2,"13":3},"fnMap":{"1":{"name":"constructor","line":28,"loc":{"start":{"line":28,"column":4},"end":{"line":34,"column":4}}},"2":{"name":"increment","line":39,"loc":{"start":{"line":37,"column":4},"end":{"line":42,"column":4}}},"3":{"name":"reset","line":46,"loc":{"start":{"line":44,"column":4},"end":{"line":49,"column":4}}},"4":{"name":"_beforeStart","line":51,"loc":{"start":{"line":51,"column":4},"end":{"line":56,"column":4}}},"5":{"name":"OnlyByVote","line":59,"loc":{"start":{"line":59,"column":4},"end":{"line":64,"column":4}}},"6":{"name":"OnlyDeployerOrByVote","line":66,"loc":{"start":{"line":66,"column":4},"end":{"line":69,"column":4}}},"7":{"name":"constructor","line":86,"loc":{"start":{"line":86,"column":4},"end":{"line":92,"column":4}}},"8":{"name":"increment","line":97,"loc":{"start":{"line":95,"column":4},"end":{"line":100,"column":4}}},"9":{"name":"reset","line":104,"loc":{"start":{"line":102,"column":4},"end":{"line":107,"column":4}}},"10":{"name":"_beforeStart","line":110,"loc":{"start":{"line":110,"column":4},"end":{"line":115,"column":4}}},"11":{"name":"_afterStart","line":117,"loc":{"start":{"line":117,"column":4},"end":{"line":122,"column":4}}},"12":{"name":"OnlyByVote","line":125,"loc":{"start":{"line":125,"column":4},"end":{"line":130,"column":4}}},"13":{"name":"OnlyDeployerOrByVote","line":132,"loc":{"start":{"line":132,"column":4},"end":{"line":138,"column":4}}}},"statementMap":{"1":{"start":{"line":30,"column":8},"end":{"line":30,"column":28}},"2":{"start":{"line":32,"column":8},"end":{"line":32,"column":104}},"3":{"start":{"line":33,"column":8},"end":{"line":33,"column":107}},"4":{"start":{"line":41,"column":8},"end":{"line":41,"column":16}},"5":{"start":{"line":48,"column":8},"end":{"line":48,"column":13}},"6":{"start":{"line":55,"column":8},"end":{"line":55,"column":53}},"7":{"start":{"line":60,"column":8},"end":{"line":60,"column":1516}},"8":{"start":{"line":67,"column":8},"end":{"line":67,"column":119}},"9":{"start":{"line":88,"column":8},"end":{"line":88,"column":28}},"10":{"start":{"line":90,"column":8},"end":{"line":90,"column":104}},"11":{"start":{"line":91,"column":8},"end":{"line":91,"column":107}},"12":{"start":{"line":99,"column":8},"end":{"line":99,"column":16}},"13":{"start":{"line":106,"column":8},"end":{"line":106,"column":13}},"14":{"start":{"line":114,"column":8},"end":{"line":114,"column":53}},"15":{"start":{"line":121,"column":8},"end":{"line":121,"column":29}},"16":{"start":{"line":126,"column":8},"end":{"line":126,"column":3191}},"17":{"start":{"line":133,"column":8},"end":{"line":133,"column":3368}}},"branchMap":{"1":{"line":55,"type":"if","locations":[{"start":{"line":55,"column":8},"end":{"line":55,"column":8}},{"start":{"line":55,"column":8},"end":{"line":55,"column":8}}]},"2":{"line":60,"type":"if","locations":[{"start":{"line":60,"column":8},"end":{"line":60,"column":8}},{"start":{"line":60,"column":8},"end":{"line":60,"column":8}}]},"3":{"line":67,"type":"if","locations":[{"start":{"line":67,"column":8},"end":{"line":67,"column":8}},{"start":{"line":67,"column":8},"end":{"line":67,"column":8}}]},"4":{"line":114,"type":"if","locations":[{"start":{"line":114,"column":8},"end":{"line":114,"column":8}},{"start":{"line":114,"column":8},"end":{"line":114,"column":8}}]},"5":{"line":126,"type":"if","locations":[{"start":{"line":126,"column":8},"end":{"line":126,"column":8}},{"start":{"line":126,"column":8},"end":{"line":126,"column":8}}]},"6":{"line":133,"type":"if","locations":[{"start":{"line":133,"column":8},"end":{"line":133,"column":8}},{"start":{"line":133,"column":8},"end":{"line":133,"column":8}}]}}},"voting/examples/integrations/StartSimpleVoting.sol":{"l":{"26":54,"28":54,"37":1,"46":1,"54":2,"59":2,"62":1,"81":54,"83":54,"84":54,"92":1,"99":1,"107":6,"114":2,"122":5,"126":2,"129":1},"path":"/home/leonhard/Projects/VotingRegistry/VotingRegistryContracts/voting/examples/integrations/StartSimpleVoting.sol","s":{"1":54,"2":54,"3":1,"4":1,"5":2,"6":2,"7":54,"8":54,"9":54,"10":1,"11":1,"12":6,"13":2,"14":5,"15":2},"b":{"1":[1,1],"2":[1,1],"3":[5,1],"4":[1,1]},"f":{"1":54,"2":1,"3":1,"4":2,"5":2,"6":54,"7":1,"8":1,"9":6,"10":2,"11":5,"12":2},"fnMap":{"1":{"name":"constructor","line":24,"loc":{"start":{"line":24,"column":4},"end":{"line":29,"column":4}}},"2":{"name":"increment","line":32,"loc":{"start":{"line":32,"column":4},"end":{"line":38,"column":4}}},"3":{"name":"reset","line":44,"loc":{"start":{"line":41,"column":4},"end":{"line":47,"column":4}}},"4":{"name":"_beforeStart","line":50,"loc":{"start":{"line":50,"column":4},"end":{"line":55,"column":4}}},"5":{"name":"OnlyDeployer","line":58,"loc":{"start":{"line":58,"column":4},"end":{"line":63,"column":4}}},"6":{"name":"constructor","line":79,"loc":{"start":{"line":79,"column":4},"end":{"line":85,"column":4}}},"7":{"name":"increment","line":88,"loc":{"start":{"line":88,"column":4},"end":{"line":93,"column":4}}},"8":{"name":"reset","line":97,"loc":{"start":{"line":95,"column":4},"end":{"line":100,"column":4}}},"9":{"name":"_beforeStart","line":103,"loc":{"start":{"line":103,"column":4},"end":{"line":108,"column":4}}},"10":{"name":"_afterStart","line":110,"loc":{"start":{"line":110,"column":4},"end":{"line":115,"column":4}}},"11":{"name":"_getSimpleVotingContract","line":117,"loc":{"start":{"line":117,"column":4},"end":{"line":123,"column":4}}},"12":{"name":"OnlyDeployer","line":125,"loc":{"start":{"line":125,"column":4},"end":{"line":130,"column":4}}}},"statementMap":{"1":{"start":{"line":26,"column":8},"end":{"line":26,"column":39}},"2":{"start":{"line":28,"column":8},"end":{"line":28,"column":28}},"3":{"start":{"line":37,"column":8},"end":{"line":37,"column":16}},"4":{"start":{"line":46,"column":8},"end":{"line":46,"column":13}},"5":{"start":{"line":54,"column":8},"end":{"line":54,"column":53}},"6":{"start":{"line":59,"column":8},"end":{"line":59,"column":1330}},"7":{"start":{"line":81,"column":8},"end":{"line":81,"column":28}},"8":{"start":{"line":83,"column":8},"end":{"line":83,"column":59}},"9":{"start":{"line":84,"column":8},"end":{"line":84,"column":59}},"10":{"start":{"line":92,"column":8},"end":{"line":92,"column":16}},"11":{"start":{"line":99,"column":8},"end":{"line":99,"column":13}},"12":{"start":{"line":107,"column":8},"end":{"line":107,"column":53}},"13":{"start":{"line":114,"column":8},"end":{"line":114,"column":29}},"14":{"start":{"line":122,"column":8},"end":{"line":122,"column":75}},"15":{"start":{"line":126,"column":8},"end":{"line":126,"column":2897}}},"branchMap":{"1":{"line":54,"type":"if","locations":[{"start":{"line":54,"column":8},"end":{"line":54,"column":8}},{"start":{"line":54,"column":8},"end":{"line":54,"column":8}}]},"2":{"line":59,"type":"if","locations":[{"start":{"line":59,"column":8},"end":{"line":59,"column":8}},{"start":{"line":59,"column":8},"end":{"line":59,"column":8}}]},"3":{"line":107,"type":"if","locations":[{"start":{"line":107,"column":8},"end":{"line":107,"column":8}},{"start":{"line":107,"column":8},"end":{"line":107,"column":8}}]},"4":{"line":126,"type":"if","locations":[{"start":{"line":126,"column":8},"end":{"line":126,"column":8}},{"start":{"line":126,"column":8},"end":{"line":126,"column":8}}]}}},"voting/extensions/abstracts/BaseVotingContract.sol":{"l":{"66":195,"69":171,"72":171,"75":171,"114":55,"119":27},"path":"/home/leonhard/Projects/VotingRegistry/VotingRegistryContracts/voting/extensions/abstracts/BaseVotingContract.sol","s":{"1":195,"2":171,"3":171,"4":171,"5":55,"6":27},"b":{},"f":{"1":195,"2":0,"3":55,"4":27},"fnMap":{"1":{"name":"start","line":59,"loc":{"start":{"line":59,"column":4},"end":{"line":76,"column":4}}},"2":{"name":"_checkCondition","line":101,"loc":{"start":{"line":101,"column":4},"end":{"line":101,"column":96}}},"3":{"name":"getCurrentIndex","line":113,"loc":{"start":{"line":113,"column":4},"end":{"line":115,"column":4}}},"4":{"name":"supportsInterface","line":118,"loc":{"start":{"line":118,"column":4},"end":{"line":122,"column":4}}}},"statementMap":{"1":{"start":{"line":66,"column":8},"end":{"line":66,"column":52}},"2":{"start":{"line":69,"column":8},"end":{"line":69,"column":61}},"3":{"start":{"line":72,"column":8},"end":{"line":72,"column":25}},"4":{"start":{"line":75,"column":8},"end":{"line":75,"column":33}},"5":{"start":{"line":114,"column":8},"end":{"line":114,"column":35}},"6":{"start":{"line":119,"column":8},"end":{"line":119,"column":6261}}},"branchMap":{}},"voting/extensions/interfaces/ICallerGetter.sol":{"l":{},"path":"/home/leonhard/Projects/VotingRegistry/VotingRegistryContracts/voting/extensions/interfaces/ICallerGetter.sol","s":{},"b":{},"f":{},"fnMap":{},"statementMap":{},"branchMap":{}},"voting/extensions/interfaces/IEncoding.sol":{"l":{},"path":"/home/leonhard/Projects/VotingRegistry/VotingRegistryContracts/voting/extensions/interfaces/IEncoding.sol","s":{},"b":{},"f":{},"fnMap":{},"statementMap":{},"branchMap":{}},"voting/extensions/interfaces/IGetCallbackData.sol":{"l":{},"path":"/home/leonhard/Projects/VotingRegistry/VotingRegistryContracts/voting/extensions/interfaces/IGetCallbackData.sol","s":{},"b":{},"f":{},"fnMap":{},"statementMap":{},"branchMap":{}},"voting/extensions/interfaces/IGetCallbackHash.sol":{"l":{},"path":"/home/leonhard/Projects/VotingRegistry/VotingRegistryContracts/voting/extensions/interfaces/IGetCallbackHash.sol","s":{},"b":{},"f":{},"fnMap":{},"statementMap":{},"branchMap":{}},"voting/extensions/interfaces/IHasAlreadyVoted.sol":{"l":{},"path":"/home/leonhard/Projects/VotingRegistry/VotingRegistryContracts/voting/extensions/interfaces/IHasAlreadyVoted.sol","s":{},"b":{},"f":{},"fnMap":{},"statementMap":{},"branchMap":{}},"voting/extensions/interfaces/IImplementingPermitted.sol":{"l":{},"path":"/home/leonhard/Projects/VotingRegistry/VotingRegistryContracts/voting/extensions/interfaces/IImplementingPermitted.sol","s":{},"b":{},"f":{},"fnMap":{},"statementMap":{},"branchMap":{}},"voting/extensions/interfaces/IImplementResult.sol":{"l":{},"path":"/home/leonhard/Projects/VotingRegistry/VotingRegistryContracts/voting/extensions/interfaces/IImplementResult.sol","s":{},"b":{},"f":{},"fnMap":{},"statementMap":{},"branchMap":{}},"voting/extensions/interfaces/IStatusGetter.sol":{"l":{},"path":"/home/leonhard/Projects/VotingRegistry/VotingRegistryContracts/voting/extensions/interfaces/IStatusGetter.sol","s":{},"b":{},"f":{},"fnMap":{},"statementMap":{},"branchMap":{}},"voting/extensions/interfaces/IVotingPermitted.sol":{"l":{},"path":"/home/leonhard/Projects/VotingRegistry/VotingRegistryContracts/voting/extensions/interfaces/IVotingPermitted.sol","s":{},"b":{},"f":{},"fnMap":{},"statementMap":{},"branchMap":{}},"voting/extensions/primitives/CallbackData.sol":{"l":{"15":0},"path":"/home/leonhard/Projects/VotingRegistry/VotingRegistryContracts/voting/extensions/primitives/CallbackData.sol","s":{"1":0},"b":{},"f":{"1":0},"fnMap":{"1":{"name":"getCallbackData","line":14,"loc":{"start":{"line":14,"column":4},"end":{"line":16,"column":4}}}},"statementMap":{"1":{"start":{"line":15,"column":8},"end":{"line":15,"column":40}}},"branchMap":{}},"voting/extensions/primitives/CallbackHash.sol":{"l":{"14":0},"path":"/home/leonhard/Projects/VotingRegistry/VotingRegistryContracts/voting/extensions/primitives/CallbackHash.sol","s":{"1":0},"b":{},"f":{"1":0},"fnMap":{"1":{"name":"getCallbackHash","line":13,"loc":{"start":{"line":13,"column":4},"end":{"line":15,"column":4}}}},"statementMap":{"1":{"start":{"line":14,"column":8},"end":{"line":14,"column":40}}},"branchMap":{}},"voting/extensions/primitives/Caller.sol":{"l":{"15":3},"path":"/home/leonhard/Projects/VotingRegistry/VotingRegistryContracts/voting/extensions/primitives/Caller.sol","s":{"1":3},"b":{},"f":{"1":3},"fnMap":{"1":{"name":"getCaller","line":14,"loc":{"start":{"line":14,"column":4},"end":{"line":16,"column":4}}}},"statementMap":{"1":{"start":{"line":15,"column":8},"end":{"line":15,"column":35}}},"branchMap":{}},"voting/extensions/primitives/CastSimpleVote.sol":{"l":{"12":66,"16":33},"path":"/home/leonhard/Projects/VotingRegistry/VotingRegistryContracts/voting/extensions/primitives/CastSimpleVote.sol","s":{"1":66,"2":33},"b":{},"f":{"1":66,"2":33},"fnMap":{"1":{"name":"_castVote","line":10,"loc":{"start":{"line":10,"column":4},"end":{"line":13,"column":4}}},"2":{"name":"_getVotes","line":15,"loc":{"start":{"line":15,"column":4},"end":{"line":17,"column":4}}}},"statementMap":{"1":{"start":{"line":12,"column":8},"end":{"line":12,"column":42}},"2":{"start":{"line":16,"column":8},"end":{"line":16,"column":32}}},"branchMap":{}},"voting/extensions/primitives/CastYesNoAbstainVote.sol":{"l":{"14":64,"18":31},"path":"/home/leonhard/Projects/VotingRegistry/VotingRegistryContracts/voting/extensions/primitives/CastYesNoAbstainVote.sol","s":{"1":64,"2":31},"b":{},"f":{"1":64,"2":31},"fnMap":{"1":{"name":"_castVote","line":12,"loc":{"start":{"line":12,"column":4},"end":{"line":15,"column":4}}},"2":{"name":"_getVotes","line":17,"loc":{"start":{"line":17,"column":4},"end":{"line":19,"column":4}}}},"statementMap":{"1":{"start":{"line":14,"column":8},"end":{"line":14,"column":51}},"2":{"start":{"line":18,"column":8},"end":{"line":18,"column":32}}},"branchMap":{}},"voting/extensions/primitives/CheckCalldataValidity.sol":{"l":{"16":42},"path":"/home/leonhard/Projects/VotingRegistry/VotingRegistryContracts/voting/extensions/primitives/CheckCalldataValidity.sol","s":{"1":42},"b":{},"f":{"1":42},"fnMap":{"1":{"name":"_isValidCalldata","line":11,"loc":{"start":{"line":11,"column":4},"end":{"line":17,"column":4}}}},"statementMap":{"1":{"start":{"line":16,"column":8},"end":{"line":16,"column":87}}},"branchMap":{}},"voting/extensions/primitives/Deadline.sol":{"l":{"13":143,"17":196},"path":"/home/leonhard/Projects/VotingRegistry/VotingRegistryContracts/voting/extensions/primitives/Deadline.sol","s":{"1":143,"2":196},"b":{},"f":{"1":143,"2":196},"fnMap":{"1":{"name":"_setDeadline","line":12,"loc":{"start":{"line":12,"column":4},"end":{"line":14,"column":4}}},"2":{"name":"_deadlineHasPassed","line":16,"loc":{"start":{"line":16,"column":4},"end":{"line":18,"column":4}}}},"statementMap":{"1":{"start":{"line":13,"column":8},"end":{"line":13,"column":57}},"2":{"start":{"line":17,"column":8},"end":{"line":17,"column":58}}},"branchMap":{}},"voting/extensions/primitives/ImplementingPermitted.sol":{"l":{"12":0,"19":0},"path":"/home/leonhard/Projects/VotingRegistry/VotingRegistryContracts/voting/extensions/primitives/ImplementingPermitted.sol","s":{"1":0,"2":0},"b":{},"f":{"1":0,"2":0},"fnMap":{"1":{"name":"_implementingPermitted","line":11,"loc":{"start":{"line":11,"column":4},"end":{"line":13,"column":4}}},"2":{"name":"implementingPermitted","line":18,"loc":{"start":{"line":18,"column":4},"end":{"line":20,"column":4}}}},"statementMap":{"1":{"start":{"line":12,"column":8},"end":{"line":12,"column":99}},"2":{"start":{"line":19,"column":8},"end":{"line":19,"column":53}}},"branchMap":{}},"voting/extensions/primitives/ImplementResult.sol":{"l":{"29":45,"30":8,"34":37,"37":35,"40":35,"46":35,"50":26,"53":9,"56":28,"60":28,"91":8,"92":3,"96":5,"99":4,"103":4,"111":4,"115":3,"118":1,"121":4,"125":4},"path":"/home/leonhard/Projects/VotingRegistry/VotingRegistryContracts/voting/extensions/primitives/ImplementResult.sol","s":{"1":45,"2":37,"3":35,"4":35,"5":35,"6":26,"7":9,"8":28,"9":28,"10":8,"11":5,"12":4,"13":4,"14":4,"15":3,"16":1,"17":4,"18":4,"19":0},"b":{"1":[8,37],"2":[26,9],"3":[3,5],"4":[3,1]},"f":{"1":45,"2":0,"3":8,"4":0,"5":0},"fnMap":{"1":{"name":"implement","line":23,"loc":{"start":{"line":23,"column":4},"end":{"line":61,"column":4}}},"2":{"name":"_requireValidCallbackData","line":63,"loc":{"start":{"line":63,"column":4},"end":{"line":63,"column":107}}},"3":{"name":"implement","line":85,"loc":{"start":{"line":85,"column":4},"end":{"line":126,"column":4}}},"4":{"name":"_modifyCallback","line":128,"loc":{"start":{"line":128,"column":4},"end":{"line":128,"column":163}}},"5":{"name":"_requireValidCallbackData","line":130,"loc":{"start":{"line":130,"column":4},"end":{"line":130,"column":107}}}},"statementMap":{"1":{"start":{"line":29,"column":8},"end":{"line":29,"column":1226}},"2":{"start":{"line":34,"column":8},"end":{"line":34,"column":54}},"3":{"start":{"line":37,"column":8},"end":{"line":37,"column":69}},"4":{"start":{"line":40,"column":8},"end":{"line":40,"column":1759}},"5":{"start":{"line":46,"column":8},"end":{"line":46,"column":1950}},"6":{"start":{"line":50,"column":12},"end":{"line":50,"column":86}},"7":{"start":{"line":53,"column":12},"end":{"line":53,"column":83}},"8":{"start":{"line":56,"column":8},"end":{"line":56,"column":2640}},"9":{"start":{"line":60,"column":8},"end":{"line":60,"column":30}},"10":{"start":{"line":91,"column":8},"end":{"line":91,"column":3827}},"11":{"start":{"line":96,"column":8},"end":{"line":96,"column":54}},"12":{"start":{"line":99,"column":8},"end":{"line":99,"column":69}},"13":{"start":{"line":103,"column":8},"end":{"line":103,"column":4345}},"14":{"start":{"line":111,"column":8},"end":{"line":111,"column":4614}},"15":{"start":{"line":115,"column":12},"end":{"line":115,"column":86}},"16":{"start":{"line":118,"column":12},"end":{"line":118,"column":83}},"17":{"start":{"line":121,"column":8},"end":{"line":121,"column":5304}},"18":{"start":{"line":125,"column":8},"end":{"line":125,"column":30}},"19":{"start":{"line":128,"column":135},"end":{"line":128,"column":161}}},"branchMap":{"1":{"line":29,"type":"if","locations":[{"start":{"line":29,"column":8},"end":{"line":29,"column":8}},{"start":{"line":29,"column":8},"end":{"line":29,"column":8}}]},"2":{"line":46,"type":"if","locations":[{"start":{"line":46,"column":8},"end":{"line":46,"column":8}},{"start":{"line":46,"column":8},"end":{"line":46,"column":8}}]},"3":{"line":91,"type":"if","locations":[{"start":{"line":91,"column":8},"end":{"line":91,"column":8}},{"start":{"line":91,"column":8},"end":{"line":91,"column":8}}]},"4":{"line":111,"type":"if","locations":[{"start":{"line":111,"column":8},"end":{"line":111,"column":8}},{"start":{"line":111,"column":8},"end":{"line":111,"column":8}}]}}},"voting/extensions/primitives/ImplementResultPrimitive.sol":{"l":{"28":39,"29":39,"30":39,"88":0,"89":0,"93":0,"94":0,"109":0,"112":0,"114":0,"115":0,"130":0,"131":0,"135":0,"136":0,"146":0,"147":0},"path":"/home/leonhard/Projects/VotingRegistry/VotingRegistryContracts/voting/extensions/primitives/ImplementResultPrimitive.sol","s":{"1":39,"2":39,"3":39,"4":0,"5":0,"6":0,"7":0,"8":0,"9":0,"10":0,"11":0,"12":0,"13":0,"14":0},"b":{"1":[0,0],"2":[0,0],"3":[0,0]},"f":{"1":39,"2":0,"3":0,"4":0,"5":0,"6":0,"7":0,"8":0},"fnMap":{"1":{"name":"_implement","line":23,"loc":{"start":{"line":23,"column":4},"end":{"line":31,"column":4}}},"2":{"name":"_handleFailedImplementation","line":43,"loc":{"start":{"line":43,"column":4},"end":{"line":47,"column":5}}},"3":{"name":"_handleFailedImplementation","line":60,"loc":{"start":{"line":60,"column":4},"end":{"line":64,"column":5}}},"4":{"name":"_handleNotFailedImplementation","line":66,"loc":{"start":{"line":66,"column":4},"end":{"line":70,"column":5}}},"5":{"name":"_handleFailedImplementation","line":82,"loc":{"start":{"line":82,"column":4},"end":{"line":97,"column":4}}},"6":{"name":"_handleNotFailedImplementation","line":100,"loc":{"start":{"line":100,"column":4},"end":{"line":118,"column":4}}},"7":{"name":"_handleFailedImplementation","line":127,"loc":{"start":{"line":127,"column":4},"end":{"line":139,"column":4}}},"8":{"name":"_handleNotFailedImplementation","line":142,"loc":{"start":{"line":142,"column":4},"end":{"line":148,"column":4}}}},"statementMap":{"1":{"start":{"line":28,"column":8},"end":{"line":28,"column":76}},"2":{"start":{"line":29,"column":8},"end":{"line":29,"column":126}},"3":{"start":{"line":30,"column":8},"end":{"line":30,"column":39}},"4":{"start":{"line":88,"column":8},"end":{"line":88,"column":2921}},"5":{"start":{"line":93,"column":12},"end":{"line":93,"column":72}},"6":{"start":{"line":94,"column":12},"end":{"line":94,"column":51}},"7":{"start":{"line":109,"column":8},"end":{"line":109,"column":3786}},"8":{"start":{"line":114,"column":12},"end":{"line":114,"column":64}},"9":{"start":{"line":115,"column":12},"end":{"line":115,"column":69}},"10":{"start":{"line":130,"column":8},"end":{"line":130,"column":4523}},"11":{"start":{"line":135,"column":12},"end":{"line":135,"column":72}},"12":{"start":{"line":136,"column":12},"end":{"line":136,"column":51}},"13":{"start":{"line":146,"column":8},"end":{"line":146,"column":60}},"14":{"start":{"line":147,"column":8},"end":{"line":147,"column":65}}},"branchMap":{"1":{"line":88,"type":"if","locations":[{"start":{"line":88,"column":8},"end":{"line":88,"column":8}},{"start":{"line":88,"column":8},"end":{"line":88,"column":8}}]},"2":{"line":109,"type":"if","locations":[{"start":{"line":109,"column":8},"end":{"line":109,"column":8}},{"start":{"line":109,"column":8},"end":{"line":109,"column":8}}]},"3":{"line":130,"type":"if","locations":[{"start":{"line":130,"column":8},"end":{"line":130,"column":8}},{"start":{"line":130,"column":8},"end":{"line":130,"column":8}}]}}},"voting/extensions/primitives/NoDoubleVoting.sol":{"l":{"34":0},"path":"/home/leonhard/Projects/VotingRegistry/VotingRegistryContracts/voting/extensions/primitives/NoDoubleVoting.sol","s":{"1":0},"b":{},"f":{"1":0},"fnMap":{"1":{"name":"hasAlreadyVoted","line":28,"loc":{"start":{"line":28,"column":4},"end":{"line":35,"column":4}}}},"statementMap":{"1":{"start":{"line":34,"column":8},"end":{"line":34,"column":54}}},"branchMap":{}},"voting/extensions/primitives/Quorum.sol":{"l":{},"path":"/home/leonhard/Projects/VotingRegistry/VotingRegistryContracts/voting/extensions/primitives/Quorum.sol","s":{},"b":{},"f":{},"fnMap":{},"statementMap":{},"branchMap":{}},"voting/extensions/primitives/Status.sol":{"l":{"16":65},"path":"/home/leonhard/Projects/VotingRegistry/VotingRegistryContracts/voting/extensions/primitives/Status.sol","s":{"1":65},"b":{},"f":{"1":65},"fnMap":{"1":{"name":"getStatus","line":15,"loc":{"start":{"line":15,"column":4},"end":{"line":17,"column":4}}}},"statementMap":{"1":{"start":{"line":16,"column":8},"end":{"line":16,"column":35}}},"branchMap":{}},"voting/extensions/primitives/TokenPrimitive.sol":{"l":{},"path":"/home/leonhard/Projects/VotingRegistry/VotingRegistryContracts/voting/extensions/primitives/TokenPrimitive.sol","s":{},"b":{},"f":{},"fnMap":{},"statementMap":{},"branchMap":{}},"voting/implementations/registration/RegistrarAndResolver.sol":{"l":{"38":42,"39":42,"40":42,"50":1,"59":2,"69":5,"74":9,"75":2,"77":7},"path":"/home/leonhard/Projects/VotingRegistry/VotingRegistryContracts/voting/implementations/registration/RegistrarAndResolver.sol","s":{"1":42,"2":42,"3":42,"4":1,"5":2,"6":5,"7":9},"b":{"1":[2,7]},"f":{"1":42,"2":1,"3":2,"4":5,"5":9},"fnMap":{"1":{"name":"constructor","line":37,"loc":{"start":{"line":29,"column":4},"end":{"line":43,"column":4}}},"2":{"name":"deployAndRegister","line":46,"loc":{"start":{"line":46,"column":4},"end":{"line":51,"column":4}}},"3":{"name":"setInformation","line":56,"loc":{"start":{"line":54,"column":4},"end":{"line":60,"column":4}}},"4":{"name":"changeRegistrarControlledKeys","line":65,"loc":{"start":{"line":63,"column":4},"end":{"line":70,"column":4}}},"5":{"name":"OnlyByVote","line":73,"loc":{"start":{"line":73,"column":4},"end":{"line":78,"column":4}}}},"statementMap":{"1":{"start":{"line":38,"column":8},"end":{"line":38,"column":114}},"2":{"start":{"line":39,"column":8},"end":{"line":39,"column":110}},"3":{"start":{"line":40,"column":8},"end":{"line":40,"column":1185}},"4":{"start":{"line":50,"column":8},"end":{"line":50,"column":77}},"5":{"start":{"line":59,"column":8},"end":{"line":59,"column":59}},"6":{"start":{"line":69,"column":8},"end":{"line":69,"column":65}},"7":{"start":{"line":74,"column":8},"end":{"line":74,"column":2107}}},"branchMap":{"1":{"line":74,"type":"if","locations":[{"start":{"line":74,"column":8},"end":{"line":74,"column":8}},{"start":{"line":74,"column":8},"end":{"line":74,"column":8}}]}}},"voting/implementations/registration/Registrars.sol":{"l":{"22":1,"24":1,"25":1,"38":0},"path":"/home/leonhard/Projects/VotingRegistry/VotingRegistryContracts/voting/implementations/registration/Registrars.sol","s":{"1":1,"2":1,"3":1,"4":0},"b":{},"f":{"1":0,"2":42,"3":1,"4":0,"5":0},"fnMap":{"1":{"name":"constructor","line":11,"loc":{"start":{"line":10,"column":4},"end":{"line":11,"column":50}}},"2":{"name":"constructor","line":16,"loc":{"start":{"line":15,"column":4},"end":{"line":16,"column":50}}},"3":{"name":"_deployAndRegister","line":18,"loc":{"start":{"line":18,"column":4},"end":{"line":26,"column":4}}},"4":{"name":"constructor","line":32,"loc":{"start":{"line":31,"column":4},"end":{"line":32,"column":62}}},"5":{"name":"deployAndRegister","line":34,"loc":{"start":{"line":34,"column":4},"end":{"line":39,"column":4}}}},"statementMap":{"1":{"start":{"line":22,"column":8},"end":{"line":22,"column":46}},"2":{"start":{"line":24,"column":8},"end":{"line":24,"column":42}},"3":{"start":{"line":25,"column":8},"end":{"line":25,"column":49}},"4":{"start":{"line":38,"column":8},"end":{"line":38,"column":68}}},"branchMap":{}},"voting/implementations/registration/Resolver.sol":{"l":{"34":1,"41":8,"49":3,"57":5,"61":6,"62":6,"63":3,"65":3},"path":"/home/leonhard/Projects/VotingRegistry/VotingRegistryContracts/voting/implementations/registration/Resolver.sol","s":{"1":1,"2":8,"3":3,"4":5,"5":6,"6":6},"b":{"1":[3,3]},"f":{"1":42,"2":1,"3":8,"4":3,"5":5,"6":6},"fnMap":{"1":{"name":"constructor","line":28,"loc":{"start":{"line":28,"column":4},"end":{"line":28,"column":43}}},"2":{"name":"getInformation","line":30,"loc":{"start":{"line":30,"column":4},"end":{"line":35,"column":4}}},"3":{"name":"getInformation","line":37,"loc":{"start":{"line":37,"column":4},"end":{"line":42,"column":4}}},"4":{"name":"setInformation","line":47,"loc":{"start":{"line":44,"column":4},"end":{"line":50,"column":4}}},"5":{"name":"changeRegistrarControlledKeys","line":55,"loc":{"start":{"line":52,"column":4},"end":{"line":58,"column":4}}},"6":{"name":"OnlyAuthorized","line":60,"loc":{"start":{"line":60,"column":4},"end":{"line":66,"column":4}}}},"statementMap":{"1":{"start":{"line":34,"column":8},"end":{"line":34,"column":73}},"2":{"start":{"line":41,"column":8},"end":{"line":41,"column":43}},"3":{"start":{"line":49,"column":8},"end":{"line":49,"column":44}},"4":{"start":{"line":57,"column":8},"end":{"line":57,"column":42}},"5":{"start":{"line":61,"column":8},"end":{"line":61,"column":111}},"6":{"start":{"line":62,"column":8},"end":{"line":62,"column":1791}}},"branchMap":{"1":{"line":62,"type":"if","locations":[{"start":{"line":62,"column":8},"end":{"line":62,"column":8}},{"start":{"line":62,"column":8},"end":{"line":62,"column":8}}]}}},"voting/implementations/votingContracts/OnlyStartAndVote/SimpleSnapshotWithoutToken.sol":{"l":{"38":14,"41":14,"53":15,"54":1,"58":14,"59":2,"60":2,"63":12,"64":1,"67":11,"69":11,"70":11,"72":11,"78":2,"82":6,"83":1,"85":5,"86":1,"89":4,"93":6,"100":19},"path":"/home/leonhard/Projects/VotingRegistry/VotingRegistryContracts/voting/implementations/votingContracts/OnlyStartAndVote/SimpleSnapshotWithoutToken.sol","s":{"1":14,"2":14,"3":15,"4":14,"5":2,"6":2,"7":12,"8":11,"9":11,"10":11,"11":11,"12":2,"13":6,"14":5,"15":4,"16":6,"17":19},"b":{"1":[1,14],"2":[2,12],"3":[1,11],"4":[1,5],"5":[1,4]},"f":{"1":14,"2":15,"3":2,"4":6,"5":6,"6":19},"fnMap":{"1":{"name":"_start","line":32,"loc":{"start":{"line":32,"column":4},"end":{"line":42,"column":4}}},"2":{"name":"vote","line":46,"loc":{"start":{"line":46,"column":4},"end":{"line":74,"column":4}}},"3":{"name":"result","line":77,"loc":{"start":{"line":77,"column":4},"end":{"line":79,"column":4}}},"4":{"name":"conclude","line":81,"loc":{"start":{"line":81,"column":4},"end":{"line":90,"column":4}}},"5":{"name":"_setStatus","line":92,"loc":{"start":{"line":92,"column":4},"end":{"line":96,"column":4}}},"6":{"name":"_checkCondition","line":99,"loc":{"start":{"line":99,"column":4},"end":{"line":101,"column":4}}}},"statementMap":{"1":{"start":{"line":38,"column":8},"end":{"line":38,"column":73}},"2":{"start":{"line":41,"column":8},"end":{"line":41,"column":57}},"3":{"start":{"line":53,"column":8},"end":{"line":53,"column":1851}},"4":{"start":{"line":58,"column":8},"end":{"line":58,"column":2114}},"5":{"start":{"line":59,"column":12},"end":{"line":59,"column":33}},"6":{"start":{"line":60,"column":12},"end":{"line":60,"column":38}},"7":{"start":{"line":63,"column":8},"end":{"line":63,"column":2246}},"8":{"start":{"line":67,"column":8},"end":{"line":67,"column":66}},"9":{"start":{"line":69,"column":8},"end":{"line":69,"column":53}},"10":{"start":{"line":70,"column":8},"end":{"line":70,"column":77}},"11":{"start":{"line":72,"column":8},"end":{"line":72,"column":34}},"12":{"start":{"line":78,"column":8},"end":{"line":78,"column":63}},"13":{"start":{"line":82,"column":8},"end":{"line":82,"column":2973}},"14":{"start":{"line":85,"column":8},"end":{"line":85,"column":3128}},"15":{"start":{"line":89,"column":8},"end":{"line":89,"column":29}},"16":{"start":{"line":93,"column":8},"end":{"line":93,"column":3420}},"17":{"start":{"line":100,"column":8},"end":{"line":100,"column":58}}},"branchMap":{"1":{"line":53,"type":"if","locations":[{"start":{"line":53,"column":8},"end":{"line":53,"column":8}},{"start":{"line":53,"column":8},"end":{"line":53,"column":8}}]},"2":{"line":58,"type":"if","locations":[{"start":{"line":58,"column":8},"end":{"line":58,"column":8}},{"start":{"line":58,"column":8},"end":{"line":58,"column":8}}]},"3":{"line":63,"type":"if","locations":[{"start":{"line":63,"column":8},"end":{"line":63,"column":8}},{"start":{"line":63,"column":8},"end":{"line":63,"column":8}}]},"4":{"line":82,"type":"if","locations":[{"start":{"line":82,"column":8},"end":{"line":82,"column":8}},{"start":{"line":82,"column":8},"end":{"line":82,"column":8}}]},"5":{"line":85,"type":"if","locations":[{"start":{"line":85,"column":8},"end":{"line":85,"column":8}},{"start":{"line":85,"column":8},"end":{"line":85,"column":8}}]}}},"voting/implementations/votingContracts/OnlyStartAndVote/YesNoAbstainSnapshotWithToken.sol":{"l":{"45":0,"47":0,"48":0,"60":0,"61":0,"65":0,"66":0,"67":0,"70":0,"71":0,"73":0,"74":0,"78":0,"79":0,"80":0,"81":0,"83":0,"89":0,"93":0,"94":0,"96":0,"97":0,"100":0,"108":0,"117":0,"121":0,"122":0,"129":0},"path":"/home/leonhard/Projects/VotingRegistry/VotingRegistryContracts/voting/implementations/votingContracts/OnlyStartAndVote/YesNoAbstainSnapshotWithToken.sol","s":{"1":0,"2":0,"3":0,"4":0,"5":0,"6":0,"7":0,"8":0,"9":0,"10":0,"11":0,"12":0,"13":0,"14":0,"15":0,"16":0,"17":0,"18":0,"19":0,"20":0,"21":0,"22":0,"23":0,"24":0},"b":{"1":[0,0],"2":[0,0],"3":[0,0],"4":[0,0],"5":[0,0],"6":[0,0]},"f":{"1":0,"2":0,"3":0,"4":0,"5":0,"6":0,"7":0,"8":0},"fnMap":{"1":{"name":"_start","line":39,"loc":{"start":{"line":39,"column":4},"end":{"line":49,"column":4}}},"2":{"name":"vote","line":53,"loc":{"start":{"line":53,"column":4},"end":{"line":85,"column":4}}},"3":{"name":"result","line":88,"loc":{"start":{"line":88,"column":4},"end":{"line":90,"column":4}}},"4":{"name":"conclude","line":92,"loc":{"start":{"line":92,"column":4},"end":{"line":101,"column":4}}},"5":{"name":"decodeParameters","line":104,"loc":{"start":{"line":104,"column":4},"end":{"line":109,"column":4}}},"6":{"name":"encodeParameters","line":112,"loc":{"start":{"line":112,"column":4},"end":{"line":118,"column":4}}},"7":{"name":"_setStatus","line":120,"loc":{"start":{"line":120,"column":4},"end":{"line":125,"column":4}}},"8":{"name":"_checkCondition","line":128,"loc":{"start":{"line":128,"column":4},"end":{"line":130,"column":4}}}},"statementMap":{"1":{"start":{"line":45,"column":8},"end":{"line":45,"column":73}},"2":{"start":{"line":47,"column":8},"end":{"line":47,"column":98}},"3":{"start":{"line":48,"column":8},"end":{"line":48,"column":57}},"4":{"start":{"line":60,"column":8},"end":{"line":60,"column":2176}},"5":{"start":{"line":65,"column":8},"end":{"line":65,"column":2439}},"6":{"start":{"line":66,"column":12},"end":{"line":66,"column":33}},"7":{"start":{"line":67,"column":12},"end":{"line":67,"column":38}},"8":{"start":{"line":70,"column":8},"end":{"line":70,"column":2571}},"9":{"start":{"line":73,"column":8},"end":{"line":73,"column":2719}},"10":{"start":{"line":74,"column":12},"end":{"line":74,"column":70}},"11":{"start":{"line":78,"column":8},"end":{"line":78,"column":58}},"12":{"start":{"line":79,"column":8},"end":{"line":79,"column":73}},"13":{"start":{"line":80,"column":8},"end":{"line":80,"column":109}},"14":{"start":{"line":81,"column":8},"end":{"line":81,"column":69}},"15":{"start":{"line":83,"column":8},"end":{"line":83,"column":34}},"16":{"start":{"line":89,"column":8},"end":{"line":89,"column":69}},"17":{"start":{"line":93,"column":8},"end":{"line":93,"column":3552}},"18":{"start":{"line":96,"column":8},"end":{"line":96,"column":3707}},"19":{"start":{"line":100,"column":8},"end":{"line":100,"column":29}},"20":{"start":{"line":108,"column":8},"end":{"line":108,"column":83}},"21":{"start":{"line":117,"column":8},"end":{"line":117,"column":64}},"22":{"start":{"line":121,"column":8},"end":{"line":121,"column":76}},"23":{"start":{"line":122,"column":8},"end":{"line":122,"column":4763}},"24":{"start":{"line":129,"column":8},"end":{"line":129,"column":58}}},"branchMap":{"1":{"line":60,"type":"if","locations":[{"start":{"line":60,"column":8},"end":{"line":60,"column":8}},{"start":{"line":60,"column":8},"end":{"line":60,"column":8}}]},"2":{"line":65,"type":"if","locations":[{"start":{"line":65,"column":8},"end":{"line":65,"column":8}},{"start":{"line":65,"column":8},"end":{"line":65,"column":8}}]},"3":{"line":70,"type":"if","locations":[{"start":{"line":70,"column":8},"end":{"line":70,"column":8}},{"start":{"line":70,"column":8},"end":{"line":70,"column":8}}]},"4":{"line":73,"type":"if","locations":[{"start":{"line":73,"column":8},"end":{"line":73,"column":8}},{"start":{"line":73,"column":8},"end":{"line":73,"column":8}}]},"5":{"line":93,"type":"if","locations":[{"start":{"line":93,"column":8},"end":{"line":93,"column":8}},{"start":{"line":93,"column":8},"end":{"line":93,"column":8}}]},"6":{"line":96,"type":"if","locations":[{"start":{"line":96,"column":8},"end":{"line":96,"column":8}},{"start":{"line":96,"column":8},"end":{"line":96,"column":8}}]}}},"voting/implementations/votingContracts/SimpleMajorityVote/MajorityVoteWithNFTQuorumAndOptionalDVGuard.sol":{"l":{"56":7,"58":7,"59":7,"60":7,"61":7,"62":7,"64":7,"71":7,"72":7,"73":7,"74":7,"75":7,"77":7,"80":7,"94":7,"114":0,"131":7,"132":0,"135":7,"136":0,"137":0,"140":7,"141":0,"143":7,"144":7,"148":7,"149":7,"150":7,"151":7,"153":7,"159":0,"163":7,"164":7,"165":7,"169":7,"170":7,"171":7,"176":0,"183":14,"187":7,"188":0,"195":1,"196":1,"200":0,"201":0,"214":6,"215":0,"217":6,"218":6},"path":"/home/leonhard/Projects/VotingRegistry/VotingRegistryContracts/voting/implementations/votingContracts/SimpleMajorityVote/MajorityVoteWithNFTQuorumAndOptionalDVGuard.sol","s":{"1":7,"2":7,"3":7,"4":7,"5":7,"6":7,"7":7,"8":7,"9":7,"10":7,"11":7,"12":7,"13":7,"14":7,"15":7,"16":0,"17":7,"18":7,"19":0,"20":0,"21":7,"22":7,"23":7,"24":7,"25":7,"26":7,"27":7,"28":7,"29":0,"30":7,"31":7,"32":7,"33":7,"34":7,"35":7,"36":0,"37":14,"38":7,"39":1,"40":0,"41":0,"42":6,"43":6,"44":6},"b":{"1":[0,7],"2":[0,7],"3":[0,7],"4":[7,0],"5":[0,7],"6":[1,0],"7":[0,6]},"f":{"1":7,"2":7,"3":0,"4":7,"5":0,"6":7,"7":7,"8":0,"9":14,"10":7,"11":1,"12":6},"fnMap":{"1":{"name":"_start","line":50,"loc":{"start":{"line":50,"column":4},"end":{"line":81,"column":4}}},"2":{"name":"decodeParameters","line":84,"loc":{"start":{"line":84,"column":4},"end":{"line":101,"column":4}}},"3":{"name":"encodeParameters","line":104,"loc":{"start":{"line":104,"column":4},"end":{"line":120,"column":4}}},"4":{"name":"vote","line":126,"loc":{"start":{"line":126,"column":4},"end":{"line":154,"column":4}}},"5":{"name":"result","line":158,"loc":{"start":{"line":158,"column":4},"end":{"line":160,"column":4}}},"6":{"name":"_implementingPermitted","line":162,"loc":{"start":{"line":162,"column":4},"end":{"line":166,"column":4}}},"7":{"name":"_outcomeSuccessful","line":168,"loc":{"start":{"line":168,"column":4},"end":{"line":172,"column":4}}},"8":{"name":"_setStatus","line":175,"loc":{"start":{"line":175,"column":4},"end":{"line":179,"column":4}}},"9":{"name":"_checkCondition","line":182,"loc":{"start":{"line":182,"column":4},"end":{"line":184,"column":4}}},"10":{"name":"_requireValidCallbackData","line":186,"loc":{"start":{"line":186,"column":4},"end":{"line":190,"column":4}}},"11":{"name":"_handleFailedImplementation","line":192,"loc":{"start":{"line":192,"column":4},"end":{"line":203,"column":4}}},"12":{"name":"_handleNotFailedImplementation","line":206,"loc":{"start":{"line":206,"column":4},"end":{"line":221,"column":4}}}},"statementMap":{"1":{"start":{"line":56,"column":8},"end":{"line":56,"column":73}},"2":{"start":{"line":58,"column":8},"end":{"line":58,"column":28}},"3":{"start":{"line":59,"column":8},"end":{"line":59,"column":24}},"4":{"start":{"line":60,"column":8},"end":{"line":60,"column":31}},"5":{"start":{"line":61,"column":8},"end":{"line":61,"column":30}},"6":{"start":{"line":62,"column":8},"end":{"line":62,"column":36}},"7":{"start":{"line":64,"column":8},"end":{"line":64,"column":2473}},"8":{"start":{"line":71,"column":8},"end":{"line":71,"column":39}},"9":{"start":{"line":72,"column":8},"end":{"line":72,"column":40}},"10":{"start":{"line":73,"column":8},"end":{"line":73,"column":57}},"11":{"start":{"line":74,"column":8},"end":{"line":74,"column":69}},"12":{"start":{"line":75,"column":8},"end":{"line":75,"column":44}},"13":{"start":{"line":77,"column":8},"end":{"line":77,"column":50}},"14":{"start":{"line":80,"column":8},"end":{"line":80,"column":54}},"15":{"start":{"line":94,"column":8},"end":{"line":94,"column":3477}},"16":{"start":{"line":114,"column":8},"end":{"line":114,"column":4046}},"17":{"start":{"line":131,"column":8},"end":{"line":131,"column":4391}},"18":{"start":{"line":135,"column":8},"end":{"line":135,"column":4645}},"19":{"start":{"line":136,"column":12},"end":{"line":136,"column":33}},"20":{"start":{"line":137,"column":12},"end":{"line":137,"column":38}},"21":{"start":{"line":140,"column":8},"end":{"line":140,"column":4784}},"22":{"start":{"line":143,"column":8},"end":{"line":143,"column":4932}},"23":{"start":{"line":144,"column":12},"end":{"line":144,"column":70}},"24":{"start":{"line":148,"column":8},"end":{"line":148,"column":58}},"25":{"start":{"line":149,"column":8},"end":{"line":149,"column":74}},"26":{"start":{"line":150,"column":8},"end":{"line":150,"column":109}},"27":{"start":{"line":151,"column":8},"end":{"line":151,"column":69}},"28":{"start":{"line":153,"column":8},"end":{"line":153,"column":34}},"29":{"start":{"line":159,"column":8},"end":{"line":159,"column":69}},"30":{"start":{"line":163,"column":8},"end":{"line":163,"column":105}},"31":{"start":{"line":164,"column":8},"end":{"line":164,"column":136}},"32":{"start":{"line":165,"column":8},"end":{"line":165,"column":82}},"33":{"start":{"line":169,"column":8},"end":{"line":169,"column":76}},"34":{"start":{"line":170,"column":8},"end":{"line":170,"column":82}},"35":{"start":{"line":171,"column":8},"end":{"line":171,"column":51}},"36":{"start":{"line":176,"column":8},"end":{"line":176,"column":6593}},"37":{"start":{"line":183,"column":8},"end":{"line":183,"column":58}},"38":{"start":{"line":187,"column":8},"end":{"line":187,"column":7156}},"39":{"start":{"line":195,"column":8},"end":{"line":195,"column":7505}},"40":{"start":{"line":200,"column":12},"end":{"line":200,"column":72}},"41":{"start":{"line":201,"column":12},"end":{"line":201,"column":51}},"42":{"start":{"line":214,"column":8},"end":{"line":214,"column":8348}},"43":{"start":{"line":217,"column":12},"end":{"line":217,"column":64}},"44":{"start":{"line":218,"column":12},"end":{"line":218,"column":69}}},"branchMap":{"1":{"line":131,"type":"if","locations":[{"start":{"line":131,"column":8},"end":{"line":131,"column":8}},{"start":{"line":131,"column":8},"end":{"line":131,"column":8}}]},"2":{"line":135,"type":"if","locations":[{"start":{"line":135,"column":8},"end":{"line":135,"column":8}},{"start":{"line":135,"column":8},"end":{"line":135,"column":8}}]},"3":{"line":140,"type":"if","locations":[{"start":{"line":140,"column":8},"end":{"line":140,"column":8}},{"start":{"line":140,"column":8},"end":{"line":140,"column":8}}]},"4":{"line":143,"type":"if","locations":[{"start":{"line":143,"column":8},"end":{"line":143,"column":8}},{"start":{"line":143,"column":8},"end":{"line":143,"column":8}}]},"5":{"line":187,"type":"if","locations":[{"start":{"line":187,"column":8},"end":{"line":187,"column":8}},{"start":{"line":187,"column":8},"end":{"line":187,"column":8}}]},"6":{"line":195,"type":"if","locations":[{"start":{"line":195,"column":8},"end":{"line":195,"column":8}},{"start":{"line":195,"column":8},"end":{"line":195,"column":8}}]},"7":{"line":214,"type":"if","locations":[{"start":{"line":214,"column":8},"end":{"line":214,"column":8}},{"start":{"line":214,"column":8},"end":{"line":214,"column":8}}]}}},"voting/implementations/votingContracts/SimpleMajorityVote/MajorityVoteWithTokenQuorumAndOptionalDVGuard.sol":{"l":{"57":56,"59":56,"60":56,"61":56,"62":56,"63":56,"65":56,"72":55,"73":0,"76":55,"77":55,"78":55,"79":55,"80":55,"82":55,"85":55,"100":57,"120":1,"137":68,"138":4,"141":64,"142":6,"143":6,"146":58,"147":1,"149":57,"150":55,"154":57,"155":57,"156":57,"157":57,"159":57,"165":4,"169":17,"170":17,"171":17,"175":20,"176":20,"177":20,"182":6,"189":81,"193":13,"194":1,"201":4,"202":2,"206":2,"207":2,"220":8,"221":1,"223":7,"224":7},"path":"/home/leonhard/Projects/VotingRegistry/VotingRegistryContracts/voting/implementations/votingContracts/SimpleMajorityVote/MajorityVoteWithTokenQuorumAndOptionalDVGuard.sol","s":{"1":56,"2":56,"3":56,"4":56,"5":56,"6":56,"7":56,"8":55,"9":55,"10":55,"11":55,"12":55,"13":55,"14":55,"15":55,"16":57,"17":1,"18":68,"19":64,"20":6,"21":6,"22":58,"23":57,"24":55,"25":57,"26":57,"27":57,"28":57,"29":57,"30":4,"31":17,"32":17,"33":17,"34":20,"35":20,"36":20,"37":6,"38":81,"39":13,"40":4,"41":2,"42":2,"43":8,"44":7,"45":7},"b":{"1":[0,55],"2":[4,64],"3":[6,58],"4":[1,57],"5":[55,2],"6":[1,12],"7":[2,2],"8":[1,7]},"f":{"1":56,"2":57,"3":1,"4":68,"5":4,"6":17,"7":20,"8":6,"9":81,"10":13,"11":4,"12":8},"fnMap":{"1":{"name":"_start","line":51,"loc":{"start":{"line":51,"column":4},"end":{"line":86,"column":4}}},"2":{"name":"decodeParameters","line":90,"loc":{"start":{"line":90,"column":4},"end":{"line":107,"column":4}}},"3":{"name":"encodeParameters","line":110,"loc":{"start":{"line":110,"column":4},"end":{"line":126,"column":4}}},"4":{"name":"vote","line":132,"loc":{"start":{"line":132,"column":4},"end":{"line":160,"column":4}}},"5":{"name":"result","line":164,"loc":{"start":{"line":164,"column":4},"end":{"line":166,"column":4}}},"6":{"name":"_implementingPermitted","line":168,"loc":{"start":{"line":168,"column":4},"end":{"line":172,"column":4}}},"7":{"name":"_outcomeSuccessful","line":174,"loc":{"start":{"line":174,"column":4},"end":{"line":178,"column":4}}},"8":{"name":"_setStatus","line":181,"loc":{"start":{"line":181,"column":4},"end":{"line":185,"column":4}}},"9":{"name":"_checkCondition","line":188,"loc":{"start":{"line":188,"column":4},"end":{"line":190,"column":4}}},"10":{"name":"_requireValidCallbackData","line":192,"loc":{"start":{"line":192,"column":4},"end":{"line":196,"column":4}}},"11":{"name":"_handleFailedImplementation","line":198,"loc":{"start":{"line":198,"column":4},"end":{"line":209,"column":4}}},"12":{"name":"_handleNotFailedImplementation","line":212,"loc":{"start":{"line":212,"column":4},"end":{"line":227,"column":4}}}},"statementMap":{"1":{"start":{"line":57,"column":8},"end":{"line":57,"column":73}},"2":{"start":{"line":59,"column":8},"end":{"line":59,"column":28}},"3":{"start":{"line":60,"column":8},"end":{"line":60,"column":24}},"4":{"start":{"line":61,"column":8},"end":{"line":61,"column":22}},"5":{"start":{"line":62,"column":8},"end":{"line":62,"column":30}},"6":{"start":{"line":63,"column":8},"end":{"line":63,"column":36}},"7":{"start":{"line":65,"column":8},"end":{"line":65,"column":2501}},"8":{"start":{"line":72,"column":8},"end":{"line":72,"column":2643}},"9":{"start":{"line":76,"column":8},"end":{"line":76,"column":39}},"10":{"start":{"line":77,"column":8},"end":{"line":77,"column":40}},"11":{"start":{"line":78,"column":8},"end":{"line":78,"column":57}},"12":{"start":{"line":79,"column":8},"end":{"line":79,"column":69}},"13":{"start":{"line":80,"column":8},"end":{"line":80,"column":35}},"14":{"start":{"line":82,"column":8},"end":{"line":82,"column":50}},"15":{"start":{"line":85,"column":8},"end":{"line":85,"column":54}},"16":{"start":{"line":100,"column":8},"end":{"line":100,"column":3582}},"17":{"start":{"line":120,"column":8},"end":{"line":120,"column":4177}},"18":{"start":{"line":137,"column":8},"end":{"line":137,"column":4535}},"19":{"start":{"line":141,"column":8},"end":{"line":141,"column":4789}},"20":{"start":{"line":142,"column":12},"end":{"line":142,"column":33}},"21":{"start":{"line":143,"column":12},"end":{"line":143,"column":38}},"22":{"start":{"line":146,"column":8},"end":{"line":146,"column":4928}},"23":{"start":{"line":149,"column":8},"end":{"line":149,"column":5076}},"24":{"start":{"line":150,"column":12},"end":{"line":150,"column":70}},"25":{"start":{"line":154,"column":8},"end":{"line":154,"column":58}},"26":{"start":{"line":155,"column":8},"end":{"line":155,"column":73}},"27":{"start":{"line":156,"column":8},"end":{"line":156,"column":109}},"28":{"start":{"line":157,"column":8},"end":{"line":157,"column":69}},"29":{"start":{"line":159,"column":8},"end":{"line":159,"column":34}},"30":{"start":{"line":165,"column":8},"end":{"line":165,"column":69}},"31":{"start":{"line":169,"column":8},"end":{"line":169,"column":105}},"32":{"start":{"line":170,"column":8},"end":{"line":170,"column":136}},"33":{"start":{"line":171,"column":8},"end":{"line":171,"column":82}},"34":{"start":{"line":175,"column":8},"end":{"line":175,"column":76}},"35":{"start":{"line":176,"column":8},"end":{"line":176,"column":124}},"36":{"start":{"line":177,"column":8},"end":{"line":177,"column":42}},"37":{"start":{"line":182,"column":8},"end":{"line":182,"column":6769}},"38":{"start":{"line":189,"column":8},"end":{"line":189,"column":58}},"39":{"start":{"line":193,"column":8},"end":{"line":193,"column":7332}},"40":{"start":{"line":201,"column":8},"end":{"line":201,"column":7681}},"41":{"start":{"line":206,"column":12},"end":{"line":206,"column":72}},"42":{"start":{"line":207,"column":12},"end":{"line":207,"column":51}},"43":{"start":{"line":220,"column":8},"end":{"line":220,"column":8524}},"44":{"start":{"line":223,"column":12},"end":{"line":223,"column":64}},"45":{"start":{"line":224,"column":12},"end":{"line":224,"column":69}}},"branchMap":{"1":{"line":72,"type":"if","locations":[{"start":{"line":72,"column":8},"end":{"line":72,"column":8}},{"start":{"line":72,"column":8},"end":{"line":72,"column":8}}]},"2":{"line":137,"type":"if","locations":[{"start":{"line":137,"column":8},"end":{"line":137,"column":8}},{"start":{"line":137,"column":8},"end":{"line":137,"column":8}}]},"3":{"line":141,"type":"if","locations":[{"start":{"line":141,"column":8},"end":{"line":141,"column":8}},{"start":{"line":141,"column":8},"end":{"line":141,"column":8}}]},"4":{"line":146,"type":"if","locations":[{"start":{"line":146,"column":8},"end":{"line":146,"column":8}},{"start":{"line":146,"column":8},"end":{"line":146,"column":8}}]},"5":{"line":149,"type":"if","locations":[{"start":{"line":149,"column":8},"end":{"line":149,"column":8}},{"start":{"line":149,"column":8},"end":{"line":149,"column":8}}]},"6":{"line":193,"type":"if","locations":[{"start":{"line":193,"column":8},"end":{"line":193,"column":8}},{"start":{"line":193,"column":8},"end":{"line":193,"column":8}}]},"7":{"line":201,"type":"if","locations":[{"start":{"line":201,"column":8},"end":{"line":201,"column":8}},{"start":{"line":201,"column":8},"end":{"line":201,"column":8}}]},"8":{"line":220,"type":"if","locations":[{"start":{"line":220,"column":8},"end":{"line":220,"column":8}},{"start":{"line":220,"column":8},"end":{"line":220,"column":8}}]}}},"voting/implementations/votingContracts/SimpleMajorityVote/PlainMajorityVote.sol":{"l":{"57":86,"59":86,"60":67,"63":67,"69":87,"74":1,"86":64,"87":3,"90":61,"91":5,"92":5,"95":56,"96":1,"99":55,"101":55,"102":55,"104":55,"110":2,"114":21,"115":21,"116":21,"121":5,"128":82,"132":17,"133":1,"140":4,"141":2,"145":2,"146":2,"159":12,"160":1,"162":11,"163":11},"path":"/home/leonhard/Projects/VotingRegistry/VotingRegistryContracts/voting/implementations/votingContracts/SimpleMajorityVote/PlainMajorityVote.sol","s":{"1":86,"2":86,"3":67,"4":67,"5":87,"6":1,"7":64,"8":61,"9":5,"10":5,"11":56,"12":55,"13":55,"14":55,"15":55,"16":2,"17":21,"18":21,"19":21,"20":5,"21":82,"22":17,"23":4,"24":2,"25":2,"26":12,"27":11,"28":11},"b":{"1":[3,61],"2":[5,56],"3":[1,55],"4":[1,16],"5":[2,2],"6":[1,11]},"f":{"1":86,"2":87,"3":1,"4":64,"5":2,"6":21,"7":5,"8":82,"9":17,"10":4,"11":12},"fnMap":{"1":{"name":"_start","line":51,"loc":{"start":{"line":51,"column":4},"end":{"line":64,"column":4}}},"2":{"name":"decodeParameters","line":68,"loc":{"start":{"line":68,"column":4},"end":{"line":70,"column":4}}},"3":{"name":"encodeParameters","line":73,"loc":{"start":{"line":73,"column":4},"end":{"line":75,"column":4}}},"4":{"name":"vote","line":81,"loc":{"start":{"line":81,"column":4},"end":{"line":105,"column":4}}},"5":{"name":"result","line":109,"loc":{"start":{"line":109,"column":4},"end":{"line":111,"column":4}}},"6":{"name":"_implementingPermitted","line":113,"loc":{"start":{"line":113,"column":4},"end":{"line":117,"column":4}}},"7":{"name":"_setStatus","line":120,"loc":{"start":{"line":120,"column":4},"end":{"line":124,"column":4}}},"8":{"name":"_checkCondition","line":127,"loc":{"start":{"line":127,"column":4},"end":{"line":129,"column":4}}},"9":{"name":"_requireValidCallbackData","line":131,"loc":{"start":{"line":131,"column":4},"end":{"line":135,"column":4}}},"10":{"name":"_handleFailedImplementation","line":137,"loc":{"start":{"line":137,"column":4},"end":{"line":148,"column":4}}},"11":{"name":"_handleNotFailedImplementation","line":151,"loc":{"start":{"line":151,"column":4},"end":{"line":166,"column":4}}}},"statementMap":{"1":{"start":{"line":57,"column":8},"end":{"line":57,"column":73}},"2":{"start":{"line":59,"column":8},"end":{"line":59,"column":93}},"3":{"start":{"line":60,"column":8},"end":{"line":60,"column":57}},"4":{"start":{"line":63,"column":8},"end":{"line":63,"column":54}},"5":{"start":{"line":69,"column":8},"end":{"line":69,"column":78}},"6":{"start":{"line":74,"column":8},"end":{"line":74,"column":59}},"7":{"start":{"line":86,"column":8},"end":{"line":86,"column":3992}},"8":{"start":{"line":90,"column":8},"end":{"line":90,"column":4246}},"9":{"start":{"line":91,"column":12},"end":{"line":91,"column":33}},"10":{"start":{"line":92,"column":12},"end":{"line":92,"column":38}},"11":{"start":{"line":95,"column":8},"end":{"line":95,"column":4385}},"12":{"start":{"line":99,"column":8},"end":{"line":99,"column":66}},"13":{"start":{"line":101,"column":8},"end":{"line":101,"column":53}},"14":{"start":{"line":102,"column":8},"end":{"line":102,"column":77}},"15":{"start":{"line":104,"column":8},"end":{"line":104,"column":34}},"16":{"start":{"line":110,"column":8},"end":{"line":110,"column":63}},"17":{"start":{"line":114,"column":8},"end":{"line":114,"column":105}},"18":{"start":{"line":115,"column":8},"end":{"line":115,"column":136}},"19":{"start":{"line":116,"column":8},"end":{"line":116,"column":75}},"20":{"start":{"line":121,"column":8},"end":{"line":121,"column":5613}},"21":{"start":{"line":128,"column":8},"end":{"line":128,"column":58}},"22":{"start":{"line":132,"column":8},"end":{"line":132,"column":6170}},"23":{"start":{"line":140,"column":8},"end":{"line":140,"column":6519}},"24":{"start":{"line":145,"column":12},"end":{"line":145,"column":72}},"25":{"start":{"line":146,"column":12},"end":{"line":146,"column":51}},"26":{"start":{"line":159,"column":8},"end":{"line":159,"column":7362}},"27":{"start":{"line":162,"column":12},"end":{"line":162,"column":64}},"28":{"start":{"line":163,"column":12},"end":{"line":163,"column":69}}},"branchMap":{"1":{"line":86,"type":"if","locations":[{"start":{"line":86,"column":8},"end":{"line":86,"column":8}},{"start":{"line":86,"column":8},"end":{"line":86,"column":8}}]},"2":{"line":90,"type":"if","locations":[{"start":{"line":90,"column":8},"end":{"line":90,"column":8}},{"start":{"line":90,"column":8},"end":{"line":90,"column":8}}]},"3":{"line":95,"type":"if","locations":[{"start":{"line":95,"column":8},"end":{"line":95,"column":8}},{"start":{"line":95,"column":8},"end":{"line":95,"column":8}}]},"4":{"line":132,"type":"if","locations":[{"start":{"line":132,"column":8},"end":{"line":132,"column":8}},{"start":{"line":132,"column":8},"end":{"line":132,"column":8}}]},"5":{"line":140,"type":"if","locations":[{"start":{"line":140,"column":8},"end":{"line":140,"column":8}},{"start":{"line":140,"column":8},"end":{"line":140,"column":8}}]},"6":{"line":159,"type":"if","locations":[{"start":{"line":159,"column":8},"end":{"line":159,"column":8}},{"start":{"line":159,"column":8},"end":{"line":159,"column":8}}]}}},"voting/implementations/votingContracts/Tournament/Tournament.sol":{"l":{"29":33,"33":12,"37":35,"41":47,"45":2,"49":46,"92":32,"95":32,"110":32,"111":1,"113":31,"114":31,"117":31,"120":31,"121":1,"125":30,"128":30,"129":1,"133":29,"138":29,"139":29,"141":82,"142":1,"144":81,"145":81,"147":81,"149":37,"155":28,"160":28,"173":11,"174":11,"175":11,"187":18,"190":18,"191":1,"195":17,"196":17,"198":1,"205":17,"206":17,"208":17,"210":22,"211":22,"212":1,"214":21,"215":21,"217":1,"221":21,"223":21,"224":21,"225":20,"226":20,"227":4,"230":1,"234":21,"237":16,"243":7,"244":7,"245":7,"247":7,"248":7,"256":8,"258":6,"259":1,"261":5,"262":5,"264":6,"268":2,"269":2,"270":2,"277":2,"278":2,"279":4,"280":4,"282":4,"283":2,"286":2,"287":2,"291":2,"292":2,"307":1,"328":1,"333":6,"334":5,"338":1,"339":1,"340":2,"342":1,"353":4,"360":5,"361":1,"367":8,"369":3,"371":5,"373":5,"377":5,"383":21,"390":1,"391":1,"399":3,"400":3},"path":"/home/leonhard/Projects/VotingRegistry/VotingRegistryContracts/voting/implementations/votingContracts/Tournament/Tournament.sol","s":{"1":33,"2":12,"3":35,"4":47,"5":2,"6":46,"7":32,"8":32,"9":32,"10":31,"11":31,"12":31,"13":31,"14":30,"15":30,"16":29,"17":29,"18":29,"19":82,"20":81,"21":81,"22":81,"23":37,"24":28,"25":28,"26":11,"27":11,"28":11,"29":18,"30":18,"31":17,"32":17,"33":1,"34":17,"35":17,"36":17,"37":22,"38":22,"39":21,"40":21,"41":1,"42":21,"43":21,"44":21,"45":20,"46":20,"47":4,"48":1,"49":21,"50":16,"51":7,"52":7,"53":7,"54":7,"55":7,"56":8,"57":6,"58":1,"59":5,"60":5,"61":6,"62":2,"63":2,"64":2,"65":2,"66":2,"67":4,"68":4,"69":4,"70":2,"71":2,"72":2,"73":2,"74":2,"75":1,"76":1,"77":6,"78":5,"79":1,"80":1,"81":2,"82":1,"83":4,"84":5,"85":8,"86":3,"87":5,"88":5,"89":5,"90":21,"91":1,"92":1,"93":3,"94":3},"b":{"1":[1,31],"2":[1,30],"3":[1,29],"4":[1,81],"5":[37,44],"6":[1,17],"7":[1,16],"8":[1,21],"9":[1,20],"10":[20,1],"11":[4,16],"12":[7,0],"13":[6,2],"14":[1,5],"15":[2,2],"16":[5,1],"17":[1,4],"18":[3,5]},"f":{"1":33,"2":12,"3":35,"4":47,"5":2,"6":46,"7":32,"8":11,"9":18,"10":7,"11":8,"12":1,"13":1,"14":6,"15":4,"16":5,"17":8,"18":5,"19":21,"20":1,"21":3},"fnMap":{"1":{"name":"firstBytes2Uint256","line":28,"loc":{"start":{"line":28,"column":4},"end":{"line":30,"column":4}}},"2":{"name":"firstBytes28Uint256","line":32,"loc":{"start":{"line":32,"column":4},"end":{"line":34,"column":4}}},"3":{"name":"firstUint248Uint256","line":36,"loc":{"start":{"line":36,"column":4},"end":{"line":38,"column":4}}},"4":{"name":"lastBytes30toUint256","line":40,"loc":{"start":{"line":40,"column":4},"end":{"line":42,"column":4}}},"5":{"name":"lastBytes4toUint32","line":44,"loc":{"start":{"line":44,"column":4},"end":{"line":46,"column":4}}},"6":{"name":"lastUint8Uint256","line":48,"loc":{"start":{"line":48,"column":4},"end":{"line":50,"column":4}}},"7":{"name":"_start","line":86,"loc":{"start":{"line":86,"column":4},"end":{"line":161,"column":4}}},"8":{"name":"getState","line":168,"loc":{"start":{"line":168,"column":4},"end":{"line":176,"column":4}}},"9":{"name":"vote","line":181,"loc":{"start":{"line":181,"column":4},"end":{"line":239,"column":4}}},"10":{"name":"triggerNextRound","line":242,"loc":{"start":{"line":242,"column":4},"end":{"line":251,"column":4}}},"11":{"name":"_startNextRound","line":254,"loc":{"start":{"line":254,"column":4},"end":{"line":296,"column":4}}},"12":{"name":"decodeParameters","line":299,"loc":{"start":{"line":299,"column":4},"end":{"line":316,"column":4}}},"13":{"name":"encodeParameters","line":319,"loc":{"start":{"line":319,"column":4},"end":{"line":329,"column":4}}},"14":{"name":"result","line":332,"loc":{"start":{"line":332,"column":4},"end":{"line":345,"column":4}}},"15":{"name":"_modifyCallback","line":347,"loc":{"start":{"line":347,"column":4},"end":{"line":357,"column":4}}},"16":{"name":"_requireValidCallbackData","line":359,"loc":{"start":{"line":359,"column":4},"end":{"line":363,"column":4}}},"17":{"name":"_implementingPermitted","line":366,"loc":{"start":{"line":366,"column":4},"end":{"line":374,"column":4}}},"18":{"name":"_checkCondition","line":376,"loc":{"start":{"line":376,"column":4},"end":{"line":378,"column":4}}},"19":{"name":"getStatus","line":380,"loc":{"start":{"line":380,"column":4},"end":{"line":384,"column":4}}},"20":{"name":"_handleFailedImplementation","line":387,"loc":{"start":{"line":387,"column":4},"end":{"line":392,"column":4}}},"21":{"name":"_handleNotFailedImplementation","line":395,"loc":{"start":{"line":395,"column":4},"end":{"line":401,"column":4}}}},"statementMap":{"1":{"start":{"line":29,"column":8},"end":{"line":29,"column":47}},"2":{"start":{"line":33,"column":8},"end":{"line":33,"column":49}},"3":{"start":{"line":37,"column":8},"end":{"line":37,"column":58}},"4":{"start":{"line":41,"column":8},"end":{"line":41,"column":53}},"5":{"start":{"line":45,"column":8},"end":{"line":45,"column":43}},"6":{"start":{"line":49,"column":8},"end":{"line":49,"column":60}},"7":{"start":{"line":92,"column":8},"end":{"line":92,"column":39}},"8":{"start":{"line":95,"column":8},"end":{"line":95,"column":3910}},"9":{"start":{"line":110,"column":8},"end":{"line":110,"column":4285}},"10":{"start":{"line":113,"column":8},"end":{"line":113,"column":47}},"11":{"start":{"line":114,"column":8},"end":{"line":114,"column":33}},"12":{"start":{"line":117,"column":8},"end":{"line":117,"column":44}},"13":{"start":{"line":120,"column":8},"end":{"line":120,"column":4644}},"14":{"start":{"line":125,"column":8},"end":{"line":125,"column":42}},"15":{"start":{"line":128,"column":8},"end":{"line":128,"column":4854}},"16":{"start":{"line":133,"column":8},"end":{"line":133,"column":5065}},"17":{"start":{"line":138,"column":8},"end":{"line":138,"column":56}},"18":{"start":{"line":139,"column":8},"end":{"line":139,"column":5311}},"19":{"start":{"line":141,"column":12},"end":{"line":141,"column":5404}},"20":{"start":{"line":144,"column":12},"end":{"line":144,"column":49}},"21":{"start":{"line":145,"column":12},"end":{"line":145,"column":92}},"22":{"start":{"line":147,"column":12},"end":{"line":147,"column":5771}},"23":{"start":{"line":149,"column":16},"end":{"line":149,"column":68}},"24":{"start":{"line":155,"column":8},"end":{"line":155,"column":6142}},"25":{"start":{"line":160,"column":8},"end":{"line":160,"column":54}},"26":{"start":{"line":173,"column":8},"end":{"line":173,"column":69}},"27":{"start":{"line":174,"column":8},"end":{"line":174,"column":64}},"28":{"start":{"line":175,"column":8},"end":{"line":175,"column":93}},"29":{"start":{"line":187,"column":8},"end":{"line":187,"column":67}},"30":{"start":{"line":190,"column":8},"end":{"line":190,"column":7223}},"31":{"start":{"line":195,"column":8},"end":{"line":195,"column":61}},"32":{"start":{"line":196,"column":8},"end":{"line":196,"column":7486}},"33":{"start":{"line":198,"column":12},"end":{"line":198,"column":7616}},"34":{"start":{"line":205,"column":8},"end":{"line":205,"column":69}},"35":{"start":{"line":206,"column":8},"end":{"line":206,"column":34}},"36":{"start":{"line":208,"column":8},"end":{"line":208,"column":8005}},"37":{"start":{"line":210,"column":12},"end":{"line":210,"column":78}},"38":{"start":{"line":211,"column":12},"end":{"line":211,"column":8189}},"39":{"start":{"line":214,"column":12},"end":{"line":214,"column":73}},"40":{"start":{"line":215,"column":12},"end":{"line":215,"column":8412}},"41":{"start":{"line":217,"column":16},"end":{"line":217,"column":91}},"42":{"start":{"line":221,"column":12},"end":{"line":221,"column":99}},"43":{"start":{"line":223,"column":12},"end":{"line":223,"column":31}},"44":{"start":{"line":224,"column":12},"end":{"line":224,"column":9016}},"45":{"start":{"line":225,"column":16},"end":{"line":225,"column":65}},"46":{"start":{"line":226,"column":16},"end":{"line":226,"column":9115}},"47":{"start":{"line":227,"column":20},"end":{"line":227,"column":67}},"48":{"start":{"line":230,"column":16},"end":{"line":230,"column":57}},"49":{"start":{"line":234,"column":12},"end":{"line":234,"column":54}},"50":{"start":{"line":237,"column":8},"end":{"line":237,"column":25}},"51":{"start":{"line":243,"column":8},"end":{"line":243,"column":61}},"52":{"start":{"line":244,"column":8},"end":{"line":244,"column":67}},"53":{"start":{"line":245,"column":8},"end":{"line":245,"column":85}},"54":{"start":{"line":247,"column":8},"end":{"line":247,"column":9831}},"55":{"start":{"line":248,"column":12},"end":{"line":248,"column":76}},"56":{"start":{"line":256,"column":8},"end":{"line":256,"column":10169}},"57":{"start":{"line":258,"column":12},"end":{"line":258,"column":10304}},"58":{"start":{"line":259,"column":16},"end":{"line":259,"column":91}},"59":{"start":{"line":261,"column":16},"end":{"line":261,"column":94}},"60":{"start":{"line":262,"column":16},"end":{"line":262,"column":99}},"61":{"start":{"line":264,"column":12},"end":{"line":264,"column":25}},"62":{"start":{"line":268,"column":12},"end":{"line":268,"column":95}},"63":{"start":{"line":269,"column":12},"end":{"line":269,"column":37}},"64":{"start":{"line":270,"column":12},"end":{"line":270,"column":10996}},"65":{"start":{"line":277,"column":12},"end":{"line":277,"column":25}},"66":{"start":{"line":278,"column":12},"end":{"line":278,"column":11348}},"67":{"start":{"line":279,"column":16},"end":{"line":279,"column":51}},"68":{"start":{"line":280,"column":16},"end":{"line":280,"column":112}},"69":{"start":{"line":282,"column":16},"end":{"line":282,"column":11598}},"70":{"start":{"line":283,"column":20},"end":{"line":283,"column":59}},"71":{"start":{"line":286,"column":12},"end":{"line":286,"column":11718}},"72":{"start":{"line":287,"column":16},"end":{"line":287,"column":46}},"73":{"start":{"line":291,"column":12},"end":{"line":291,"column":83}},"74":{"start":{"line":292,"column":12},"end":{"line":292,"column":12041}},"75":{"start":{"line":307,"column":8},"end":{"line":307,"column":12548}},"76":{"start":{"line":328,"column":8},"end":{"line":328,"column":84}},"77":{"start":{"line":333,"column":8},"end":{"line":333,"column":13295}},"78":{"start":{"line":334,"column":12},"end":{"line":334,"column":13429}},"79":{"start":{"line":338,"column":12},"end":{"line":338,"column":84}},"80":{"start":{"line":339,"column":12},"end":{"line":339,"column":13623}},"81":{"start":{"line":340,"column":16},"end":{"line":340,"column":97}},"82":{"start":{"line":342,"column":12},"end":{"line":342,"column":63}},"83":{"start":{"line":353,"column":8},"end":{"line":353,"column":14152}},"84":{"start":{"line":360,"column":8},"end":{"line":360,"column":14452}},"85":{"start":{"line":367,"column":8},"end":{"line":367,"column":14737}},"86":{"start":{"line":369,"column":12},"end":{"line":369,"column":23}},"87":{"start":{"line":371,"column":8},"end":{"line":371,"column":145}},"88":{"start":{"line":373,"column":8},"end":{"line":373,"column":112}},"89":{"start":{"line":377,"column":8},"end":{"line":377,"column":91}},"90":{"start":{"line":383,"column":8},"end":{"line":383,"column":53}},"91":{"start":{"line":390,"column":8},"end":{"line":390,"column":68}},"92":{"start":{"line":391,"column":8},"end":{"line":391,"column":47}},"93":{"start":{"line":399,"column":8},"end":{"line":399,"column":60}},"94":{"start":{"line":400,"column":8},"end":{"line":400,"column":65}}},"branchMap":{"1":{"line":110,"type":"if","locations":[{"start":{"line":110,"column":8},"end":{"line":110,"column":8}},{"start":{"line":110,"column":8},"end":{"line":110,"column":8}}]},"2":{"line":120,"type":"if","locations":[{"start":{"line":120,"column":8},"end":{"line":120,"column":8}},{"start":{"line":120,"column":8},"end":{"line":120,"column":8}}]},"3":{"line":128,"type":"if","locations":[{"start":{"line":128,"column":8},"end":{"line":128,"column":8}},{"start":{"line":128,"column":8},"end":{"line":128,"column":8}}]},"4":{"line":141,"type":"if","locations":[{"start":{"line":141,"column":12},"end":{"line":141,"column":12}},{"start":{"line":141,"column":12},"end":{"line":141,"column":12}}]},"5":{"line":147,"type":"if","locations":[{"start":{"line":147,"column":12},"end":{"line":147,"column":12}},{"start":{"line":147,"column":12},"end":{"line":147,"column":12}}]},"6":{"line":190,"type":"if","locations":[{"start":{"line":190,"column":8},"end":{"line":190,"column":8}},{"start":{"line":190,"column":8},"end":{"line":190,"column":8}}]},"7":{"line":196,"type":"if","locations":[{"start":{"line":196,"column":8},"end":{"line":196,"column":8}},{"start":{"line":196,"column":8},"end":{"line":196,"column":8}}]},"8":{"line":211,"type":"if","locations":[{"start":{"line":211,"column":12},"end":{"line":211,"column":12}},{"start":{"line":211,"column":12},"end":{"line":211,"column":12}}]},"9":{"line":215,"type":"if","locations":[{"start":{"line":215,"column":12},"end":{"line":215,"column":12}},{"start":{"line":215,"column":12},"end":{"line":215,"column":12}}]},"10":{"line":224,"type":"if","locations":[{"start":{"line":224,"column":12},"end":{"line":224,"column":12}},{"start":{"line":224,"column":12},"end":{"line":224,"column":12}}]},"11":{"line":226,"type":"if","locations":[{"start":{"line":226,"column":16},"end":{"line":226,"column":16}},{"start":{"line":226,"column":16},"end":{"line":226,"column":16}}]},"12":{"line":247,"type":"if","locations":[{"start":{"line":247,"column":8},"end":{"line":247,"column":8}},{"start":{"line":247,"column":8},"end":{"line":247,"column":8}}]},"13":{"line":256,"type":"if","locations":[{"start":{"line":256,"column":8},"end":{"line":256,"column":8}},{"start":{"line":256,"column":8},"end":{"line":256,"column":8}}]},"14":{"line":258,"type":"if","locations":[{"start":{"line":258,"column":12},"end":{"line":258,"column":12}},{"start":{"line":258,"column":12},"end":{"line":258,"column":12}}]},"15":{"line":282,"type":"if","locations":[{"start":{"line":282,"column":16},"end":{"line":282,"column":16}},{"start":{"line":282,"column":16},"end":{"line":282,"column":16}}]},"16":{"line":333,"type":"if","locations":[{"start":{"line":333,"column":8},"end":{"line":333,"column":8}},{"start":{"line":333,"column":8},"end":{"line":333,"column":8}}]},"17":{"line":360,"type":"if","locations":[{"start":{"line":360,"column":8},"end":{"line":360,"column":8}},{"start":{"line":360,"column":8},"end":{"line":360,"column":8}}]},"18":{"line":367,"type":"if","locations":[{"start":{"line":367,"column":8},"end":{"line":367,"column":8}},{"start":{"line":367,"column":8},"end":{"line":367,"column":8}}]}}},"voting/integration/abstracts/OnlyStart.sol":{"l":{"15":9,"16":8,"17":8,"18":1,"20":7,"21":4,"34":48,"35":47,"36":47,"37":1,"39":46,"51":11,"52":10,"53":10,"54":1,"56":9,"57":9,"58":1,"60":8,"62":6,"80":63,"81":62,"82":1,"84":61,"85":61,"86":1,"88":60,"102":6,"103":5,"104":2,"122":2,"123":1},"path":"/home/leonhard/Projects/VotingRegistry/VotingRegistryContracts/voting/integration/abstracts/OnlyStart.sol","s":{"1":9,"2":8,"3":8,"4":7,"5":4,"6":48,"7":47,"8":47,"9":46,"10":11,"11":10,"12":10,"13":1,"14":9,"15":9,"16":8,"17":6,"18":63,"19":62,"20":1,"21":61,"22":61,"23":60,"24":6,"25":5,"26":2,"27":2,"28":1},"b":{"1":[1,7],"2":[1,46],"3":[1,9],"4":[1,8],"5":[1,61],"6":[1,60]},"f":{"1":9,"2":0,"3":0,"4":48,"5":39,"6":11,"7":0,"8":0,"9":0,"10":63,"11":0,"12":6,"13":0,"14":0,"15":0,"16":2,"17":0},"fnMap":{"1":{"name":"start","line":12,"loc":{"start":{"line":12,"column":4},"end":{"line":22,"column":4}}},"2":{"name":"_beforeStart","line":24,"loc":{"start":{"line":24,"column":4},"end":{"line":24,"column":96}}},"3":{"name":"_afterStart","line":26,"loc":{"start":{"line":26,"column":4},"end":{"line":26,"column":115}}},"4":{"name":"start","line":31,"loc":{"start":{"line":31,"column":4},"end":{"line":40,"column":4}}},"5":{"name":"_beforeStart","line":42,"loc":{"start":{"line":42,"column":4},"end":{"line":42,"column":71}}},"6":{"name":"start","line":48,"loc":{"start":{"line":48,"column":4},"end":{"line":63,"column":4}}},"7":{"name":"_beforeStart","line":65,"loc":{"start":{"line":65,"column":4},"end":{"line":65,"column":96}}},"8":{"name":"_afterStart","line":67,"loc":{"start":{"line":67,"column":4},"end":{"line":67,"column":115}}},"9":{"name":"_getSimpleVotingContract","line":69,"loc":{"start":{"line":69,"column":4},"end":{"line":69,"column":103}}},"10":{"name":"start","line":76,"loc":{"start":{"line":76,"column":4},"end":{"line":90,"column":4}}},"11":{"name":"_beforeStart","line":92,"loc":{"start":{"line":92,"column":4},"end":{"line":92,"column":71}}},"12":{"name":"start","line"
[...]
n":4}}},"3":{"name":"implement","line":43,"loc":{"start":{"line":43,"column":4},"end":{"line":51,"column":4}}},"4":{"name":"_beforeStart","line":53,"loc":{"start":{"line":53,"column":4},"end":{"line":53,"column":71}}},"5":{"name":"_beforeVote","line":55,"loc":{"start":{"line":55,"column":4},"end":{"line":55,"column":63}}},"6":{"name":"start","line":64,"loc":{"start":{"line":64,"column":4},"end":{"line":79,"column":4}}},"7":{"name":"vote","line":82,"loc":{"start":{"line":82,"column":4},"end":{"line":90,"column":4}}},"8":{"name":"implement","line":92,"loc":{"start":{"line":92,"column":4},"end":{"line":103,"column":4}}},"9":{"name":"_beforeStart","line":105,"loc":{"start":{"line":105,"column":4},"end":{"line":105,"column":96}}},"10":{"name":"_afterStart","line":107,"loc":{"start":{"line":107,"column":4},"end":{"line":107,"column":115}}},"11":{"name":"_beforeVote","line":109,"loc":{"start":{"line":109,"column":4},"end":{"line":109,"column":88}}},"12":{"name":"_afterVote","line":111,"loc":{"start":{"line":111,"column":4},"end":{"line":111,"column":103}}},"13":{"name":"_beforeImplement","line":113,"loc":{"start":{"line":113,"column":4},"end":{"line":113,"column":68}}},"14":{"name":"_afterImplementation","line":115,"loc":{"start":{"line":115,"column":4},"end":{"line":115,"column":115}}},"15":{"name":"start","line":128,"loc":{"start":{"line":128,"column":4},"end":{"line":147,"column":4}}},"16":{"name":"vote","line":150,"loc":{"start":{"line":150,"column":4},"end":{"line":157,"column":4}}},"17":{"name":"implement","line":159,"loc":{"start":{"line":159,"column":4},"end":{"line":167,"column":4}}},"18":{"name":"_beforeStart","line":169,"loc":{"start":{"line":169,"column":4},"end":{"line":169,"column":71}}},"19":{"name":"_beforeVote","line":171,"loc":{"start":{"line":171,"column":4},"end":{"line":171,"column":63}}},"20":{"name":"start","line":179,"loc":{"start":{"line":179,"column":4},"end":{"line":199,"column":4}}},"21":{"name":"vote","line":202,"loc":{"start":{"line":202,"column":4},"end":{"line":210,"column":4}}},"22":{"name":"implement","line":212,"loc":{"start":{"line":212,"column":4},"end":{"line":223,"column":4}}},"23":{"name":"_beforeStart","line":225,"loc":{"start":{"line":225,"column":4},"end":{"line":225,"column":96}}},"24":{"name":"_afterStart","line":227,"loc":{"start":{"line":227,"column":4},"end":{"line":227,"column":115}}},"25":{"name":"_getSimpleVotingContract","line":229,"loc":{"start":{"line":229,"column":4},"end":{"line":229,"column":103}}},"26":{"name":"_beforeVote","line":231,"loc":{"start":{"line":231,"column":4},"end":{"line":231,"column":88}}},"27":{"name":"_afterVote","line":233,"loc":{"start":{"line":233,"column":4},"end":{"line":233,"column":103}}},"28":{"name":"_beforeImplement","line":235,"loc":{"start":{"line":235,"column":4},"end":{"line":235,"column":68}}},"29":{"name":"_afterImplementation","line":237,"loc":{"start":{"line":237,"column":4},"end":{"line":237,"column":115}}}},"statementMap":{"1":{"start":{"line":20,"column":8},"end":{"line":20,"column":33}},"2":{"start":{"line":21,"column":8},"end":{"line":21,"column":47}},"3":{"start":{"line":22,"column":8},"end":{"line":22,"column":854}},"4":{"start":{"line":25,"column":8},"end":{"line":25,"column":59}},"5":{"start":{"line":26,"column":8},"end":{"line":26,"column":90}},"6":{"start":{"line":27,"column":8},"end":{"line":27,"column":1166}},"7":{"start":{"line":37,"column":8},"end":{"line":37,"column":30}},"8":{"start":{"line":38,"column":8},"end":{"line":38,"column":1465}},"9":{"start":{"line":47,"column":8},"end":{"line":47,"column":1739}},"10":{"start":{"line":67,"column":8},"end":{"line":67,"column":43}},"11":{"start":{"line":68,"column":8},"end":{"line":68,"column":47}},"12":{"start":{"line":69,"column":8},"end":{"line":69,"column":2398}},"13":{"start":{"line":72,"column":8},"end":{"line":72,"column":59}},"14":{"start":{"line":73,"column":8},"end":{"line":73,"column":90}},"15":{"start":{"line":74,"column":8},"end":{"line":74,"column":2710}},"16":{"start":{"line":78,"column":8},"end":{"line":78,"column":54}},"17":{"start":{"line":85,"column":8},"end":{"line":85,"column":42}},"18":{"start":{"line":86,"column":8},"end":{"line":86,"column":3079}},"19":{"start":{"line":89,"column":8},"end":{"line":89,"column":49}},"20":{"start":{"line":96,"column":8},"end":{"line":96,"column":35}},"21":{"start":{"line":97,"column":8},"end":{"line":97,"column":43}},"22":{"start":{"line":98,"column":8},"end":{"line":98,"column":3504}},"23":{"start":{"line":101,"column":8},"end":{"line":101,"column":50}},"24":{"start":{"line":131,"column":9},"end":{"line":131,"column":34}},"25":{"start":{"line":132,"column":8},"end":{"line":132,"column":31}},"26":{"start":{"line":133,"column":8},"end":{"line":133,"column":4720}},"27":{"start":{"line":134,"column":12},"end":{"line":134,"column":43}},"28":{"start":{"line":136,"column":12},"end":{"line":136,"column":51}},"29":{"start":{"line":137,"column":12},"end":{"line":137,"column":4876}},"30":{"start":{"line":140,"column":12},"end":{"line":140,"column":55}},"31":{"start":{"line":142,"column":8},"end":{"line":142,"column":91}},"32":{"start":{"line":143,"column":8},"end":{"line":143,"column":5200}},"33":{"start":{"line":153,"column":8},"end":{"line":153,"column":30}},"34":{"start":{"line":154,"column":8},"end":{"line":154,"column":5500}},"35":{"start":{"line":163,"column":8},"end":{"line":163,"column":5774}},"36":{"start":{"line":182,"column":8},"end":{"line":182,"column":43}},"37":{"start":{"line":183,"column":8},"end":{"line":183,"column":31}},"38":{"start":{"line":184,"column":8},"end":{"line":184,"column":6416}},"39":{"start":{"line":185,"column":12},"end":{"line":185,"column":63}},"40":{"start":{"line":187,"column":12},"end":{"line":187,"column":51}},"41":{"start":{"line":188,"column":12},"end":{"line":188,"column":6592}},"42":{"start":{"line":191,"column":12},"end":{"line":191,"column":55}},"43":{"start":{"line":193,"column":8},"end":{"line":193,"column":91}},"44":{"start":{"line":194,"column":8},"end":{"line":194,"column":6916}},"45":{"start":{"line":198,"column":8},"end":{"line":198,"column":54}},"46":{"start":{"line":205,"column":8},"end":{"line":205,"column":42}},"47":{"start":{"line":206,"column":8},"end":{"line":206,"column":7286}},"48":{"start":{"line":209,"column":8},"end":{"line":209,"column":49}},"49":{"start":{"line":216,"column":8},"end":{"line":216,"column":35}},"50":{"start":{"line":217,"column":8},"end":{"line":217,"column":43}},"51":{"start":{"line":218,"column":8},"end":{"line":218,"column":7711}},"52":{"start":{"line":221,"column":8},"end":{"line":221,"column":50}}},"branchMap":{"1":{"line":22,"type":"if","locations":[{"start":{"line":22,"column":8},"end":{"line":22,"column":8}},{"start":{"line":22,"column":8},"end":{"line":22,"column":8}}]},"2":{"line":69,"type":"if","locations":[{"start":{"line":69,"column":8},"end":{"line":69,"column":8}},{"start":{"line":69,"column":8},"end":{"line":69,"column":8}}]},"3":{"line":133,"type":"if","locations":[{"start":{"line":133,"column":8},"end":{"line":133,"column":8}},{"start":{"line":133,"column":8},"end":{"line":133,"column":8}}]},"4":{"line":137,"type":"if","locations":[{"start":{"line":137,"column":12},"end":{"line":137,"column":12}},{"start":{"line":137,"column":12},"end":{"line":137,"column":12}}]},"5":{"line":184,"type":"if","locations":[{"start":{"line":184,"column":8},"end":{"line":184,"column":8}},{"start":{"line":184,"column":8},"end":{"line":184,"column":8}}]},"6":{"line":188,"type":"if","locations":[{"start":{"line":188,"column":12},"end":{"line":188,"column":12}},{"start":{"line":188,"column":12},"end":{"line":188,"column":12}}]}}},"voting/integration/abstracts/StartVoteAndImplementSimpleVote.sol":{"l":{"28":0,"29":0,"35":0,"36":0,"47":0,"48":0,"53":0,"54":0,"79":0,"80":0,"81":0,"82":0,"86":0,"92":0,"93":0,"96":0,"104":0,"105":0,"110":0,"111":0,"113":0},"path":"/home/leonhard/Projects/VotingRegistry/VotingRegistryContracts/voting/integration/abstracts/StartVoteAndImplementSimpleVote.sol","s":{"1":0,"2":0,"3":0,"4":0,"5":0,"6":0,"7":0,"8":0,"9":0,"10":0,"11":0,"12":0,"13":0,"14":0,"15":0,"16":0,"17":0,"18":0,"19":0,"20":0,"21":0},"b":{"1":[0,0],"2":[0,0]},"f":{"1":0,"2":0,"3":0,"4":0,"5":0,"6":0,"7":0,"8":0,"9":0,"10":0,"11":0,"12":0,"13":0,"14":0,"15":0,"16":0,"17":0},"fnMap":{"1":{"name":"start","line":25,"loc":{"start":{"line":25,"column":4},"end":{"line":30,"column":4}}},"2":{"name":"vote","line":32,"loc":{"start":{"line":32,"column":4},"end":{"line":37,"column":4}}},"3":{"name":"_beforeStart","line":39,"loc":{"start":{"line":39,"column":4},"end":{"line":39,"column":71}}},"4":{"name":"_beforeVote","line":41,"loc":{"start":{"line":41,"column":4},"end":{"line":41,"column":63}}},"5":{"name":"implement","line":43,"loc":{"start":{"line":43,"column":4},"end":{"line":57,"column":4}}},"6":{"name":"_beforeStart","line":59,"loc":{"start":{"line":59,"column":4},"end":{"line":59,"column":96}}},"7":{"name":"_beforeVote","line":61,"loc":{"start":{"line":61,"column":4},"end":{"line":61,"column":88}}},"8":{"name":"_beforeImplement","line":63,"loc":{"start":{"line":63,"column":4},"end":{"line":63,"column":68}}},"9":{"name":"start","line":76,"loc":{"start":{"line":76,"column":4},"end":{"line":87,"column":4}}},"10":{"name":"vote","line":89,"loc":{"start":{"line":89,"column":4},"end":{"line":97,"column":4}}},"11":{"name":"implement","line":100,"loc":{"start":{"line":100,"column":4},"end":{"line":116,"column":4}}},"12":{"name":"_beforeStart","line":118,"loc":{"start":{"line":118,"column":4},"end":{"line":118,"column":96}}},"13":{"name":"_afterStart","line":120,"loc":{"start":{"line":120,"column":4},"end":{"line":120,"column":115}}},"14":{"name":"_getSimpleVotingContract","line":122,"loc":{"start":{"line":122,"column":4},"end":{"line":122,"column":103}}},"15":{"name":"_beforeVote","line":124,"loc":{"start":{"line":124,"column":4},"end":{"line":124,"column":88}}},"16":{"name":"_afterVote","line":126,"loc":{"start":{"line":126,"column":4},"end":{"line":126,"column":103}}},"17":{"name":"_beforeImplement","line":128,"loc":{"start":{"line":128,"column":4},"end":{"line":128,"column":68}}}},"statementMap":{"1":{"start":{"line":28,"column":8},"end":{"line":28,"column":33}},"2":{"start":{"line":29,"column":8},"end":{"line":29,"column":51}},"3":{"start":{"line":35,"column":8},"end":{"line":35,"column":30}},"4":{"start":{"line":36,"column":8},"end":{"line":36,"column":50}},"5":{"start":{"line":47,"column":8},"end":{"line":47,"column":35}},"6":{"start":{"line":48,"column":8},"end":{"line":48,"column":1636}},"7":{"start":{"line":53,"column":8},"end":{"line":53,"column":1759}},"8":{"start":{"line":54,"column":12},"end":{"line":54,"column":65}},"9":{"start":{"line":79,"column":8},"end":{"line":79,"column":43}},"10":{"start":{"line":80,"column":8},"end":{"line":80,"column":68}},"11":{"start":{"line":81,"column":8},"end":{"line":81,"column":91}},"12":{"start":{"line":82,"column":8},"end":{"line":82,"column":2684}},"13":{"start":{"line":86,"column":8},"end":{"line":86,"column":54}},"14":{"start":{"line":92,"column":8},"end":{"line":92,"column":42}},"15":{"start":{"line":93,"column":8},"end":{"line":93,"column":3049}},"16":{"start":{"line":96,"column":8},"end":{"line":96,"column":49}},"17":{"start":{"line":104,"column":8},"end":{"line":104,"column":35}},"18":{"start":{"line":105,"column":8},"end":{"line":105,"column":3453}},"19":{"start":{"line":110,"column":8},"end":{"line":110,"column":3576}},"20":{"start":{"line":111,"column":12},"end":{"line":111,"column":65}},"21":{"start":{"line":113,"column":12},"end":{"line":113,"column":68}}},"branchMap":{"1":{"line":53,"type":"if","locations":[{"start":{"line":53,"column":8},"end":{"line":53,"column":8}},{"start":{"line":53,"column":8},"end":{"line":53,"column":8}}]},"2":{"line":110,"type":"if","locations":[{"start":{"line":110,"column":8},"end":{"line":110,"column":8}},{"start":{"line":110,"column":8},"end":{"line":110,"column":8}}]}}},"voting/integration/interface/IVotingIntegration.sol":{"l":{},"path":"/home/leonhard/Projects/VotingRegistry/VotingRegistryContracts/voting/integration/interface/IVotingIntegration.sol","s":{},"b":{},"f":{},"fnMap":{},"statementMap":{},"branchMap":{}},"voting/integration/primitives/AssignedContractPrimitive.sol":{"l":{"13":125,"35":31},"path":"/home/leonhard/Projects/VotingRegistry/VotingRegistryContracts/voting/integration/primitives/AssignedContractPrimitive.sol","s":{"1":125,"2":31},"b":{},"f":{"1":125,"2":0,"3":31},"fnMap":{"1":{"name":"_isVotableFunction","line":12,"loc":{"start":{"line":12,"column":4},"end":{"line":14,"column":4}}},"2":{"name":"_isImplementer","line":21,"loc":{"start":{"line":21,"column":4},"end":{"line":21,"column":61}}},"3":{"name":"_isImplementer","line":30,"loc":{"start":{"line":30,"column":4},"end":{"line":36,"column":4}}}},"statementMap":{"1":{"start":{"line":13,"column":8},"end":{"line":13,"column":53}},"2":{"start":{"line":35,"column":8},"end":{"line":35,"column":52}}},"branchMap":{}},"voting/integration/primitives/InstanceInfoPrimitive.sol":{"l":{},"path":"/home/leonhard/Projects/VotingRegistry/VotingRegistryContracts/voting/integration/primitives/InstanceInfoPrimitive.sol","s":{},"b":{},"f":{},"fnMap":{},"statementMap":{},"branchMap":{}},"voting/registration/registrar/Deployer.sol":{"l":{"13":43},"path":"/home/leonhard/Projects/VotingRegistry/VotingRegistryContracts/voting/registration/registrar/Deployer.sol","s":{},"b":{},"f":{"1":43},"fnMap":{"1":{"name":"deploy","line":11,"loc":{"start":{"line":11,"column":4},"end":{"line":16,"column":2}}}},"statementMap":{},"branchMap":{}},"voting/registration/registrar/IRegistrar.sol":{"l":{},"path":"/home/leonhard/Projects/VotingRegistry/VotingRegistryContracts/voting/registration/registrar/IRegistrar.sol","s":{},"b":{},"f":{},"fnMap":{},"statementMap":{},"branchMap":{}},"voting/registration/registrar/Registrar.sol":{"l":{"17":42,"21":14,"25":14,"26":14,"30":4,"31":4,"35":13,"36":13,"44":0,"45":0,"48":0},"path":"/home/leonhard/Projects/VotingRegistry/VotingRegistryContracts/voting/registration/registrar/Registrar.sol","s":{"1":42,"2":14,"3":14,"4":14,"5":4,"6":4,"7":13,"8":13,"9":0,"10":0},"b":{"1":[0,0]},"f":{"1":42,"2":14,"3":14,"4":4,"5":13,"6":0},"fnMap":{"1":{"name":"constructor","line":16,"loc":{"start":{"line":15,"column":4},"end":{"line":18,"column":4}}},"2":{"name":"_register","line":20,"loc":{"start":{"line":20,"column":4},"end":{"line":22,"column":4}}},"3":{"name":"_setController","line":24,"loc":{"start":{"line":24,"column":4},"end":{"line":27,"column":4}}},"4":{"name":"getController","line":29,"loc":{"start":{"line":29,"column":4},"end":{"line":32,"column":4}}},"5":{"name":"register","line":34,"loc":{"start":{"line":34,"column":4},"end":{"line":37,"column":4}}},"6":{"name":"changeResolver","line":43,"loc":{"start":{"line":43,"column":4},"end":{"line":49,"column":4}}}},"statementMap":{"1":{"start":{"line":17,"column":8},"end":{"line":17,"column":27}},"2":{"start":{"line":21,"column":8},"end":{"line":21,"column":67}},"3":{"start":{"line":25,"column":8},"end":{"line":25,"column":58}},"4":{"start":{"line":26,"column":8},"end":{"line":26,"column":33}},"5":{"start":{"line":30,"column":8},"end":{"line":30,"column":58}},"6":{"start":{"line":31,"column":8},"end":{"line":31,"column":36}},"7":{"start":{"line":35,"column":8},"end":{"line":35,"column":42}},"8":{"start":{"line":36,"column":8},"end":{"line":36,"column":49}},"9":{"start":{"line":44,"column":8},"end":{"line":44,"column":1409}},"10":{"start":{"line":48,"column":8},"end":{"line":48,"column":76}}},"branchMap":{"1":{"line":44,"type":"if","locations":[{"start":{"line":44,"column":8},"end":{"line":44,"column":8}},{"start":{"line":44,"column":8},"end":{"line":44,"column":8}}]}}},"voting/registration/registry/IVotingRegistry.sol":{"l":{},"path":"/home/leonhard/Projects/VotingRegistry/VotingRegistryContracts/voting/registration/registry/IVotingRegistry.sol","s":{},"b":{},"f":{},"fnMap":{},"statementMap":{},"branchMap":{}},"voting/registration/registry/VotingRegistry.sol":{"l":{"76":63,"89":22,"90":1,"92":21,"93":1,"95":19,"99":19,"108":2,"109":1,"111":1,"112":1,"130":1,"140":2,"150":21},"path":"/home/leonhard/Projects/VotingRegistry/VotingRegistryContracts/voting/registration/registry/VotingRegistry.sol","s":{"1":63,"2":22,"3":21,"4":19,"5":19,"6":2,"7":1,"8":1,"9":1,"10":2,"11":21},"b":{"1":[1,21],"2":[1,19],"3":[1,1]},"f":{"1":63,"2":22,"3":2,"4":1,"5":2,"6":21},"fnMap":{"1":{"name":"constructor","line":75,"loc":{"start":{"line":75,"column":4},"end":{"line":77,"column":4}}},"2":{"name":"register","line":83,"loc":{"start":{"line":83,"column":4},"end":{"line":100,"column":4}}},"3":{"name":"changeResolver","line":102,"loc":{"start":{"line":102,"column":4},"end":{"line":113,"column":4}}},"4":{"name":"getRegistrar","line":124,"loc":{"start":{"line":124,"column":4},"end":{"line":131,"column":4}}},"5":{"name":"getResolver","line":134,"loc":{"start":{"line":134,"column":4},"end":{"line":141,"column":4}}},"6":{"name":"checkInterface","line":149,"loc":{"start":{"line":149,"column":4},"end":{"line":151,"column":4}}}},"statementMap":{"1":{"start":{"line":76,"column":8},"end":{"line":76,"column":65}},"2":{"start":{"line":89,"column":8},"end":{"line":89,"column":3916}},"3":{"start":{"line":92,"column":8},"end":{"line":92,"column":4078}},"4":{"start":{"line":95,"column":8},"end":{"line":95,"column":4198}},"5":{"start":{"line":99,"column":8},"end":{"line":99,"column":62}},"6":{"start":{"line":108,"column":8},"end":{"line":108,"column":4527}},"7":{"start":{"line":111,"column":8},"end":{"line":111,"column":51}},"8":{"start":{"line":112,"column":8},"end":{"line":112,"column":38}},"9":{"start":{"line":130,"column":8},"end":{"line":130,"column":52}},"10":{"start":{"line":140,"column":8},"end":{"line":140,"column":50}},"11":{"start":{"line":150,"column":8},"end":{"line":150,"column":86}}},"branchMap":{"1":{"line":89,"type":"if","locations":[{"start":{"line":89,"column":8},"end":{"line":89,"column":8}},{"start":{"line":89,"column":8},"end":{"line":89,"column":8}}]},"2":{"line":92,"type":"if","locations":[{"start":{"line":92,"column":8},"end":{"line":92,"column":8}},{"start":{"line":92,"column":8},"end":{"line":92,"column":8}}]},"3":{"line":108,"type":"if","locations":[{"start":{"line":108,"column":8},"end":{"line":108,"column":8}},{"start":{"line":108,"column":8},"end":{"line":108,"column":8}}]}}},"voting/registration/resolver/IsController.sol":{"l":{"15":42,"19":0,"23":0,"24":0,"26":0,"30":6,"31":1,"33":5},"path":"/home/leonhard/Projects/VotingRegistry/VotingRegistryContracts/voting/registration/resolver/IsController.sol","s":{"1":42,"2":0,"3":0,"4":6},"b":{"1":[0,0],"2":[1,5]},"f":{"1":42,"2":0,"3":0,"4":6},"fnMap":{"1":{"name":"constructor","line":14,"loc":{"start":{"line":14,"column":4},"end":{"line":16,"column":4}}},"2":{"name":"_senderIsController","line":18,"loc":{"start":{"line":18,"column":4},"end":{"line":20,"column":4}}},"3":{"name":"senderIsController","line":22,"loc":{"start":{"line":22,"column":4},"end":{"line":27,"column":4}}},"4":{"name":"OnlyRegistrar","line":29,"loc":{"start":{"line":29,"column":4},"end":{"line":34,"column":4}}}},"statementMap":{"1":{"start":{"line":15,"column":8},"end":{"line":15,"column":41}},"2":{"start":{"line":19,"column":8},"end":{"line":19,"column":82}},"3":{"start":{"line":23,"column":8},"end":{"line":23,"column":680}},"4":{"start":{"line":30,"column":8},"end":{"line":30,"column":853}}},"branchMap":{"1":{"line":23,"type":"if","locations":[{"start":{"line":23,"column":8},"end":{"line":23,"column":8}},{"start":{"line":23,"column":8},"end":{"line":23,"column":8}}]},"2":{"line":30,"type":"if","locations":[{"start":{"line":30,"column":8},"end":{"line":30,"column":8}},{"start":{"line":30,"column":8},"end":{"line":30,"column":8}}]}}},"voting/votingContractStandard/IVotingContract.sol":{"l":{},"path":"/home/leonhard/Projects/VotingRegistry/VotingRegistryContracts/voting/votingContractStandard/IVotingContract.sol","s":{},"b":{},"f":{},"fnMap":{},"statementMap":{},"branchMap":{}}}