{"voting/examples/dummies/Counter.sol":{"l":{"12":4,"21":0,"25":7,"29":7,"31":2},"path":"/home/leonhard/Projects/VotingRegistry/VotingRegistryContracts/voting/examples/dummies/Counter.sol","s":{"1":4,"2":0,"3":7,"4":7,"5":2},"b":{"1":[5,2]},"f":{"1":4,"2":0,"3":7,"4":7},"fnMap":{"1":{"name":"increment","line":11,"loc":{"start":{"line":11,"column":4},"end":{"line":13,"column":4}}},"2":{"name":"incrementBy","line":20,"loc":{"start":{"line":20,"column":4},"end":{"line":22,"column":4}}},"3":{"name":"incrementWithReturn","line":24,"loc":{"start":{"line":24,"column":4},"end":{"line":26,"column":4}}},"4":{"name":"fail","line":28,"loc":{"start":{"line":28,"column":4},"end":{"line":32,"column":4}}}},"statementMap":{"1":{"start":{"line":12,"column":8},"end":{"line":12,"column":16}},"2":{"start":{"line":21,"column":8},"end":{"line":21,"column":16}},"3":{"start":{"line":25,"column":8},"end":{"line":25,"column":16}},"4":{"start":{"line":29,"column":8},"end":{"line":29,"column":38}},"5":{"start":{"line":31,"column":8},"end":{"line":31,"column":16}}},"branchMap":{"1":{"line":29,"type":"if","locations":[{"start":{"line":29,"column":8},"end":{"line":29,"column":8}},{"start":{"line":29,"column":8},"end":{"line":29,"column":8}}]}}},"voting/examples/dummies/DummyIntegrator.sol":{"l":{"16":84,"18":84,"19":84,"27":3},"path":"/home/leonhard/Projects/VotingRegistry/VotingRegistryContracts/voting/examples/dummies/DummyIntegrator.sol","s":{"1":84,"2":84,"3":84,"4":3},"b":{},"f":{"1":84,"2":3},"fnMap":{"1":{"name":"constructor","line":14,"loc":{"start":{"line":13,"column":4},"end":{"line":21,"column":4}}},"2":{"name":"increment","line":23,"loc":{"start":{"line":23,"column":4},"end":{"line":28,"column":4}}}},"statementMap":{"1":{"start":{"line":16,"column":8},"end":{"line":16,"column":61}},"2":{"start":{"line":18,"column":8},"end":{"line":18,"column":85}},"3":{"start":{"line":19,"column":8},"end":{"line":19,"column":70}},"4":{"start":{"line":27,"column":8},"end":{"line":27,"column":16}}},"branchMap":{}},"voting/examples/dummies/ERC20Token.sol":{"l":{"13":228,"17":136,"18":136},"path":"/home/leonhard/Projects/VotingRegistry/VotingRegistryContracts/voting/examples/dummies/ERC20Token.sol","s":{"1":228,"2":136,"3":136},"b":{"1":[136,0]},"f":{"1":228,"2":136},"fnMap":{"1":{"name":"constructor","line":12,"loc":{"start":{"line":12,"column":4},"end":{"line":14,"column":4}}},"2":{"name":"mint","line":16,"loc":{"start":{"line":16,"column":4},"end":{"line":19,"column":4}}}},"statementMap":{"1":{"start":{"line":13,"column":8},"end":{"line":13,"column":27}},"2":{"start":{"line":17,"column":8},"end":{"line":17,"column":86}},"3":{"start":{"line":18,"column":8},"end":{"line":18,"column":32}}},"branchMap":{"1":{"line":17,"type":"if","locations":[{"start":{"line":17,"column":8},"end":{"line":17,"column":8}},{"start":{"line":17,"column":8},"end":{"line":17,"column":8}}]}}},"voting/examples/dummies/ERC721Token.sol":{"l":{},"path":"/home/leonhard/Projects/VotingRegistry/VotingRegistryContracts/voting/examples/dummies/ERC721Token.sol","s":{},"b":{},"f":{"1":21},"fnMap":{"1":{"name":"constructor","line":7,"loc":{"start":{"line":7,"column":4},"end":{"line":7,"column":46}}}},"statementMap":{},"branchMap":{}},"voting/examples/dummies/TournamentIntegrator.sol":{"l":{"29":90,"30":90,"38":3,"46":1,"51":1,"52":1,"53":1,"58":4,"59":0,"61":4},"path":"/home/leonhard/Projects/VotingRegistry/VotingRegistryContracts/voting/examples/dummies/TournamentIntegrator.sol","s":{"1":90,"2":90,"3":3,"4":1,"5":1,"6":1,"7":1,"8":4},"b":{"1":[1,0],"2":[0,4]},"f":{"1":90,"2":3,"3":1,"4":1,"5":4},"fnMap":{"1":{"name":"constructor","line":26,"loc":{"start":{"line":26,"column":4},"end":{"line":31,"column":4}}},"2":{"name":"proposeNewImperator","line":35,"loc":{"start":{"line":33,"column":4},"end":{"line":39,"column":4}}},"3":{"name":"fail","line":43,"loc":{"start":{"line":41,"column":4},"end":{"line":47,"column":4}}},"4":{"name":"claimImperatorship","line":50,"loc":{"start":{"line":50,"column":4},"end":{"line":54,"column":4}}},"5":{"name":"OnlyByVote","line":57,"loc":{"start":{"line":57,"column":4},"end":{"line":62,"column":4}}}},"statementMap":{"1":{"start":{"line":29,"column":8},"end":{"line":29,"column":92}},"2":{"start":{"line":30,"column":8},"end":{"line":30,"column":77}},"3":{"start":{"line":38,"column":8},"end":{"line":38,"column":34}},"4":{"start":{"line":46,"column":8},"end":{"line":46,"column":22}},"5":{"start":{"line":51,"column":8},"end":{"line":51,"column":75}},"6":{"start":{"line":52,"column":8},"end":{"line":52,"column":29}},"7":{"start":{"line":53,"column":8},"end":{"line":53,"column":34}},"8":{"start":{"line":58,"column":8},"end":{"line":58,"column":1410}}},"branchMap":{"1":{"line":51,"type":"if","locations":[{"start":{"line":51,"column":8},"end":{"line":51,"column":8}},{"start":{"line":51,"column":8},"end":{"line":51,"column":8}}]},"2":{"line":58,"type":"if","locations":[{"start":{"line":58,"column":8},"end":{"line":58,"column":8}},{"start":{"line":58,"column":8},"end":{"line":58,"column":8}}]}}},"voting/examples/integrations/StartHybridVoting.sol":{"l":{"28":138,"30":138,"32":138,"33":138,"43":1,"51":2,"58":63,"63":2,"64":1,"66":1,"70":3,"71":2,"91":54,"93":54,"95":54,"96":54,"105":1,"112":2,"120":11,"127":6,"135":1,"140":2,"141":1,"143":1,"147":3,"151":2},"path":"/home/leonhard/Projects/VotingRegistry/VotingRegistryContracts/voting/examples/integrations/StartHybridVoting.sol","s":{"1":138,"2":138,"3":138,"4":138,"5":1,"6":2,"7":63,"8":2,"9":3,"10":54,"11":54,"12":54,"13":54,"14":1,"15":2,"16":11,"17":6,"18":1,"19":2,"20":3},"b":{"1":[62,1],"2":[1,1],"3":[2,1],"4":[10,1],"5":[1,1],"6":[2,1]},"f":{"1":138,"2":1,"3":2,"4":63,"5":2,"6":3,"7":54,"8":1,"9":2,"10":11,"11":6,"12":1,"13":2,"14":3},"fnMap":{"1":{"name":"constructor","line":26,"loc":{"start":{"line":26,"column":4},"end":{"line":34,"column":4}}},"2":{"name":"increment","line":41,"loc":{"start":{"line":37,"column":4},"end":{"line":44,"column":4}}},"3":{"name":"reset","line":49,"loc":{"start":{"line":46,"column":4},"end":{"line":52,"column":4}}},"4":{"name":"_beforeStart","line":54,"loc":{"start":{"line":54,"column":4},"end":{"line":59,"column":4}}},"5":{"name":"OnlyByVote","line":62,"loc":{"start":{"line":62,"column":4},"end":{"line":67,"column":4}}},"6":{"name":"OnlyDeployerOrByVote","line":69,"loc":{"start":{"line":69,"column":4},"end":{"line":72,"column":4}}},"7":{"name":"constructor","line":89,"loc":{"start":{"line":89,"column":4},"end":{"line":97,"column":4}}},"8":{"name":"increment","line":103,"loc":{"start":{"line":100,"column":4},"end":{"line":106,"column":4}}},"9":{"name":"reset","line":110,"loc":{"start":{"line":108,"column":4},"end":{"line":113,"column":4}}},"10":{"name":"_beforeStart","line":116,"loc":{"start":{"line":116,"column":4},"end":{"line":121,"column":4}}},"11":{"name":"_afterStart","line":123,"loc":{"start":{"line":123,"column":4},"end":{"line":128,"column":4}}},"12":{"name":"_getSimpleVotingContract","line":130,"loc":{"start":{"line":130,"column":4},"end":{"line":136,"column":4}}},"13":{"name":"OnlyByVote","line":139,"loc":{"start":{"line":139,"column":4},"end":{"line":144,"column":4}}},"14":{"name":"OnlyDeployerOrByVote","line":146,"loc":{"start":{"line":146,"column":4},"end":{"line":152,"column":4}}}},"statementMap":{"1":{"start":{"line":28,"column":8},"end":{"line":28,"column":65}},"2":{"start":{"line":30,"column":8},"end":{"line":30,"column":28}},"3":{"start":{"line":32,"column":8},"end":{"line":32,"column":78}},"4":{"start":{"line":33,"column":8},"end":{"line":33,"column":81}},"5":{"start":{"line":43,"column":8},"end":{"line":43,"column":16}},"6":{"start":{"line":51,"column":8},"end":{"line":51,"column":13}},"7":{"start":{"line":58,"column":8},"end":{"line":58,"column":53}},"8":{"start":{"line":63,"column":8},"end":{"line":63,"column":1672}},"9":{"start":{"line":70,"column":8},"end":{"line":70,"column":84}},"10":{"start":{"line":91,"column":8},"end":{"line":91,"column":28}},"11":{"start":{"line":93,"column":8},"end":{"line":93,"column":59}},"12":{"start":{"line":95,"column":8},"end":{"line":95,"column":104}},"13":{"start":{"line":96,"column":8},"end":{"line":96,"column":107}},"14":{"start":{"line":105,"column":8},"end":{"line":105,"column":16}},"15":{"start":{"line":112,"column":8},"end":{"line":112,"column":13}},"16":{"start":{"line":120,"column":8},"end":{"line":120,"column":53}},"17":{"start":{"line":127,"column":8},"end":{"line":127,"column":29}},"18":{"start":{"line":135,"column":8},"end":{"line":135,"column":75}},"19":{"start":{"line":140,"column":8},"end":{"line":140,"column":3692}},"20":{"start":{"line":147,"column":8},"end":{"line":147,"column":3869}}},"branchMap":{"1":{"line":58,"type":"if","locations":[{"start":{"line":58,"column":8},"end":{"line":58,"column":8}},{"start":{"line":58,"column":8},"end":{"line":58,"column":8}}]},"2":{"line":63,"type":"if","locations":[{"start":{"line":63,"column":8},"end":{"line":63,"column":8}},{"start":{"line":63,"column":8},"end":{"line":63,"column":8}}]},"3":{"line":70,"type":"if","locations":[{"start":{"line":70,"column":8},"end":{"line":70,"column":8}},{"start":{"line":70,"column":8},"end":{"line":70,"column":8}}]},"4":{"line":120,"type":"if","locations":[{"start":{"line":120,"column":8},"end":{"line":120,"column":8}},{"start":{"line":120,"column":8},"end":{"line":120,"column":8}}]},"5":{"line":140,"type":"if","locations":[{"start":{"line":140,"column":8},"end":{"line":140,"column":8}},{"start":{"line":140,"column":8},"end":{"line":140,"column":8}}]},"6":{"line":147,"type":"if","locations":[{"start":{"line":147,"column":8},"end":{"line":147,"column":8}},{"start":{"line":147,"column":8},"end":{"line":147,"column":8}}]}}},"voting/examples/integrations/StartOnlyCallback.sol":{"l":{"30":54,"32":54,"33":54,"41":1,"48":2,"55":9,"60":2,"61":1,"63":1,"67":3,"68":2,"88":54,"90":54,"91":54,"99":1,"106":2,"114":9,"121":4,"126":2,"127":1,"129":1,"133":3,"137":2},"path":"/home/leonhard/Projects/VotingRegistry/VotingRegistryContracts/voting/examples/integrations/StartOnlyCallback.sol","s":{"1":54,"2":54,"3":54,"4":1,"5":2,"6":9,"7":2,"8":3,"9":54,"10":54,"11":54,"12":1,"13":2,"14":9,"15":4,"16":2,"17":3},"b":{"1":[8,1],"2":[1,1],"3":[2,1],"4":[8,1],"5":[1,1],"6":[2,1]},"f":{"1":54,"2":1,"3":2,"4":9,"5":2,"6":3,"7":54,"8":1,"9":2,"10":9,"11":4,"12":2,"13":3},"fnMap":{"1":{"name":"constructor","line":28,"loc":{"start":{"line":28,"column":4},"end":{"line":34,"column":4}}},"2":{"name":"increment","line":39,"loc":{"start":{"line":37,"column":4},"end":{"line":42,"column":4}}},"3":{"name":"reset","line":46,"loc":{"start":{"line":44,"column":4},"end":{"line":49,"column":4}}},"4":{"name":"_beforeStart","line":51,"loc":{"start":{"line":51,"column":4},"end":{"line":56,"column":4}}},"5":{"name":"OnlyByVote","line":59,"loc":{"start":{"line":59,"column":4},"end":{"line":64,"column":4}}},"6":{"name":"OnlyDeployerOrByVote","line":66,"loc":{"start":{"line":66,"column":4},"end":{"line":69,"column":4}}},"7":{"name":"constructor","line":86,"loc":{"start":{"line":86,"column":4},"end":{"line":92,"column":4}}},"8":{"name":"increment","line":97,"loc":{"start":{"line":95,"column":4},"end":{"line":100,"column":4}}},"9":{"name":"reset","line":104,"loc":{"start":{"line":102,"column":4},"end":{"line":107,"column":4}}},"10":{"name":"_beforeStart","line":110,"loc":{"start":{"line":110,"column":4},"end":{"line":115,"column":4}}},"11":{"name":"_afterStart","line":117,"loc":{"start":{"line":117,"column":4},"end":{"line":122,"column":4}}},"12":{"name":"OnlyByVote","line":125,"loc":{"start":{"line":125,"column":4},"end":{"line":130,"column":4}}},"13":{"name":"OnlyDeployerOrByVote","line":132,"loc":{"start":{"line":132,"column":4},"end":{"line":138,"column":4}}}},"statementMap":{"1":{"start":{"line":30,"column":8},"end":{"line":30,"column":28}},"2":{"start":{"line":32,"column":8},"end":{"line":32,"column":104}},"3":{"start":{"line":33,"column":8},"end":{"line":33,"column":107}},"4":{"start":{"line":41,"column":8},"end":{"line":41,"column":16}},"5":{"start":{"line":48,"column":8},"end":{"line":48,"column":13}},"6":{"start":{"line":55,"column":8},"end":{"line":55,"column":53}},"7":{"start":{"line":60,"column":8},"end":{"line":60,"column":1516}},"8":{"start":{"line":67,"column":8},"end":{"line":67,"column":119}},"9":{"start":{"line":88,"column":8},"end":{"line":88,"column":28}},"10":{"start":{"line":90,"column":8},"end":{"line":90,"column":104}},"11":{"start":{"line":91,"column":8},"end":{"line":91,"column":107}},"12":{"start":{"line":99,"column":8},"end":{"line":99,"column":16}},"13":{"start":{"line":106,"column":8},"end":{"line":106,"column":13}},"14":{"start":{"line":114,"column":8},"end":{"line":114,"column":53}},"15":{"start":{"line":121,"column":8},"end":{"line":121,"column":29}},"16":{"start":{"line":126,"column":8},"end":{"line":126,"column":3191}},"17":{"start":{"line":133,"column":8},"end":{"line":133,"column":3368}}},"branchMap":{"1":{"line":55,"type":"if","locations":[{"start":{"line":55,"column":8},"end":{"line":55,"column":8}},{"start":{"line":55,"column":8},"end":{"line":55,"column":8}}]},"2":{"line":60,"type":"if","locations":[{"start":{"line":60,"column":8},"end":{"line":60,"column":8}},{"start":{"line":60,"column":8},"end":{"line":60,"column":8}}]},"3":{"line":67,"type":"if","locations":[{"start":{"line":67,"column":8},"end":{"line":67,"column":8}},{"start":{"line":67,"column":8},"end":{"line":67,"column":8}}]},"4":{"line":114,"type":"if","locations":[{"start":{"line":114,"column":8},"end":{"line":114,"column":8}},{"start":{"line":114,"column":8},"end":{"line":114,"column":8}}]},"5":{"line":126,"type":"if","locations":[{"start":{"line":126,"column":8},"end":{"line":126,"column":8}},{"start":{"line":126,"column":8},"end":{"line":126,"column":8}}]},"6":{"line":133,"type":"if","locations":[{"start":{"line":133,"column":8},"end":{"line":133,"column":8}},{"start":{"line":133,"column":8},"end":{"line":133,"column":8}}]}}},"voting/examples/integrations/StartSimpleVoting.sol":{"l":{"26":54,"28":54,"37":1,"46":1,"54":2,"59":2,"62":1,"81":54,"83":54,"84":54,"92":1,"99":1,"107":6,"114":2,"122":5,"126":2,"129":1},"path":"/home/leonhard/Projects/VotingRegistry/VotingRegistryContracts/voting/examples/integrations/StartSimpleVoting.sol","s":{"1":54,"2":54,"3":1,"4":1,"5":2,"6":2,"7":54,"8":54,"9":54,"10":1,"11":1,"12":6,"13":2,"14":5,"15":2},"b":{"1":[1,1],"2":[1,1],"3":[5,1],"4":[1,1]},"f":{"1":54,"2":1,"3":1,"4":2,"5":2,"6":54,"7":1,"8":1,"9":6,"10":2,"11":5,"12":2},"fnMap":{"1":{"name":"constructor","line":24,"loc":{"start":{"line":24,"column":4},"end":{"line":29,"column":4}}},"2":{"name":"increment","line":32,"loc":{"start":{"line":32,"column":4},"end":{"line":38,"column":4}}},"3":{"name":"reset","line":44,"loc":{"start":{"line":41,"column":4},"end":{"line":47,"column":4}}},"4":{"name":"_beforeStart","line":50,"loc":{"start":{"line":50,"column":4},"end":{"line":55,"column":4}}},"5":{"name":"OnlyDeployer","line":58,"loc":{"start":{"line":58,"column":4},"end":{"line":63,"column":4}}},"6":{"name":"constructor","line":79,"loc":{"start":{"line":79,"column":4},"end":{"line":85,"column":4}}},"7":{"name":"increment","line":88,"loc":{"start":{"line":88,"column":4},"end":{"line":93,"column":4}}},"8":{"name":"reset","line":97,"loc":{"start":{"line":95,"column":4},"end":{"line":100,"column":4}}},"9":{"name":"_beforeStart","line":103,"loc":{"start":{"line":103,"column":4},"end":{"line":108,"column":4}}},"10":{"name":"_afterStart","line":110,"loc":{"start":{"line":110,"column":4},"end":{"line":115,"column":4}}},"11":{"name":"_getSimpleVotingContract","line":117,"loc":{"start":{"line":117,"column":4},"end":{"line":123,"column":4}}},"12":{"name":"OnlyDeployer","line":125,"loc":{"start":{"line":125,"column":4},"end":{"line":130,"column":4}}}},"statementMap":{"1":{"start":{"line":26,"column":8},"end":{"line":26,"column":39}},"2":{"start":{"line":28,"column":8},"end":{"line":28,"column":28}},"3":{"start":{"line":37,"column":8},"end":{"line":37,"column":16}},"4":{"start":{"line":46,"column":8},"end":{"line":46,"column":13}},"5":{"start":{"line":54,"column":8},"end":{"line":54,"column":53}},"6":{"start":{"line":59,"column":8},"end":{"line":59,"column":1330}},"7":{"start":{"line":81,"column":8},"end":{"line":81,"column":28}},"8":{"start":{"line":83,"column":8},"end":{"line":83,"column":59}},"9":{"start":{"line":84,"column":8},"end":{"line":84,"column":59}},"10":{"start":{"line":92,"column":8},"end":{"line":92,"column":16}},"11":{"start":{"line":99,"column":8},"end":{"line":99,"column":13}},"12":{"start":{"line":107,"column":8},"end":{"line":107,"column":53}},"13":{"start":{"line":114,"column":8},"end":{"line":114,"column":29}},"14":{"start":{"line":122,"column":8},"end":{"line":122,"column":75}},"15":{"start":{"line":126,"column":8},"end":{"line":126,"column":2897}}},"branchMap":{"1":{"line":54,"type":"if","locations":[{"start":{"line":54,"column":8},"end":{"line":54,"column":8}},{"start":{"line":54,"column":8},"end":{"line":54,"column":8}}]},"2":{"line":59,"type":"if","locations":[{"start":{"line":59,"column":8},"end":{"line":59,"column":8}},{"start":{"line":59,"column":8},"end":{"line":59,"column":8}}]},"3":{"line":107,"type":"if","locations":[{"start":{"line":107,"column":8},"end":{"line":107,"column":8}},{"start":{"line":107,"column":8},"end":{"line":107,"column":8}}]},"4":{"line":126,"type":"if","locations":[{"start":{"line":126,"column":8},"end":{"line":126,"column":8}},{"start":{"line":126,"column":8},"end":{"line":126,"column":8}}]}}},"voting/examples/integrations/StartVoteAndImplementHybridVoting.sol":{"l":{"33":39,"35":39,"37":39,"38":39,"48":1,"56":2,"63":12,"70":3,"77":2,"83":2,"84":1,"86":1,"90":3,"91":2,"117":39,"119":39,"121":39,"122":39,"131":1,"138":2,"146":12,"153":7,"161":1,"167":3,"173":3,"179":2,"185":2,"189":2,"190":1,"192":1,"196":3,"200":2},"path":"/home/leonhard/Projects/VotingRegistry/VotingRegistryContracts/voting/examples/integrations/StartVoteAndImplementHybridVoting.sol","s":{"1":39,"2":39,"3":39,"4":39,"5":1,"6":2,"7":12,"8":3,"9":2,"10":2,"11":3,"12":39,"13":39,"14":39,"15":39,"16":1,"17":2,"18":12,"19":7,"20":1,"21":3,"22":3,"23":2,"24":2,"25":2,"26":3},"b":{"1":[11,1],"2":[1,1],"3":[2,1],"4":[11,1],"5":[1,1],"6":[2,1]},"f":{"1":39,"2":1,"3":2,"4":12,"5":3,"6":2,"7":2,"8":3,"9":39,"10":1,"11":2,"12":12,"13":7,"14":1,"15":3,"16":3,"17":2,"18":2,"19":2,"20":3},"fnMap":{"1":{"name":"constructor","line":31,"loc":{"start":{"line":31,"column":4},"end":{"line":39,"column":4}}},"2":{"name":"increment","line":46,"loc":{"start":{"line":42,"column":4},"end":{"line":49,"column":4}}},"3":{"name":"reset","line":54,"loc":{"start":{"line":51,"column":4},"end":{"line":57,"column":4}}},"4":{"name":"_beforeStart","line":59,"loc":{"start":{"line":59,"column":4},"end":{"line":64,"column":4}}},"5":{"name":"_beforeVote","line":67,"loc":{"start":{"line":67,"column":4},"end":{"line":71,"column":4}}},"6":{"name":"_beforeImplement","line":74,"loc":{"start":{"line":74,"column":4},"end":{"line":78,"column":4}}},"7":{"name":"OnlyByVote","line":82,"loc":{"start":{"line":82,"column":4},"end":{"line":87,"column":4}}},"8":{"name":"OnlyDeployerOrByVote","line":89,"loc":{"start":{"line":89,"column":4},"end":{"line":92,"column":4}}},"9":{"name":"constructor","line":115,"loc":{"start":{"line":115,"column":4},"end":{"line":123,"column":4}}},"10":{"name":"increment","line":129,"loc":{"start":{"line":126,"column":4},"end":{"line":132,"column":4}}},"11":{"name":"reset","line":136,"loc":{"start":{"line":134,"column":4},"end":{"line":139,"column":4}}},"12":{"name":"_beforeStart","line":142,"loc":{"start":{"line":142,"column":4},"end":{"line":147,"column":4}}},"13":{"name":"_afterStart","line":149,"loc":{"start":{"line":149,"column":4},"end":{"line":154,"column":4}}},"14":{"name":"_getSimpleVotingContract","line":156,"loc":{"start":{"line":156,"column":4},"end":{"line":162,"column":4}}},"15":{"name":"_beforeVote","line":164,"loc":{"start":{"line":164,"column":4},"end":{"line":168,"column":4}}},"16":{"name":"_afterVote","line":170,"loc":{"start":{"line":170,"column":4},"end":{"line":174,"column":4}}},"17":{"name":"_beforeImplement","line":176,"loc":{"start":{"line":176,"column":4},"end":{"line":180,"column":4}}},"18":{"name":"_afterImplement","line":182,"loc":{"start":{"line":182,"column":4},"end":{"line":186,"column":4}}},"19":{"name":"OnlyByVote","line":188,"loc":{"start":{"line":188,"column":4},"end":{"line":193,"column":4}}},"20":{"name":"OnlyDeployerOrByVote","line":195,"loc":{"start":{"line":195,"column":4},"end":{"line":201,"column":4}}}},"statementMap":{"1":{"start":{"line":33,"column":8},"end":{"line":33,"column":91}},"2":{"start":{"line":35,"column":8},"end":{"line":35,"column":28}},"3":{"start":{"line":37,"column":8},"end":{"line":37,"column":78}},"4":{"start":{"line":38,"column":8},"end":{"line":38,"column":81}},"5":{"start":{"line":48,"column":8},"end":{"line":48,"column":16}},"6":{"start":{"line":56,"column":8},"end":{"line":56,"column":13}},"7":{"start":{"line":63,"column":8},"end":{"line":63,"column":53}},"8":{"start":{"line":70,"column":8},"end":{"line":70,"column":17}},"9":{"start":{"line":77,"column":8},"end":{"line":77,"column":27}},"10":{"start":{"line":83,"column":8},"end":{"line":83,"column":2224}},"11":{"start":{"line":90,"column":8},"end":{"line":90,"column":84}},"12":{"start":{"line":117,"column":8},"end":{"line":117,"column":28}},"13":{"start":{"line":119,"column":8},"end":{"line":119,"column":59}},"14":{"start":{"line":121,"column":8},"end":{"line":121,"column":104}},"15":{"start":{"line":122,"column":8},"end":{"line":122,"column":107}},"16":{"start":{"line":131,"column":8},"end":{"line":131,"column":16}},"17":{"start":{"line":138,"column":8},"end":{"line":138,"column":13}},"18":{"start":{"line":146,"column":8},"end":{"line":146,"column":53}},"19":{"start":{"line":153,"column":8},"end":{"line":153,"column":29}},"20":{"start":{"line":161,"column":8},"end":{"line":161,"column":75}},"21":{"start":{"line":167,"column":8},"end":{"line":167,"column":17}},"22":{"start":{"line":173,"column":8},"end":{"line":173,"column":40}},"23":{"start":{"line":179,"column":8},"end":{"line":179,"column":27}},"24":{"start":{"line":185,"column":8},"end":{"line":185,"column":51}},"25":{"start":{"line":189,"column":8},"end":{"line":189,"column":5351}},"26":{"start":{"line":196,"column":8},"end":{"line":196,"column":5528}}},"branchMap":{"1":{"line":63,"type":"if","locations":[{"start":{"line":63,"column":8},"end":{"line":63,"column":8}},{"start":{"line":63,"column":8},"end":{"line":63,"column":8}}]},"2":{"line":83,"type":"if","locations":[{"start":{"line":83,"column":8},"end":{"line":83,"column":8}},{"start":{"line":83,"column":8},"end":{"line":83,"column":8}}]},"3":{"line":90,"type":"if","locations":[{"start":{"line":90,"column":8},"end":{"line":90,"column":8}},{"start":{"line":90,"column":8},"end":{"line":90,"column":8}}]},"4":{"line":146,"type":"if","locations":[{"start":{"line":146,"column":8},"end":{"line":146,"column":8}},{"start":{"line":146,"column":8},"end":{"line":146,"column":8}}]},"5":{"line":189,"type":"if","locations":[{"start":{"line":189,"column":8},"end":{"line":189,"column":8}},{"start":{"line":189,"column":8},"end":{"line":189,"column":8}}]},"6":{"line":196,"type":"if","locations":[{"start":{"line":196,"column":8},"end":{"line":196,"column":8}},{"start":{"line":196,"column":8},"end":{"line":196,"column":8}}]}}},"voting/examples/playground/Playground.sol":{"l":{"30":0,"51":0,"52":0,"56":0,"66":0,"75":0,"76":0,"78":0,"81":0,"82":0,"83":0,"93":0,"94":0,"102":0,"103":0,"104":0,"107":0,"116":0,"124":0,"132":0,"137":0,"138":0,"140":0,"145":0,"146":0,"148":0,"221":0,"223":0,"226":0,"227":0,"228":0,"229":0,"239":0,"240":0,"241":0,"250":0,"251":0,"252":0,"266":0,"267":0,"283":0,"284":0,"290":0,"291":0,"297":0,"304":0,"311":0,"318":0,"331":0,"332":0,"334":0,"336":0,"338":0,"340":0,"342":0,"351":0,"358":0,"359":0,"360":0,"362":0,"373":0,"374":0,"375":0,"377":0,"389":0,"390":0,"403":0,"410":0,"421":0,"431":0,"438":0,"439":0,"440":0,"448":0,"457":0,"458":0,"460":0,"469":0,"470":0,"471":0,"472":0,"473":0,"474":0,"476":0,"477":0,"479":0,"480":0,"482":0,"486":0,"492":0,"498":0,"499":0,"500":0,"502":0,"513":0,"521":0,"527":0,"551":0,"556":0,"561":0,"562":0,"566":0,"567":0,"568":0,"570":0},"path":"/home/leonhard/Projects/VotingRegistry/VotingRegistryContracts/voting/examples/playground/Playground.sol","s":{"1":0,"2":0,"3":0,"4":0,"5":0,"6":0,"7":0,"8":0,"9":0,"10":0,"11":0,"12":0,"13":0,"14":0,"15":0,"16":0,"17":0,"18":0,"19":0,"20":0,"21":0,"22":0,"23":0,"24":0,"25":0,"26":0,"27":0,"28":0,"29":0,"30":0,"31":0,"32":0,"33":0,"34":0,"35":0,"36":0,"37":0,"38":0,"39":0,"40":0,"41":0,"42":0,"43":0,"44":0,"45":0,"46":0,"47":0,"48":0,"49":0,"50":0,"51":0,"52":0,"53":0,"54":0,"55":0,"56":0,"57":0,"58":0,"59":0,"60":0,"61":0,"62":0,"63":0,"64":0,"65":0,"66":0,"67":0,"68":0,"69":0,"70":0,"71":0,"72":0,"73":0,"74":0,"75":0,"76":0,"77":0,"78":0,"79":0,"80":0,"81":0,"82":0,"83":0,"84":0,"85":0,"86":0,"87":0,"88":0,"89":0,"90":0,"91":0,"92":0,"93":0,"94":0,"95":0,"96":0,"97":0,"98":0,"99":0,"100":0},"b":{"1":[0,0],"2":[0,0],"3":[0,0],"4":[0,0],"5":[0,0],"6":[0,0],"7":[0,0],"8":[0,0],"9":[0,0],"10":[0,0],"11":[0,0],"12":[0,0],"13":[0,0],"14":[0,0],"15":[0,0],"16":[0,0],"17":[0,0],"18":[0,0],"19":[0,0],"20":[0,0],"21":[0,0],"22":[0,0],"23":[0,0],"24":[0,0],"25":[0,0],"26":[0,0],"27":[0,0],"28":[0,0],"29":[0,0],"30":[0,0],"31":[0,0],"32":[0,0]},"f":{"1":0,"2":0,"3":0,"4":0,"5":0,"6":0,"7":0,"8":0,"9":0,"10":0,"11":0,"12":0,"13":0,"14":0,"15":0,"16":0,"17":0,"18":0,"19":0,"20":0,"21":0,"22":0,"23":0,"24":0,"25":0,"26":0,"27":0,"28":0,"29":0,"30":0,"31":0,"32":0,"33":0,"34":0,"35":0,"36":0,"37":0,"38":0,"39":0,"40":0,"41":0,"42":0,"43":0},"fnMap":{"1":{"name":"calculateId","line":29,"loc":{"start":{"line":29,"column":4},"end":{"line":34,"column":4}}},"2":{"name":"constructor","line":50,"loc":{"start":{"line":50,"column":4},"end":{"line":53,"column":4}}},"3":{"name":"balanceOfSignature","line":55,"loc":{"start":{"line":55,"column":4},"end":{"line":57,"column":4}}},"4":{"name":"mint","line":63,"loc":{"start":{"line":61,"column":4},"end":{"line":68,"column":4}}},"5":{"name":"_afterTokenTransfer","line":70,"loc":{"start":{"line":70,"column":4},"end":{"line":85,"column":4}}},"6":{"name":"_beforeTokenTransfer","line":88,"loc":{"start":{"line":88,"column":4},"end":{"line":96,"column":4}}},"7":{"name":"_transferAllowed","line":99,"loc":{"start":{"line":99,"column":4},"end":{"line":108,"column":4}}},"8":{"name":"changeEnableTradingThreshold","line":113,"loc":{"start":{"line":111,"column":4},"end":{"line":117,"column":4}}},"9":{"name":"changeTradingEnabledGlobally","line":121,"loc":{"start":{"line":119,"column":4},"end":{"line":125,"column":4}}},"10":{"name":"approveContract","line":129,"loc":{"start":{"line":127,"column":4},"end":{"line":133,"column":4}}},"11":{"name":"onlyByCallFromMotherContract","line":136,"loc":{"start":{"line":136,"column":4},"end":{"line":141,"column":4}}},"12":{"name":"onlyApprovedContract","line":144,"loc":{"start":{"line":144,"column":4},"end":{"line":149,"column":4}}},"13":{"name":"constructor","line":211,"loc":{"start":{"line":211,"column":4},"end":{"line":235,"column":4}}},"14":{"name":"addSimpleVotingContract","line":237,"loc":{"start":{"line":237,"column":4},"end":{"line":242,"column":4}}},"15":{"name":"changeAssignedContract","line":247,"loc":{"start":{"line":245,"column":4},"end":{"line":253,"column":4}}},"16":{"name":"changeMetaParameters","line":264,"loc":{"start":{"line":257,"column":4},"end":{"line":272,"column":4}}},"17":{"name":"setMainBadge","line":281,"loc":{"start":{"line":279,"column":4},"end":{"line":285,"column":4}}},"18":{"name":"setMinXpToStartAnything","line":288,"loc":{"start":{"line":287,"column":4},"end":{"line":292,"column":4}}},"19":{"name":"setMinXpToStartThisFunction","line":295,"loc":{"start":{"line":294,"column":4},"end":{"line":298,"column":4}}},"20":{"name":"setEnableTradingThreshold","line":302,"loc":{"start":{"line":300,"column":4},"end":{"line":305,"column":4}}},"21":{"name":"setTradingEnabledGlobally","line":309,"loc":{"start":{"line":307,"column":4},"end":{"line":312,"column":4}}},"22":{"name":"setAcceptingNFTs","line":316,"loc":{"start":{"line":314,"column":4},"end":{"line":319,"column":4}}},"23":{"name":"changeCounter","line":329,"loc":{"start":{"line":327,"column":4},"end":{"line":345,"column":4}}},"24":{"name":"changeOperation","line":349,"loc":{"start":{"line":347,"column":4},"end":{"line":352,"column":4}}},"25":{"name":"changeIncumbent","line":356,"loc":{"start":{"line":354,"column":4},"end":{"line":363,"column":4}}},"26":{"name":"deployNewBadge","line":371,"loc":{"start":{"line":369,"column":4},"end":{"line":382,"column":4}}},"27":{"name":"deployNewContract","line":387,"loc":{"start":{"line":385,"column":4},"end":{"line":391,"column":4}}},"28":{"name":"sendNFT","line":401,"loc":{"start":{"line":399,"column":4},"end":{"line":404,"column":4}}},"29":{"name":"sendERC20Token","line":408,"loc":{"start":{"line":406,"column":4},"end":{"line":411,"column":4}}},"30":{"name":"approveNFT","line":417,"loc":{"start":{"line":415,"column":4},"end":{"line":424,"column":4}}},"31":{"name":"approveERC20Token","line":429,"loc":{"start":{"line":427,"column":4},"end":{"line":432,"column":4}}},"32":{"name":"wildCard","line":436,"loc":{"start":{"line":434,"column":4},"end":{"line":441,"column":4}}},"33":{"name":"_deployContract","line":447,"loc":{"start":{"line":447,"column":4},"end":{"line":451,"column":4}}},"34":{"name":"_beforeStart","line":454,"loc":{"start":{"line":454,"column":4},"end":{"line":463,"column":4}}},"35":{"name":"_afterStart","line":465,"loc":{"start":{"line":465,"column":4},"end":{"line":493,"column":4}}},"36":{"name":"_beforeVote","line":495,"loc":{"start":{"line":495,"column":4},"end":{"line":508,"column":4}}},"37":{"name":"_afterVote","line":510,"loc":{"start":{"line":510,"column":4},"end":{"line":514,"column":4}}},"38":{"name":"_beforeImplement","line":518,"loc":{"start":{"line":518,"column":4},"end":{"line":528,"column":4}}},"39":{"name":null,"line":530,"loc":{"start":{"line":530,"column":4},"end":{"line":531,"column":4}}},"40":{"name":"onERC721Received","line":544,"loc":{"start":{"line":544,"column":4},"end":{"line":552,"column":4}}},"41":{"name":"getIncumbent","line":555,"loc":{"start":{"line":555,"column":4},"end":{"line":557,"column":4}}},"42":{"name":"OnlyByVote","line":560,"loc":{"start":{"line":560,"column":4},"end":{"line":563,"column":4}}},"43":{"name":"OnlyByVoteOrOnceByDeployer","line":565,"loc":{"start":{"line":565,"column":4},"end":{"line":571,"column":4}}}},"statementMap":{"1":{"start":{"line":30,"column":8},"end":{"line":30,"column":1443}},"2":{"start":{"line":51,"column":8},"end":{"line":51,"column":34}},"3":{"start":{"line":52,"column":8},"end":{"line":52,"column":44}},"4":{"start":{"line":66,"column":8},"end":{"line":66,"column":62}},"5":{"start":{"line":75,"column":8},"end":{"line":75,"column":56}},"6":{"start":{"line":76,"column":8},"end":{"line":76,"column":2816}},"7":{"start":{"line":78,"column":12},"end":{"line":78,"column":49}},"8":{"start":{"line":81,"column":12},"end":{"line":81,"column":53}},"9":{"start":{"line":82,"column":12},"end":{"line":82,"column":57}},"10":{"start":{"line":83,"column":12},"end":{"line":83,"column":51}},"11":{"start":{"line":93,"column":8},"end":{"line":93,"column":3300}},"12":{"start":{"line":102,"column":8},"end":{"line":102,"column":54}},"13":{"start":{"line":103,"column":8},"end":{"line":103,"column":3681}},"14":{"start":{"line":104,"column":12},"end":{"line":104,"column":44}},"15":{"start":{"line":107,"column":8},"end":{"line":107,"column":67}},"16":{"start":{"line":116,"column":8},"end":{"line":116,"column":44}},"17":{"start":{"line":124,"column":8},"end":{"line":124,"column":38}},"18":{"start":{"line":132,"column":8},"end":{"line":132,"column":49}},"19":{"start":{"line":137,"column":8},"end":{"line":137,"column":4507}},"20":{"start":{"line":145,"column":8},"end":{"line":145,"column":4680}},"21":{"start":{"line":221,"column":8},"end":{"line":221,"column":28}},"22":{"start":{"line":223,"column":8},"end":{"line":223,"column":73}},"23":{"start":{"line":226,"column":8},"end":{"line":226,"column":7209}},"24":{"start":{"line":227,"column":12},"end":{"line":227,"column":62}},"25":{"start":{"line":228,"column":12},"end":{"line":228,"column":84}},"26":{"start":{"line":229,"column":12},"end":{"line":229,"column":7423}},"27":{"start":{"line":239,"column":8},"end":{"line":239,"column":69}},"28":{"start":{"line":240,"column":8},"end":{"line":240,"column":83}},"29":{"start":{"line":241,"column":8},"end":{"line":241,"column":41}},"30":{"start":{"line":250,"column":8},"end":{"line":250,"column":72}},"31":{"start":{"line":251,"column":8},"end":{"line":251,"column":46}},"32":{"start":{"line":252,"column":8},"end":{"line":252,"column":53}},"33":{"start":{"line":266,"column":8},"end":{"line":266,"column":46}},"34":{"start":{"line":267,"column":8},"end":{"line":267,"column":8669}},"35":{"start":{"line":283,"column":8},"end":{"line":283,"column":92}},"36":{"start":{"line":284,"column":8},"end":{"line":284,"column":31}},"37":{"start":{"line":290,"column":8},"end":{"line":290,"column":49}},"38":{"start":{"line":291,"column":8},"end":{"line":291,"column":35}},"39":{"start":{"line":297,"column":8},"end":{"line":297,"column":49}},"40":{"start":{"line":304,"column":8},"end":{"line":304,"column":67}},"41":{"start":{"line":311,"column":8},"end":{"line":311,"column":61}},"42":{"start":{"line":318,"column":8},"end":{"line":318,"column":29}},"43":{"start":{"line":331,"column":8},"end":{"line":331,"column":10275}},"44":{"start":{"line":332,"column":12},"end":{"line":332,"column":24}},"45":{"start":{"line":333,"column":15},"end":{"line":333,"column":10348}},"46":{"start":{"line":334,"column":12},"end":{"line":334,"column":24}},"47":{"start":{"line":335,"column":15},"end":{"line":335,"column":10427}},"48":{"start":{"line":336,"column":12},"end":{"line":336,"column":24}},"49":{"start":{"line":337,"column":15},"end":{"line":337,"column":10506}},"50":{"start":{"line":338,"column":12},"end":{"line":338,"column":33}},"51":{"start":{"line":339,"column":15},"end":{"line":339,"column":10592}},"52":{"start":{"line":340,"column":12},"end":{"line":340,"column":33}},"53":{"start":{"line":341,"column":15},"end":{"line":341,"column":10678}},"54":{"start":{"line":342,"column":12},"end":{"line":342,"column":34}},"55":{"start":{"line":351,"column":8},"end":{"line":351,"column":31}},"56":{"start":{"line":358,"column":8},"end":{"line":358,"column":11027}},"57":{"start":{"line":359,"column":12},"end":{"line":359,"column":29}},"58":{"start":{"line":360,"column":12},"end":{"line":360,"column":52}},"59":{"start":{"line":362,"column":8},"end":{"line":362,"column":65}},"60":{"start":{"line":373,"column":8},"end":{"line":373,"column":57}},"61":{"start":{"line":374,"column":8},"end":{"line":374,"column":82}},"62":{"start":{"line":375,"column":8},"end":{"line":375,"column":28}},"63":{"start":{"line":377,"column":8},"end":{"line":377,"column":11791}},"64":{"start":{"line":389,"column":8},"end":{"line":389,"column":57}},"65":{"start":{"line":390,"column":8},"end":{"line":390,"column":47}},"66":{"start":{"line":403,"column":8},"end":{"line":403,"column":66}},"67":{"start":{"line":410,"column":8},"end":{"line":410,"column":41}},"68":{"start":{"line":421,"column":8},"end":{"line":421,"column":12965}},"69":{"start":{"line":431,"column":8},"end":{"line":431,"column":45}},"70":{"start":{"line":438,"column":8},"end":{"line":438,"column":64}},"71":{"start":{"line":439,"column":8},"end":{"line":439,"column":88}},"72":{"start":{"line":440,"column":8},"end":{"line":440,"column":41}},"73":{"start":{"line":457,"column":8},"end":{"line":457,"column":107}},"74":{"start":{"line":458,"column":8},"end":{"line":458,"column":65}},"75":{"start":{"line":460,"column":8},"end":{"line":460,"column":14410}},"76":{"start":{"line":469,"column":8},"end":{"line":469,"column":56}},"77":{"start":{"line":470,"column":8},"end":{"line":470,"column":69}},"78":{"start":{"line":471,"column":8},"end":{"line":471,"column":14867}},"79":{"start":{"line":472,"column":11},"end":{"line":472,"column":50}},"80":{"start":{"line":473,"column":11},"end":{"line":473,"column":14958}},"81":{"start":{"line":474,"column":16},"end":{"line":474,"column":131}},"82":{"start":{"line":476,"column":11},"end":{"line":476,"column":15164}},"83":{"start":{"line":477,"column":16},"end":{"line":477,"column":101}},"84":{"start":{"line":479,"column":11},"end":{"line":479,"column":15343}},"85":{"start":{"line":480,"column":16},"end":{"line":480,"column":98}},"86":{"start":{"line":482,"column":16},"end":{"line":482,"column":107}},"87":{"start":{"line":486,"column":8},"end":{"line":486,"column":15835}},"88":{"start":{"line":492,"column":8},"end":{"line":492,"column":29}},"89":{"start":{"line":498,"column":8},"end":{"line":498,"column":56}},"90":{"start":{"line":499,"column":8},"end":{"line":499,"column":69}},"91":{"start":{"line":500,"column":8},"end":{"line":500,"column":16260}},"92":{"start":{"line":502,"column":12},"end":{"line":502,"column":16443}},"93":{"start":{"line":513,"column":8},"end":{"line":513,"column":25}},"94":{"start":{"line":521,"column":8},"end":{"line":521,"column":16954}},"95":{"start":{"line":527,"column":8},"end":{"line":527,"column":35}},"96":{"start":{"line":551,"column":8},"end":{"line":551,"column":49}},"97":{"start":{"line":556,"column":8},"end":{"line":556,"column":58}},"98":{"start":{"line":561,"column":8},"end":{"line":561,"column":68}},"99":{"start":{"line":566,"column":8},"end":{"line":566,"column":18269}},"100":{"start":{"line":567,"column":12},"end":{"line":567,"column":65}}},"branchMap":{"1":{"line":76,"type":"if","locations":[{"start":{"line":76,"column":8},"end":{"line":76,"column":8}},{"start":{"line":76,"column":8},"end":{"line":76,"column":8}}]},"2":{"line":93,"type":"if","locations":[{"start":{"line":93,"column":8},"end":{"line":93,"column":8}},{"start":{"line":93,"column":8},"end":{"line":93,"column":8}}]},"3":{"line":103,"type":"if","locations":[{"start":{"line":103,"column":8},"end":{"line":103,"column":8}},{"start":{"line":103,"column":8},"end":{"line":103,"column":8}}]},"4":{"line":137,"type":"if","locations":[{"start":{"line":137,"column":8},"end":{"line":137,"column":8}},{"start":{"line":137,"column":8},"end":{"line":137,"column":8}}]},"5":{"line":145,"type":"if","locations":[{"start":{"line":145,"column":8},"end":{"line":145,"column":8}},{"start":{"line":145,"column":8},"end":{"line":145,"column":8}}]},"6":{"line":239,"type":"if","locations":[{"start":{"line":239,"column":8},"end":{"line":239,"column":8}},{"start":{"line":239,"column":8},"end":{"line":239,"column":8}}]},"7":{"line":250,"type":"if","locations":[{"start":{"line":250,"column":8},"end":{"line":250,"column":8}},{"start":{"line":250,"column":8},"end":{"line":250,"column":8}}]},"8":{"line":251,"type":"if","locations":[{"start":{"line":251,"column":8},"end":{"line":251,"column":8}},{"start":{"line":251,"column":8},"end":{"line":251,"column":8}}]},"9":{"line":266,"type":"if","locations":[{"start":{"line":266,"column":8},"end":{"line":266,"column":8}},{"start":{"line":266,"column":8},"end":{"line":266,"column":8}}]},"10":{"line":283,"type":"if","locations":[{"start":{"line":283,"column":8},"end":{"line":283,"column":8}},{"start":{"line":283,"column":8},"end":{"line":283,"column":8}}]},"11":{"line":290,"type":"if","locations":[{"start":{"line":290,"column":8},"end":{"line":290,"column":8}},{"start":{"line":290,"column":8},"end":{"line":290,"column":8}}]},"12":{"line":331,"type":"if","locations":[{"start":{"line":331,"column":8},"end":{"line":331,"column":8}},{"start":{"line":331,"column":8},"end":{"line":331,"column":8}}]},"13":{"line":333,"type":"if","locations":[{"start":{"line":333,"column":15},"end":{"line":333,"column":15}},{"start":{"line":333,"column":15},"end":{"line":333,"column":15}}]},"14":{"line":335,"type":"if","locations":[{"start":{"line":335,"column":15},"end":{"line":335,"column":15}},{"start":{"line":335,"column":15},"end":{"line":335,"column":15}}]},"15":{"line":337,"type":"if","locations":[{"start":{"line":337,"column":15},"end":{"line":337,"column":15}},{"start":{"line":337,"column":15},"end":{"line":337,"column":15}}]},"16":{"line":339,"type":"if","locations":[{"start":{"line":339,"column":15},"end":{"line":339,"column":15}},{"start":{"line":339,"column":15},"end":{"line":339,"column":15}}]},"17":{"line":341,"type":"if","locations":[{"start":{"line":341,"column":15},"end":{"line":341,"column":15}},{"start":{"line":341,"column":15},"end":{"line":341,"column":15}}]},"18":{"line":358,"type":"if","locations":[{"start":{"line":358,"column":8},"end":{"line":358,"column":8}},{"start":{"line":358,"column":8},"end":{"line":358,"column":8}}]},"19":{"line":438,"type":"if","locations":[{"start":{"line":438,"column":8},"end":{"line":438,"column":8}},{"start":{"line":438,"column":8},"end":{"line":438,"column":8}}]},"20":{"line":440,"type":"if","locations":[{"start":{"line":440,"column":8},"end":{"line":440,"column":8}},{"start":{"line":440,"column":8},"end":{"line":440,"column":8}}]},"21":{"line":460,"type":"if","locations":[{"start":{"line":460,"column":8},"end":{"line":460,"column":8}},{"start":{"line":460,"column":8},"end":{"line":460,"column":8}}]},"22":{"line":471,"type":"if","locations":[{"start":{"line":471,"column":8},"end":{"line":471,"column":8}},{"start":{"line":471,"column":8},"end":{"line":471,"column":8}}]},"23":{"line":473,"type":"if","locations":[{"start":{"line":473,"column":11},"end":{"line":473,"column":11}},{"start":{"line":473,"column":11},"end":{"line":473,"column":11}}]},"24":{"line":474,"type":"if","locations":[{"start":{"line":474,"column":16},"end":{"line":474,"column":16}},{"start":{"line":474,"column":16},"end":{"line":474,"column":16}}]},"25":{"line":476,"type":"if","locations":[{"start":{"line":476,"column":11},"end":{"line":476,"column":11}},{"start":{"line":476,"column":11},"end":{"line":476,"column":11}}]},"26":{"line":477,"type":"if","locations":[{"start":{"line":477,"column":16},"end":{"line":477,"column":16}},{"start":{"line":477,"column":16},"end":{"line":477,"column":16}}]},"27":{"line":479,"type":"if","locations":[{"start":{"line":479,"column":11},"end":{"line":479,"column":11}},{"start":{"line":479,"column":11},"end":{"line":479,"column":11}}]},"28":{"line":482,"type":"if","locations":[{"start":{"line":482,"column":16},"end":{"line":482,"column":16}},{"start":{"line":482,"column":16},"end":{"line":482,"column":16}}]},"29":{"line":500,"type":"if","locations":[{"start":{"line":500,"column":8},"end":{"line":500,"column":8}},{"start":{"line":500,"column":8},"end":{"line":500,"column":8}}]},"30":{"line":561,"type":"if","locations":[{"start":{"line":561,"column":8},"end":{"line":561,"column":8}},{"start":{"line":561,"column":8},"end":{"line":561,"column":8}}]},"31":{"line":566,"type":"if","locations":[{"start":{"line":566,"column":8},"end":{"line":566,"column":8}},{"start":{"line":566,"column":8},"end":{"line":566,"column":8}}]},"32":{"line":567,"type":"if","locations":[{"start":{"line":567,"column":12},"end":{"line":567,"column":12}},{"start":{"line":567,"column":12},"end":{"line":567,"column":12}}]}}},"voting/extensions/abstracts/BaseVotingContract.sol":{"l":{"66":216,"69":186,"72":186,"75":186,"114":65,"119":27},"path":"/home/leonhard/Projects/VotingRegistry/VotingRegistryContracts/voting/extensions/abstracts/BaseVotingContract.sol","s":{"1":216,"2":186,"3":186,"4":186,"5":65,"6":27},"b":{},"f":{"1":216,"2":0,"3":65,"4":27},"fnMap":{"1":{"name":"start","line":59,"loc":{"start":{"line":59,"column":4},"end":{"line":76,"column":4}}},"2":{"name":"_checkCondition","line":101,"loc":{"start":{"line":101,"column":4},"end":{"line":101,"column":96}}},"3":{"name":"getCurrentIndex","line":113,"loc":{"start":{"line":113,"column":4},"end":{"line":115,"column":4}}},"4":{"name":"supportsInterface","line":118,"loc":{"start":{"line":118,"column":4},"end":{"line":122,"column":4}}}},"statementMap":{"1":{"start":{"line":66,"column":8},"end":{"line":66,"column":52}},"2":{"start":{"line":69,"column":8},"end":{"line":69,"column":61}},"3":{"start":{"line":72,"column":8},"end":{"line":72,"column":33}},"4":{"start":{"line":75,"column":8},"end":{"line":75,"column":25}},"5":{"start":{"line":114,"column":8},"end":{"line":114,"column":35}},"6":{"start":{"line":119,"column":8},"end":{"line":119,"column":6269}}},"branchMap":{}},"voting/extensions/interfaces/ICallerGetter.sol":{"l":{},"path":"/home/leonhard/Projects/VotingRegistry/VotingRegistryContracts/voting/extensions/interfaces/ICallerGetter.sol","s":{},"b":{},"f":{},"fnMap":{},"statementMap":{},"branchMap":{}},"voting/extensions/interfaces/IGetCallbackData.sol":{"l":{},"path":"/home/leonhard/Projects/VotingRegistry/VotingRegistryContracts/voting/extensions/interfaces/IGetCallbackData.sol","s":{},"b":{},"f":{},"fnMap":{},"statementMap":{},"branchMap":{}},"voting/extensions/interfaces/IGetCallbackHash.sol":{"l":{},"path":"/home/leonhard/Projects/VotingRegistry/VotingRegistryContracts/voting/extensions/interfaces/IGetCallbackHash.sol","s":{},"b":{},"f":{},"fnMap":{},"statementMap":{},"branchMap":{}},"voting/extensions/interfaces/IGetDeadline.sol":{"l":{},"path":"/home/leonhard/Projects/VotingRegistry/VotingRegistryContracts/voting/extensions/interfaces/IGetDeadline.sol","s":{},"b":{},"f":{},"fnMap":{},"statementMap":{},"branchMap":{}},"voting/extensions/interfaces/IGetDoubleVotingGuard.sol":{"l":{},"path":"/home/leonhard/Projects/VotingRegistry/VotingRegistryContracts/voting/extensions/interfaces/IGetDoubleVotingGuard.sol","s":{},"b":{},"f":{},"fnMap":{},"statementMap":{},"branchMap":{}},"voting/extensions/interfaces/IGetQuorum.sol":{"l":{},"path":"/home/leonhard/Projects/VotingRegistry/VotingRegistryContracts/voting/extensions/interfaces/IGetQuorum.sol","s":{},"b":{},"f":{},"fnMap":{},"statementMap":{},"branchMap":{}},"voting/extensions/interfaces/IGetToken.sol":{"l":{},"path":"/home/leonhard/Projects/VotingRegistry/VotingRegistryContracts/voting/extensions/interfaces/IGetToken.sol","s":{},"b":{},"f":{},"fnMap":{},"statementMap":{},"branchMap":{}},"voting/extensions/interfaces/IHasAlreadyVoted.sol":{"l":{},"path":"/home/leonhard/Projects/VotingRegistry/VotingRegistryContracts/voting/extensions/interfaces/IHasAlreadyVoted.sol","s":{},"b":{},"f":{},"fnMap":{},"statementMap":{},"branchMap":{}},"voting/extensions/interfaces/IImplementingPermitted.sol":{"l":{},"path":"/home/leonhard/Projects/VotingRegistry/VotingRegistryContracts/voting/extensions/interfaces/IImplementingPermitted.sol","s":{},"b":{},"f":{},"fnMap":{},"statementMap":{},"branchMap":{}},"voting/extensions/interfaces/IImplementResult.sol":{"l":{},"path":"/home/leonhard/Projects/VotingRegistry/VotingRegistryContracts/voting/extensions/interfaces/IImplementResult.sol","s":{},"b":{},"f":{},"fnMap":{},"statementMap":{},"branchMap":{}},"voting/extensions/interfaces/IStatusGetter.sol":{"l":{},"path":"/home/leonhard/Projects/VotingRegistry/VotingRegistryContracts/voting/extensions/interfaces/IStatusGetter.sol","s":{},"b":{},"f":{},"fnMap":{},"statementMap":{},"branchMap":{}},"voting/extensions/interfaces/IVotingPermitted.sol":{"l":{},"path":"/home/leonhard/Projects/VotingRegistry/VotingRegistryContracts/voting/extensions/interfaces/IVotingPermitted.sol","s":{},"b":{},"f":{},"fnMap":{},"statementMap":{},"branchMap":{}},"voting/extensions/primitives/CallbackData.sol":{"l":{"15":0},"path":"/home/leonhard/Projects/VotingRegistry/VotingRegistryContracts/voting/extensions/primitives/CallbackData.sol","s":{"1":0},"b":{},"f":{"1":0},"fnMap":{"1":{"name":"getCallbackData","line":14,"loc":{"start":{"line":14,"column":4},"end":{"line":16,"column":4}}}},"statementMap":{"1":{"start":{"line":15,"column":8},"end":{"line":15,"column":40}}},"branchMap":{}},"voting/extensions/primitives/CallbackHash.sol":{"l":{"14":0},"path":"/home/leonhard/Projects/VotingRegistry/VotingRegistryContracts/voting/extensions/primitives/CallbackHash.sol","s":{"1":0},"b":{},"f":{"1":0},"fnMap":{"1":{"name":"getCallbackHash","line":13,"loc":{"start":{"line":13,"column":4},"end":{"line":15,"column":4}}}},"statementMap":{"1":{"start":{"line":14,"column":8},"end":{"line":14,"column":40}}},"branchMap":{}},"voting/extensions/primitives/Caller.sol":{"l":{"15":3},"path":"/home/leonhard/Projects/VotingRegistry/VotingRegistryContracts/voting/extensions/primitives/Caller.sol","s":{"1":3},"b":{},"f":{"1":3},"fnMap":{"1":{"name":"getCaller","line":14,"loc":{"start":{"line":14,"column":4},"end":{"line":16,"column":4}}}},"statementMap":{"1":{"start":{"line":15,"column":8},"end":{"line":15,"column":35}}},"branchMap":{}},"voting/extensions/primitives/CastSimpleVote.sol":{"l":{"12":72,"16":37},"path":"/home/leonhard/Projects/VotingRegistry/VotingRegistryContracts/voting/extensions/primitives/CastSimpleVote.sol","s":{"1":72,"2":37},"b":{},"f":{"1":72,"2":37},"fnMap":{"1":{"name":"_castVote","line":10,"loc":{"start":{"line":10,"column":4},"end":{"line":13,"column":4}}},"2":{"name":"_getVotes","line":15,"loc":{"start":{"line":15,"column":4},"end":{"line":17,"column":4}}}},"statementMap":{"1":{"start":{"line":12,"column":8},"end":{"line":12,"column":42}},"2":{"start":{"line":16,"column":8},"end":{"line":16,"column":32}}},"branchMap":{}},"voting/extensions/primitives/CastYesNoAbstainVote.sol":{"l":{"14":64,"18":31},"path":"/home/leonhard/Projects/VotingRegistry/VotingRegistryContracts/voting/extensions/primitives/CastYesNoAbstainVote.sol","s":{"1":64,"2":31},"b":{},"f":{"1":64,"2":31},"fnMap":{"1":{"name":"_castVote","line":12,"loc":{"start":{"line":12,"column":4},"end":{"line":15,"column":4}}},"2":{"name":"_getVotes","line":17,"loc":{"start":{"line":17,"column":4},"end":{"line":19,"column":4}}}},"statementMap":{"1":{"start":{"line":14,"column":8},"end":{"line":14,"column":51}},"2":{"start":{"line":18,"column":8},"end":{"line":18,"column":32}}},"branchMap":{}},"voting/extensions/primitives/CheckCalldataValidity.sol":{"l":{"16":46},"path":"/home/leonhard/Projects/VotingRegistry/VotingRegistryContracts/voting/extensions/primitives/CheckCalldataValidity.sol","s":{"1":46},"b":{},"f":{"1":46},"fnMap":{"1":{"name":"_isValidCalldata","line":11,"loc":{"start":{"line":11,"column":4},"end":{"line":17,"column":4}}}},"statementMap":{"1":{"start":{"line":16,"column":8},"end":{"line":16,"column":87}}},"branchMap":{}},"voting/extensions/primitives/Deadline.sol":{"l":{"13":157,"17":206},"path":"/home/leonhard/Projects/VotingRegistry/VotingRegistryContracts/voting/extensions/primitives/Deadline.sol","s":{"1":157,"2":206},"b":{},"f":{"1":157,"2":206},"fnMap":{"1":{"name":"_setDeadline","line":12,"loc":{"start":{"line":12,"column":4},"end":{"line":14,"column":4}}},"2":{"name":"_deadlineHasPassed","line":16,"loc":{"start":{"line":16,"column":4},"end":{"line":18,"column":4}}}},"statementMap":{"1":{"start":{"line":13,"column":8},"end":{"line":13,"column":57}},"2":{"start":{"line":17,"column":8},"end":{"line":17,"column":58}}},"branchMap":{}},"voting/extensions/primitives/ImplementingPermitted.sol":{"l":{"12":0,"19":0},"path":"/home/leonhard/Projects/VotingRegistry/VotingRegistryContracts/voting/extensions/primitives/ImplementingPermitted.sol","s":{"1":0,"2":0},"b":{},"f":{"1":0,"2":0},"fnMap":{"1":{"name":"_implementingPermitted","line":11,"loc":{"start":{"line":11,"column":4},"end":{"line":13,"column":4}}},"2":{"name":"implementingPermitted","line":18,"loc":{"start":{"line":18,"column":4},"end":{"line":20,"column":4}}}},"statementMap":{"1":{"start":{"line":12,"column":8},"end":{"line":12,"column":99}},"2":{"start":{"line":19,"column":8},"end":{"line":19,"column":53}}},"branchMap":{}},"voting/extensions/primitives/ImplementResult.sol":{"l":{"30":49,"31":8,"35":41,"38":39,"41":39,"47":39,"51":30,"54":9,"57":32,"61":32,"93":8,"96":5,"101":4,"115":4,"120":4,"124":4},"path":"/home/leonhard/Projects/VotingRegistry/VotingRegistryContracts/voting/extensions/primitives/ImplementResult.sol","s":{"1":49,"2":41,"3":39,"4":39,"5":39,"6":30,"7":9,"8":32,"9":32,"10":8,"11":5,"12":4,"13":4,"14":4,"15":4,"16":0},"b":{"1":[8,41],"2":[30,9],"3":[3,5]},"f":{"1":49,"2":0,"3":8,"4":0,"5":0},"fnMap":{"1":{"name":"implement","line":23,"loc":{"start":{"line":23,"column":4},"end":{"line":62,"column":4}}},"2":{"name":"_requireValidCallbackData","line":64,"loc":{"start":{"line":64,"column":4},"end":{"line":64,"column":107}}},"3":{"name":"implement","line":86,"loc":{"start":{"line":86,"column":4},"end":{"line":125,"column":4}}},"4":{"name":"_modifyCallback","line":127,"loc":{"start":{"line":127,"column":4},"end":{"line":127,"column":163}}},"5":{"name":"_requireValidCallbackData","line":129,"loc":{"start":{"line":129,"column":4},"end":{"line":129,"column":107}}}},"statementMap":{"1":{"start":{"line":30,"column":8},"end":{"line":30,"column":1238}},"2":{"start":{"line":35,"column":8},"end":{"line":35,"column":54}},"3":{"start":{"line":38,"column":8},"end":{"line":38,"column":69}},"4":{"start":{"line":41,"column":8},"end":{"line":41,"column":1771}},"5":{"start":{"line":47,"column":8},"end":{"line":47,"column":1962}},"6":{"start":{"line":51,"column":12},"end":{"line":51,"column":86}},"7":{"start":{"line":54,"column":12},"end":{"line":54,"column":83}},"8":{"start":{"line":57,"column":8},"end":{"line":57,"column":2652}},"9":{"start":{"line":61,"column":8},"end":{"line":61,"column":30}},"10":{"start":{"line":93,"column":8},"end":{"line":93,"column":135}},"11":{"start":{"line":96,"column":8},"end":{"line":96,"column":54}},"12":{"start":{"line":101,"column":8},"end":{"line":101,"column":4290}},"13":{"start":{"line":115,"column":8},"end":{"line":115,"column":5003}},"14":{"start":{"line":120,"column":8},"end":{"line":120,"column":5246}},"15":{"start":{"line":124,"column":8},"end":{"line":124,"column":30}},"16":{"start":{"line":127,"column":135},"end":{"line":127,"column":161}}},"branchMap":{"1":{"line":30,"type":"if","locations":[{"start":{"line":30,"column":8},"end":{"line":30,"column":8}},{"start":{"line":30,"column":8},"end":{"line":30,"column":8}}]},"2":{"line":47,"type":"if","locations":[{"start":{"line":47,"column":8},"end":{"line":47,"column":8}},{"start":{"line":47,"column":8},"end":{"line":47,"column":8}}]},"3":{"line":93,"type":"if","locations":[{"start":{"line":93,"column":8},"end":{"line":93,"column":8}},{"start":{"line":93,"column":8},"end":{"line":93,"column":8}}]}}},"voting/extensions/primitives/ImplementResultPrimitive.sol":{"l":{"28":43,"29":43,"30":43,"88":0,"89":0,"93":0,"94":0,"109":0,"112":0,"114":0,"115":0,"130":0,"131":0,"135":0,"136":0,"146":0,"147":0},"path":"/home/leonhard/Projects/VotingRegistry/VotingRegistryContracts/voting/extensions/primitives/ImplementResultPrimitive.sol","s":{"1":43,"2":43,"3":43,"4":0,"5":0,"6":0,"7":0,"8":0,"9":0,"10":0,"11":0,"12":0,"13":0,"14":0},"b":{"1":[0,0],"2":[0,0],"3":[0,0]},"f":{"1":43,"2":0,"3":0,"4":0,"5":0,"6":0,"7":0,"8":0},"fnMap":{"1":{"name":"_implement","line":23,"loc":{"start":{"line":23,"column":4},"end":{"line":31,"column":4}}},"2":{"name":"_handleFailedImplementation","line":43,"loc":{"start":{"line":43,"column":4},"end":{"line":47,"column":5}}},"3":{"name":"_handleFailedImplementation","line":60,"loc":{"start":{"line":60,"column":4},"end":{"line":64,"column":5}}},"4":{"name":"_handleNotFailedImplementation","line":66,"loc":{"start":{"line":66,"column":4},"end":{"line":70,"column":5}}},"5":{"name":"_handleFailedImplementation","line":82,"loc":{"start":{"line":82,"column":4},"end":{"line":97,"column":4}}},"6":{"name":"_handleNotFailedImplementation","line":100,"loc":{"start":{"line":100,"column":4},"end":{"line":118,"column":4}}},"7":{"name":"_handleFailedImplementation","line":127,"loc":{"start":{"line":127,"column":4},"end":{"line":139,"column":4}}},"8":{"name":"_handleNotFailedImplementation","line":142,"loc":{"start":{"line":142,"column":4},"end":{"line":148,"column":4}}}},"statementMap":{"1":{"start":{"line":28,"column":8},"end":{"line":28,"column":94}},"2":{"start":{"line":29,"column":8},"end":{"line":29,"column":126}},"3":{"start":{"line":30,"column":8},"end":{"line":30,"column":39}},"4":{"start":{"line":88,"column":8},"end":{"line":88,"column":2939}},"5":{"start":{"line":93,"column":12},"end":{"line":93,"column":72}},"6":{"start":{"line":94,"column":12},"end":{"line":94,"column":51}},"7":{"start":{"line":109,"column":8},"end":{"line":109,"column":3804}},"8":{"start":{"line":114,"column":12},"end":{"line":114,"column":64}},"9":{"start":{"line":115,"column":12},"end":{"line":115,"column":69}},"10":{"start":{"line":130,"column":8},"end":{"line":130,"column":4541}},"11":{"start":{"line":135,"column":12},"end":{"line":135,"column":72}},"12":{"start":{"line":136,"column":12},"end":{"line":136,"column":51}},"13":{"start":{"line":146,"column":8},"end":{"line":146,"column":60}},"14":{"start":{"line":147,"column":8},"end":{"line":147,"column":65}}},"branchMap":{"1":{"line":88,"type":"if","locations":[{"start":{"line":88,"column":8},"end":{"line":88,"column":8}},{"start":{"line":88,"column":8},"end":{"line":88,"column":8}}]},"2":{"line":109,"type":"if","locations":[{"start":{"line":109,"column":8},"end":{"line":109,"column":8}},{"start":{"line":109,"column":8},"end":{"line":109,"column":8}}]},"3":{"line":130,"type":"if","locations":[{"start":{"line":130,"column":8},"end":{"line":130,"column":8}},{"start":{"line":130,"column":8},"end":{"line":130,"column":8}}]}}},"voting/extensions/primitives/NoDoubleVoting.sol":{"l":{"34":0},"path":"/home/leonhard/Projects/VotingRegistry/VotingRegistryContracts/voting/extensions/primitives/NoDoubleVoting.sol","s":{"1":0},"b":{},"f":{"1":0},"fnMap":{"1":{"name":"hasAlreadyVoted","line":28,"loc":{"start":{"line":28,"column":4},"end":{"line":35,"column":4}}}},"statementMap":{"1":{"start":{"line":34,"column":8},"end":{"line":34,"column":54}}},"branchMap":{}},"voting/extensions/primitives/Quorum.sol":{"l":{},"path":"/home/leonhard/Projects/VotingRegistry/VotingRegistryContracts/voting/extensions/primitives/Quorum.sol","s":{},"b":{},"f":{},"fnMap":{},"statementMap":{},"branchMap":{}},"voting/extensions/primitives/Status.sol":{"l":{"16":69},"path":"/home/leonhard/Projects/VotingRegistry/VotingRegistryContracts/voting/extensions/primitives/Status.sol","s":{"1":69},"b":{},"f":{"1":69},"fnMap":{"1":{"name":"getStatus","line":15,"loc":{"start":{"line":15,"column":4},"end":{"line":17,"column":4}}}},"statementMap":{"1":{"start":{"line":16,"column":8},"end":{"line":16,"column":35}}},"branchMap":{}},"voting/extensions/primitives/TokenPrimitive.sol":{"l":{},"path":"/home/leonhard/Projects/VotingRegistry/VotingRegistryContracts/voting/extensions/primitives/TokenPrimitive.sol","s":{},"b":{},"f":{},"fnMap":{},"statementMap":{},"branchMap":{}},"voting/implementations/registration/RegistrarAndResolver.sol":{"l":{"38":42,"39":42,"40":42,"50":1,"59":2,"69":5,"74":9,"75":2,"77":7},"path":"/home/leonhard/Projects/VotingRegistry/VotingRegistryContracts/voting/implementations/registration/RegistrarAndResolver.sol","s":{"1":42,"2":42,"3":42,"4":1,"5":2,"6":5,"7":9},"b":{"1":[2,7]},"f":{"1":42,"2":1,"3":2,"4":5,"5":9},"fnMap":{"1":{"name":"constructor","line":37,"loc":{"start":{"line":29,"column":4},"end":{"line":43,"column":4}}},"2":{"name":"deployAndRegister","line":46,"loc":{"start":{"line":46,"column":4},"end":{"line":51,"column":4}}},"3":{"name":"setInformation","line":56,"loc":{"start":{"line":54,"column":4},"end":{"line":60,"column":4}}},"4":{"name":"changeRegistrarControlledKeys","line":65,"loc":{"start":{"line":63,"column":4},"end":{"line":70,"column":4}}},"5":{"name":"OnlyByVote","line":73,"loc":{"start":{"line":73,"column":4},"end":{"line":78,"column":4}}}},"statementMap":{"1":{"start":{"line":38,"column":8},"end":{"line":38,"column":114}},"2":{"start":{"line":39,"column":8},"end":{"line":39,"column":110}},"3":{"start":{"line":40,"column":8},"end":{"line":40,"column":1185}},"4":{"start":{"line":50,"column":8},"end":{"line":50,"column":77}},"5":{"start":{"line":59,"column":8},"end":{"line":59,"column":59}},"6":{"start":{"line":69,"column":8},"end":{"line":69,"column":65}},"7":{"start":{"line":74,"column":8},"end":{"line":74,"column":2107}}},"branchMap":{"1":{"line":74,"type":"if","locations":[{"start":{"line":74,"column":8},"end":{"line":74,"column":8}},{"start":{"line":74,"column":8},"end":{"line":74,"column":8}}]}}},"voting/implementations/registration/Registrars.sol":{"l":{"22":1,"24":1,"25":1,"38":0},"path":"/home/leonhard/Projects/VotingRegistry/VotingRegistryContracts/voting/implementations/registration/Registrars.sol","s":{"1":1,"2":1,"3":1,"4":0},"b":{},"f":{"1":0,"2":42,"3":1,"4":0,"5":0},"fnMap":{"1":{"name":"constructor","line":11,"loc":{"start":{"line":10,"column":4},"end":{"line":11,"column":50}}},"2":{"name":"constructor","line":16,"loc":{"start":{"line":15,"column":4},"end":{"line":16,"column":50}}},"3":{"name":"_deployAndRegister","line":18,"loc":{"start":{"line":18,"column":4},"end":{"line":26,"column":4}}},"4":{"name":"constructor","line":32,"loc":{"start":{"line":31,"column":4},"end":{"line":32,"column":62}}},"5":{"name":"deployAndRegister","line":34,"loc":{"start":{"line":34,"column":4},"end":{"line":39,"column":4}}}},"statementMap":{"1":{"start":{"line":22,"column":8},"end":{"line":22,"column":46}},"2":{"start":{"line":24,"column":8},"end":{"line":24,"column":42}},"3":{"start":{"line":25,"column":8},"end":{"line":25,"column":49}},"4":{"start":{"line":38,"column":8},"end":{"line":38,"column":68}}},"branchMap":{}},"voting/implementations/registration/Resolver.sol":{"l":{"34":1,"41":8,"49":3,"57":5,"61":6,"62":6,"63":3,"65":3},"path":"/home/leonhard/Projects/VotingRegistry/VotingRegistryContracts/voting/implementations/registration/Resolver.sol","s":{"1":1,"2":8,"3":3,"4":5,"5":6,"6":6},"b":{"1":[3,3]},"f":{"1":42,"2":1,"3":8,"4":3,"5":5,"6":6},"fnMap":{"1":{"name":"constructor","line":28,"loc":{"start":{"line":28,"column":4},"end":{"line":28,"column":43}}},"2":{"name":"getInformation","line":30,"loc":{"start":{"line":30,"column":4},"end":{"line":35,"column":4}}},"3":{"name":"getInformation","line":37,"loc":{"start":{"line":37,"column":4},"end":{"line":42,"column":4}}},"4":{"name":"setInformation","line":47,"loc":{"start":{"line":44,"column":4},"end":{"line":50,"column":4}}},"5":{"name":"changeRegistrarControlledKeys","line":55,"loc":{"start":{"line":52,"column":4},"end":{"line":58,"column":4}}},"6":{"name":"OnlyAuthorized","line":60,"loc":{"start":{"line":60,"column":4},"end":{"line":66,"column":4}}}},"statementMap":{"1":{"start":{"line":34,"column":8},"end":{"line":34,"column":73}},"2":{"start":{"line":41,"column":8},"end":{"line":41,"column":43}},"3":{"start":{"line":49,"column":8},"end":{"line":49,"column":44}},"4":{"start":{"line":57,"column":8},"end":{"line":57,"column":42}},"5":{"start":{"line":61,"column":8},"end":{"line":61,"column":111}},"6":{"start":{"line":62,"column":8},"end":{"line":62,"column":1791}}},"branchMap":{"1":{"line":62,"type":"if","locations":[{"start":{"line":62,"column":8},"end":{"line":62,"column":8}},{"start":{"line":62,"column":8},"end":{"line":62,"column":8}}]}}},"voting/implementations/votingContracts/OnlyStartAndVote/SimpleSnapshotWithoutToken.sol":{"l":{"43":16,"46":16,"58":15,"59":1,"63":14,"64":2,"65":2,"68":12,"69":1,"72":11,"74":11,"75":11,"77":11,"83":2,"87":6,"88":1,"90":5,"91":1,"94":4,"98":6,"105":19,"113":0,"121":0,"125":21},"path":"/home/leonhard/Projects/VotingRegistry/VotingRegistryContracts/voting/implementations/votingContracts/OnlyStartAndVote/SimpleSnapshotWithoutToken.sol","s":{"1":16,"2":16,"3":15,"4":14,"5":2,"6":2,"7":12,"8":11,"9":11,"10":11,"11":11,"12":2,"13":6,"14":5,"15":4,"16":6,"17":19,"18":0,"19":0,"20":21},"b":{"1":[1,14],"2":[2,12],"3":[1,11],"4":[1,5],"5":[1,4]},"f":{"1":16,"2":15,"3":2,"4":6,"5":6,"6":19,"7":0,"8":0,"9":21},"fnMap":{"1":{"name":"_start","line":37,"loc":{"start":{"line":37,"column":4},"end":{"line":47,"column":4}}},"2":{"name":"vote","line":51,"loc":{"start":{"line":51,"column":4},"end":{"line":79,"column":4}}},"3":{"name":"result","line":82,"loc":{"start":{"line":82,"column":4},"end":{"line":84,"column":4}}},"4":{"name":"conclude","line":86,"loc":{"start":{"line":86,"column":4},"end":{"line":95,"column":4}}},"5":{"name":"_setStatus","line":97,"loc":{"start":{"line":97,"column":4},"end":{"line":101,"column":4}}},"6":{"name":"_checkCondition","line":104,"loc":{"start":{"line":104,"column":4},"end":{"line":106,"column":4}}},"7":{"name":"getDeadline","line":109,"loc":{"start":{"line":109,"column":4},"end":{"line":114,"column":4}}},"8":{"name":"getDoubleVotingGuardEnabled","line":116,"loc":{"start":{"line":116,"column":4},"end":{"line":122,"column":4}}},"9":{"name":"supportsInterface","line":124,"loc":{"start":{"line":124,"column":4},"end":{"line":129,"column":4}}}},"statementMap":{"1":{"start":{"line":43,"column":8},"end":{"line":43,"column":73}},"2":{"start":{"line":46,"column":8},"end":{"line":46,"column":57}},"3":{"start":{"line":58,"column":8},"end":{"line":58,"column":2077}},"4":{"start":{"line":63,"column":8},"end":{"line":63,"column":2340}},"5":{"start":{"line":64,"column":12},"end":{"line":64,"column":33}},"6":{"start":{"line":65,"column":12},"end":{"line":65,"column":38}},"7":{"start":{"line":68,"column":8},"end":{"line":68,"column":2472}},"8":{"start":{"line":72,"column":8},"end":{"line":72,"column":66}},"9":{"start":{"line":74,"column":8},"end":{"line":74,"column":53}},"10":{"start":{"line":75,"column":8},"end":{"line":75,"column":77}},"11":{"start":{"line":77,"column":8},"end":{"line":77,"column":34}},"12":{"start":{"line":83,"column":8},"end":{"line":83,"column":63}},"13":{"start":{"line":87,"column":8},"end":{"line":87,"column":3199}},"14":{"start":{"line":90,"column":8},"end":{"line":90,"column":3354}},"15":{"start":{"line":94,"column":8},"end":{"line":94,"column":29}},"16":{"start":{"line":98,"column":8},"end":{"line":98,"column":3646}},"17":{"start":{"line":105,"column":8},"end":{"line":105,"column":58}},"18":{"start":{"line":113,"column":8},"end":{"line":113,"column":36}},"19":{"start":{"line":121,"column":8},"end":{"line":121,"column":46}},"20":{"start":{"line":125,"column":8},"end":{"line":125,"column":4706}}},"branchMap":{"1":{"line":58,"type":"if","locations":[{"start":{"line":58,"column":8},"end":{"line":58,"column":8}},{"start":{"line":58,"column":8},"end":{"line":58,"column":8}}]},"2":{"line":63,"type":"if","locations":[{"start":{"line":63,"column":8},"end":{"line":63,"column":8}},{"start":{"line":63,"column":8},"end":{"line":63,"column":8}}]},"3":{"line":68,"type":"if","locations":[{"start":{"line":68,"column":8},"end":{"line":68,"column":8}},{"start":{"line":68,"column":8},"end":{"line":68,"column":8}}]},"4":{"line":87,"type":"if","locations":[{"start":{"line":87,"column":8},"end":{"line":87,"column":8}},{"start":{"line":87,"column":8},"end":{"line":87,"column":8}}]},"5":{"line":90,"type":"if","locations":[{"start":{"line":90,"column":8},"end":{"line":90,"column":8}},{"start":{"line":90,"column":8},"end":{"line":90,"column":8}}]}}},"voting/implementations/votingContracts/OnlyStartAndVote/YesNoAbstainSnapshotWithToken.sol":{"l":{"50":0,"52":0,"53":0,"65":0,"66":0,"70":0,"71":0,"72":0,"75":0,"76":0,"78":0,"79":0,"83":0,"84":0,"85":0,"86":0,"88":0,"94":0,"98":0,"99":0,"101":0,"102":0,"105":0,"113":0,"122":0,"126":0,"127":0,"134":0,"141":0,"149":0,"153":0},"path":"/home/leonhard/Projects/VotingRegistry/VotingRegistryContracts/voting/implementations/votingContracts/OnlyStartAndVote/YesNoAbstainSnapshotWithToken.sol","s":{"1":0,"2":0,"3":0,"4":0,"5":0,"6":0,"7":0,"8":0,"9":0,"10":0,"11":0,"12":0,"13":0,"14":0,"15":0,"16":0,"17":0,"18":0,"19":0,"20":0,"21":0,"22":0,"23":0,"24":0,"25":0,"26":0,"27":0},"b":{"1":[0,0],"2":[0,0],"3":[0,0],"4":[0,0],"5":[0,0],"6":[0,0]},"f":{"1":0,"2":0,"3":0,"4":0,"5":0,"6":0,"7":0,"8":0,"9":0,"10":0,"11":0},"fnMap":{"1":{"name":"_start","line":44,"loc":{"start":{"line":44,"column":4},"end":{"line":54,"column":4}}},"2":{"name":"vote","line":58,"loc":{"start":{"line":58,"column":4},"end":{"line":90,"column":4}}},"3":{"name":"result","line":93,"loc":{"start":{"line":93,"column":4},"end":{"line":95,"column":4}}},"4":{"name":"conclude","line":97,"loc":{"start":{"line":97,"column":4},"end":{"line":106,"column":4}}},"5":{"name":"decodeParameters","line":109,"loc":{"start":{"line":109,"column":4},"end":{"line":114,"column":4}}},"6":{"name":"encodeParameters","line":117,"loc":{"start":{"line":117,"column":4},"end":{"line":123,"column":4}}},"7":{"name":"_setStatus","line":125,"loc":{"start":{"line":125,"column":4},"end":{"line":130,"column":4}}},"8":{"name":"_checkCondition","line":133,"loc":{"start":{"line":133,"column":4},"end":{"line":135,"column":4}}},"9":{"name":"getDeadline","line":137,"loc":{"start":{"line":137,"column":5},"end":{"line":142,"column":4}}},"10":{"name":"getDoubleVotingGuardEnabled","line":144,"loc":{"start":{"line":144,"column":4},"end":{"line":150,"column":4}}},"11":{"name":"supportsInterface","line":152,"loc":{"start":{"line":152,"column":4},"end":{"line":157,"column":4}}}},"statementMap":{"1":{"start":{"line":50,"column":8},"end":{"line":50,"column":73}},"2":{"start":{"line":52,"column":8},"end":{"line":52,"column":98}},"3":{"start":{"line":53,"column":8},"end":{"line":53,"column":57}},"4":{"start":{"line":65,"column":8},"end":{"line":65,"column":2402}},"5":{"start":{"line":70,"column":8},"end":{"line":70,"column":2665}},"6":{"start":{"line":71,"column":12},"end":{"line":71,"column":33}},"7":{"start":{"line":72,"column":12},"end":{"line":72,"column":38}},"8":{"start":{"line":75,"column":8},"end":{"line":75,"column":2797}},"9":{"start":{"line":78,"column":8},"end":{"line":78,"column":2945}},"10":{"start":{"line":79,"column":12},"end":{"line":79,"column":70}},"11":{"start":{"line":83,"column":8},"end":{"line":83,"column":58}},"12":{"start":{"line":84,"column":8},"end":{"line":84,"column":73}},"13":{"start":{"line":85,"column":8},"end":{"line":85,"column":109}},"14":{"start":{"line":86,"column":8},"end":{"line":86,"column":69}},"15":{"start":{"line":88,"column":8},"end":{"line":88,"column":34}},"16":{"start":{"line":94,"column":8},"end":{"line":94,"column":69}},"17":{"start":{"line":98,"column":8},"end":{"line":98,"column":3778}},"18":{"start":{"line":101,"column":8},"end":{"line":101,"column":3933}},"19":{"start":{"line":105,"column":8},"end":{"line":105,"column":29}},"20":{"start":{"line":113,"column":8},"end":{"line":113,"column":83}},"21":{"start":{"line":122,"column":8},"end":{"line":122,"column":64}},"22":{"start":{"line":126,"column":8},"end":{"line":126,"column":76}},"23":{"start":{"line":127,"column":8},"end":{"line":127,"column":4989}},"24":{"start":{"line":134,"column":8},"end":{"line":134,"column":58}},"25":{"start":{"line":141,"column":8},"end":{"line":141,"column":36}},"26":{"start":{"line":149,"column":8},"end":{"line":149,"column":46}},"27":{"start":{"line":153,"column":8},"end":{"line":153,"column":6021}}},"branchMap":{"1":{"line":65,"type":"if","locations":[{"start":{"line":65,"column":8},"end":{"line":65,"column":8}},{"start":{"line":65,"column":8},"end":{"line":65,"column":8}}]},"2":{"line":70,"type":"if","locations":[{"start":{"line":70,"column":8},"end":{"line":70,"column":8}},{"start":{"line":70,"column":8},"end":{"line":70,"column":8}}]},"3":{"line":75,"type":"if","locations":[{"start":{"line":75,"column":8},"end":{"line":75,"column":8}},{"start":{"line":75,"column":8},"end":{"line":75,"column":8}}]},"4":{"line":78,"type":"if","locations":[{"start":{"line":78,"column":8},"end":{"line":78,"column":8}},{"start":{"line":78,"column":8},"end":{"line":78,"column":8}}]},"5":{"line":98,"type":"if","locations":[{"start":{"line":98,"column":8},"end":{"line":98,"column":8}},{"start":{"line":98,"column":8},"end":{"line":98,"column":8}}]},"6":{"line":101,"type":"if","locations":[{"start":{"line":101,"column":8},"end":{"line":101,"column":8}},{"start":{"line":101,"column":8},"end":{"line":101,"column":8}}]}}},"voting/implementations/votingContracts/SimpleMajorityVote/MajorityVoteWithNFTQuorumAndOptionalDVGuard.sol":{"l":{"62":7,"64":7,"65":7,"66":7,"67":7,"68":7,"70":7,"77":7,"78":7,"79":7,"80":7,"81":7,"83":7,"86":7,"100":7,"120":0,"137":7,"138":0,"141":7,"142":0,"143":0,"146":7,"147":0,"149":7,"150":7,"154":7,"155":7,"156":7,"157":7,"159":7,"165":0,"169":7,"170":7,"171":7,"175":7,"176":7,"177":7,"182":0,"189":14,"193":7,"194":0,"201":1,"202":1,"206":0,"207":0,"220":6,"221":0,"223":6,"224":6,"234":0,"241":0,"249":0,"253":0},"path":"/home/leonhard/Projects/VotingRegistry/VotingRegistryContracts/voting/implementations/votingContracts/SimpleMajorityVote/MajorityVoteWithNFTQuorumAndOptionalDVGuard.sol","s":{"1":7,"2":7,"3":7,"4":7,"5":7,"6":7,"7":7,"8":7,"9":7,"10":7,"11":7,"12":7,"13":7,"14":7,"15":7,"16":0,"17":7,"18":7,"19":0,"20":0,"21":7,"22":7,"23":7,"24":7,"25":7,"26":7,"27":7,"28":7,"29":0,"30":7,"31":7,"32":7,"33":7,"34":7,"35":7,"36":0,"37":14,"38":7,"39":1,"40":0,"41":0,"42":6,"43":6,"44":6,"45":0,"46":0,"47":0,"48":0},"b":{"1":[0,7],"2":[0,7],"3":[0,7],"4":[7,0],"5":[0,7],"6":[1,0],"7":[0,6]},"f":{"1":7,"2":7,"3":0,"4":7,"5":0,"6":7,"7":7,"8":0,"9":14,"10":7,"11":1,"12":6,"13":0,"14":0,"15":0,"16":0},"fnMap":{"1":{"name":"_start","line":56,"loc":{"start":{"line":56,"column":4},"end":{"line":87,"column":4}}},"2":{"name":"decodeParameters","line":90,"loc":{"start":{"line":90,"column":4},"end":{"line":107,"column":4}}},"3":{"name":"encodeParameters","line":110,"loc":{"start":{"line":110,"column":4},"end":{"line":126,"column":4}}},"4":{"name":"vote","line":132,"loc":{"start":{"line":132,"column":4},"end":{"line":160,"column":4}}},"5":{"name":"result","line":164,"loc":{"start":{"line":164,"column":4},"end":{"line":166,"column":4}}},"6":{"name":"_implementingPermitted","line":168,"loc":{"start":{"line":168,"column":4},"end":{"line":172,"column":4}}},"7":{"name":"_outcomeSuccessful","line":174,"loc":{"start":{"line":174,"column":4},"end":{"line":178,"column":4}}},"8":{"name":"_setStatus","line":181,"loc":{"start":{"line":181,"column":4},"end":{"line":185,"column":4}}},"9":{"name":"_checkCondition","line":188,"loc":{"start":{"line":188,"column":4},"end":{"line":190,"column":4}}},"10":{"name":"_requireValidCallbackData","line":192,"loc":{"start":{"line":192,"column":4},"end":{"line":196,"column":4}}},"11":{"name":"_handleFailedImplementation","line":198,"loc":{"start":{"line":198,"column":4},"end":{"line":209,"column":4}}},"12":{"name":"_handleNotFailedImplementation","line":212,"loc":{"start":{"line":212,"column":4},"end":{"line":227,"column":4}}},"13":{"name":"getDeadline","line":230,"loc":{"start":{"line":230,"column":4},"end":{"line":235,"column":4}}},"14":{"name":"getQuorum","line":237,"loc":{"start":{"line":237,"column":4},"end":{"line":242,"column":4}}},"15":{"name":"getDoubleVotingGuardEnabled","line":244,"loc":{"start":{"line":244,"column":4},"end":{"line":250,"column":4}}},"16":{"name":"supportsInterface","line":252,"loc":{"start":{"line":252,"column":4},"end":{"line":257,"column":4}}}},"statementMap":{"1":{"start":{"line":62,"column":8},"end":{"line":62,"column":73}},"2":{"start":{"line":64,"column":8},"end":{"line":64,"column":28}},"3":{"start":{"line":65,"column":8},"end":{"line":65,"column":24}},"4":{"start":{"line":66,"column":8},"end":{"line":66,"column":31}},"5":{"start":{"line":67,"column":8},"end":{"line":67,"column":30}},"6":{"start":{"line":68,"column":8},"end":{"line":68,"column":36}},"7":{"start":{"line":70,"column":8},"end":{"line":70,"column":2784}},"8":{"start":{"line":77,"column":8},"end":{"line":77,"column":39}},"9":{"start":{"line":78,"column":8},"end":{"line":78,"column":40}},"10":{"start":{"line":79,"column":8},"end":{"line":79,"column":57}},"11":{"start":{"line":80,"column":8},"end":{"line":80,"column":69}},"12":{"start":{"line":81,"column":8},"end":{"line":81,"column":44}},"13":{"start":{"line":83,"column":8},"end":{"line":83,"column":50}},"14":{"start":{"line":86,"column":8},"end":{"line":86,"column":54}},"15":{"start":{"line":100,"column":8},"end":{"line":100,"column":3788}},"16":{"start":{"line":120,"column":8},"end":{"line":120,"column":4357}},"17":{"start":{"line":137,"column":8},"end":{"line":137,"column":4702}},"18":{"start":{"line":141,"column":8},"end":{"line":141,"column":4956}},"19":{"start":{"line":142,"column":12},"end":{"line":142,"column":33}},"20":{"start":{"line":143,"column":12},"end":{"line":143,"column":38}},"21":{"start":{"line":146,"column":8},"end":{"line":146,"column":5095}},"22":{"start":{"line":149,"column":8},"end":{"line":149,"column":5243}},"23":{"start":{"line":150,"column":12},"end":{"line":150,"column":70}},"24":{"start":{"line":154,"column":8},"end":{"line":154,"column":58}},"25":{"start":{"line":155,"column":8},"end":{"line":155,"column":74}},"26":{"start":{"line":156,"column":8},"end":{"line":156,"column":109}},"27":{"start":{"line":157,"column":8},"end":{"line":157,"column":69}},"28":{"start":{"line":159,"column":8},"end":{"line":159,"column":34}},"29":{"start":{"line":165,"column":8},"end":{"line":165,"column":69}},"30":{"start":{"line":169,"column":8},"end":{"line":169,"column":105}},"31":{"start":{"line":170,"column":8},"end":{"line":170,"column":136}},"32":{"start":{"line":171,"column":8},"end":{"line":171,"column":82}},"33":{"start":{"line":175,"column":8},"end":{"line":175,"column":76}},"34":{"start":{"line":176,"column":8},"end":{"line":176,"column":82}},"35":{"start":{"line":177,"column":8},"end":{"line":177,"column":51}},"36":{"start":{"line":182,"column":8},"end":{"line":182,"column":6904}},"37":{"start":{"line":189,"column":8},"end":{"line":189,"column":58}},"38":{"start":{"line":193,"column":8},"end":{"line":193,"column":7467}},"39":{"start":{"line":201,"column":8},"end":{"line":201,"column":7816}},"40":{"start":{"line":206,"column":12},"end":{"line":206,"column":72}},"41":{"start":{"line":207,"column":12},"end":{"line":207,"column":51}},"42":{"start":{"line":220,"column":8},"end":{"line":220,"column":8659}},"43":{"start":{"line":223,"column":12},"end":{"line":223,"column":64}},"44":{"start":{"line":224,"column":12},"end":{"line":224,"column":69}},"45":{"start":{"line":234,"column":8},"end":{"line":234,"column":36}},"46":{"start":{"line":241,"column":8},"end":{"line":241,"column":41}},"47":{"start":{"line":249,"column":8},"end":{"line":249,"column":46}},"48":{"start":{"line":253,"column":8},"end":{"line":253,"column":9759}}},"branchMap":{"1":{"line":137,"type":"if","locations":[{"start":{"line":137,"column":8},"end":{"line":137,"column":8}},{"start":{"line":137,"column":8},"end":{"line":137,"column":8}}]},"2":{"line":141,"type":"if","locations":[{"start":{"line":141,"column":8},"end":{"line":141,"column":8}},{"start":{"line":141,"column":8},"end":{"line":141,"column":8}}]},"3":{"line":146,"type":"if","locations":[{"start":{"line":146,"column":8},"end":{"line":146,"column":8}},{"start":{"line":146,"column":8},"end":{"line":146,"column":8}}]},"4":{"line":149,"type":"if","locations":[{"start":{"line":149,"column":8},"end":{"line":149,"column":8}},{"start":{"line":149,"column":8},"end":{"line":149,"column":8}}]},"5":{"line":193,"type":"if","locations":[{"start":{"line":193,"column":8},"end":{"line":193,"column":8}},{"start":{"line":193,"column":8},"end":{"line":193,"column":8}}]},"6":{"line":201,"type":"if","locations":[{"start":{"line":201,"column":8},"end":{"line":201,"column":8}},{"start":{"line":201,"column":8},"end":{"line":201,"column":8}}]},"7":{"line":220,"type":"if","locations":[{"start":{"line":220,"column":8},"end":{"line":220,"column":8}},{"start":{"line":220,"column":8},"end":{"line":220,"column":8}}]}}},"voting/implementations/votingContracts/SimpleMajorityVote/MajorityVoteWithTokenQuorumAndOptionalDVGuard.sol":{"l":{"64":56,"66":56,"67":56,"68":56,"69":56,"70":56,"72":56,"79":55,"80":0,"83":55,"84":55,"85":55,"86":55,"87":55,"89":55,"92":55,"107":57,"127":1,"144":68,"145":4,"148":64,"149":6,"150":6,"153":58,"154":1,"156":57,"157":55,"161":57,"162":57,"163":57,"164":57,"166":57,"172":4,"176":17,"177":17,"178":17,"182":20,"183":20,"184":20,"189":6,"19
[...]
art":{"line":111,"column":4},"end":{"line":111,"column":88}}},"12":{"name":"_modifyVotingData","line":113,"loc":{"start":{"line":113,"column":4},"end":{"line":113,"column":148}}},"13":{"name":"_afterVote","line":115,"loc":{"start":{"line":115,"column":4},"end":{"line":115,"column":103}}},"14":{"name":"_beforeImplement","line":117,"loc":{"start":{"line":117,"column":4},"end":{"line":117,"column":68}}},"15":{"name":"_afterImplement","line":119,"loc":{"start":{"line":119,"column":4},"end":{"line":119,"column":110}}},"16":{"name":"start","line":132,"loc":{"start":{"line":132,"column":4},"end":{"line":151,"column":4}}},"17":{"name":"vote","line":154,"loc":{"start":{"line":154,"column":4},"end":{"line":161,"column":4}}},"18":{"name":"implement","line":163,"loc":{"start":{"line":163,"column":4},"end":{"line":173,"column":4}}},"19":{"name":"_beforeStart","line":175,"loc":{"start":{"line":175,"column":4},"end":{"line":175,"column":71}}},"20":{"name":"_beforeVote","line":177,"loc":{"start":{"line":177,"column":4},"end":{"line":177,"column":63}}},"21":{"name":"_beforeImplement","line":179,"loc":{"start":{"line":179,"column":4},"end":{"line":179,"column":68}}},"22":{"name":"start","line":188,"loc":{"start":{"line":188,"column":4},"end":{"line":208,"column":4}}},"23":{"name":"vote","line":211,"loc":{"start":{"line":211,"column":4},"end":{"line":219,"column":4}}},"24":{"name":"implement","line":221,"loc":{"start":{"line":221,"column":4},"end":{"line":237,"column":4}}},"25":{"name":"_beforeStart","line":239,"loc":{"start":{"line":239,"column":4},"end":{"line":239,"column":96}}},"26":{"name":"_afterStart","line":241,"loc":{"start":{"line":241,"column":4},"end":{"line":241,"column":115}}},"27":{"name":"_getSimpleVotingContract","line":243,"loc":{"start":{"line":243,"column":4},"end":{"line":243,"column":103}}},"28":{"name":"_beforeVote","line":245,"loc":{"start":{"line":245,"column":4},"end":{"line":245,"column":88}}},"29":{"name":"_modifyVotingData","line":247,"loc":{"start":{"line":247,"column":4},"end":{"line":247,"column":148}}},"30":{"name":"_afterVote","line":249,"loc":{"start":{"line":249,"column":4},"end":{"line":249,"column":103}}},"31":{"name":"_beforeImplement","line":251,"loc":{"start":{"line":251,"column":4},"end":{"line":251,"column":68}}},"32":{"name":"_afterImplement","line":253,"loc":{"start":{"line":253,"column":4},"end":{"line":253,"column":110}}}},"statementMap":{"1":{"start":{"line":20,"column":8},"end":{"line":20,"column":33}},"2":{"start":{"line":21,"column":8},"end":{"line":21,"column":47}},"3":{"start":{"line":22,"column":8},"end":{"line":22,"column":854}},"4":{"start":{"line":25,"column":8},"end":{"line":25,"column":59}},"5":{"start":{"line":26,"column":8},"end":{"line":26,"column":90}},"6":{"start":{"line":27,"column":8},"end":{"line":27,"column":1166}},"7":{"start":{"line":37,"column":8},"end":{"line":37,"column":30}},"8":{"start":{"line":38,"column":8},"end":{"line":38,"column":1465}},"9":{"start":{"line":48,"column":8},"end":{"line":48,"column":1751}},"10":{"start":{"line":68,"column":8},"end":{"line":68,"column":43}},"11":{"start":{"line":69,"column":8},"end":{"line":69,"column":47}},"12":{"start":{"line":70,"column":8},"end":{"line":70,"column":2410}},"13":{"start":{"line":73,"column":8},"end":{"line":73,"column":59}},"14":{"start":{"line":74,"column":8},"end":{"line":74,"column":90}},"15":{"start":{"line":75,"column":8},"end":{"line":75,"column":2722}},"16":{"start":{"line":79,"column":8},"end":{"line":79,"column":54}},"17":{"start":{"line":86,"column":8},"end":{"line":86,"column":42}},"18":{"start":{"line":87,"column":8},"end":{"line":87,"column":3122}},"19":{"start":{"line":90,"column":8},"end":{"line":90,"column":49}},"20":{"start":{"line":98,"column":8},"end":{"line":98,"column":35}},"21":{"start":{"line":99,"column":8},"end":{"line":99,"column":43}},"22":{"start":{"line":100,"column":8},"end":{"line":100,"column":3559}},"23":{"start":{"line":103,"column":8},"end":{"line":103,"column":45}},"24":{"start":{"line":113,"column":130},"end":{"line":113,"column":147}},"25":{"start":{"line":135,"column":9},"end":{"line":135,"column":34}},"26":{"start":{"line":136,"column":8},"end":{"line":136,"column":31}},"27":{"start":{"line":137,"column":8},"end":{"line":137,"column":4916}},"28":{"start":{"line":138,"column":12},"end":{"line":138,"column":43}},"29":{"start":{"line":140,"column":12},"end":{"line":140,"column":51}},"30":{"start":{"line":141,"column":12},"end":{"line":141,"column":5072}},"31":{"start":{"line":144,"column":12},"end":{"line":144,"column":55}},"32":{"start":{"line":146,"column":8},"end":{"line":146,"column":91}},"33":{"start":{"line":147,"column":8},"end":{"line":147,"column":5396}},"34":{"start":{"line":157,"column":8},"end":{"line":157,"column":30}},"35":{"start":{"line":158,"column":8},"end":{"line":158,"column":5696}},"36":{"start":{"line":168,"column":8},"end":{"line":168,"column":35}},"37":{"start":{"line":169,"column":8},"end":{"line":169,"column":6020}},"38":{"start":{"line":191,"column":8},"end":{"line":191,"column":43}},"39":{"start":{"line":192,"column":8},"end":{"line":192,"column":31}},"40":{"start":{"line":193,"column":8},"end":{"line":193,"column":6738}},"41":{"start":{"line":194,"column":12},"end":{"line":194,"column":63}},"42":{"start":{"line":196,"column":12},"end":{"line":196,"column":51}},"43":{"start":{"line":197,"column":12},"end":{"line":197,"column":6914}},"44":{"start":{"line":200,"column":12},"end":{"line":200,"column":55}},"45":{"start":{"line":202,"column":8},"end":{"line":202,"column":91}},"46":{"start":{"line":203,"column":8},"end":{"line":203,"column":7238}},"47":{"start":{"line":207,"column":8},"end":{"line":207,"column":54}},"48":{"start":{"line":214,"column":8},"end":{"line":214,"column":42}},"49":{"start":{"line":215,"column":8},"end":{"line":215,"column":7639}},"50":{"start":{"line":218,"column":8},"end":{"line":218,"column":49}},"51":{"start":{"line":226,"column":8},"end":{"line":226,"column":35}},"52":{"start":{"line":227,"column":8},"end":{"line":227,"column":8033}},"53":{"start":{"line":232,"column":8},"end":{"line":232,"column":8276}},"54":{"start":{"line":247,"column":130},"end":{"line":247,"column":147}}},"branchMap":{"1":{"line":22,"type":"if","locations":[{"start":{"line":22,"column":8},"end":{"line":22,"column":8}},{"start":{"line":22,"column":8},"end":{"line":22,"column":8}}]},"2":{"line":70,"type":"if","locations":[{"start":{"line":70,"column":8},"end":{"line":70,"column":8}},{"start":{"line":70,"column":8},"end":{"line":70,"column":8}}]},"3":{"line":137,"type":"if","locations":[{"start":{"line":137,"column":8},"end":{"line":137,"column":8}},{"start":{"line":137,"column":8},"end":{"line":137,"column":8}}]},"4":{"line":141,"type":"if","locations":[{"start":{"line":141,"column":12},"end":{"line":141,"column":12}},{"start":{"line":141,"column":12},"end":{"line":141,"column":12}}]},"5":{"line":193,"type":"if","locations":[{"start":{"line":193,"column":8},"end":{"line":193,"column":8}},{"start":{"line":193,"column":8},"end":{"line":193,"column":8}}]},"6":{"line":197,"type":"if","locations":[{"start":{"line":197,"column":12},"end":{"line":197,"column":12}},{"start":{"line":197,"column":12},"end":{"line":197,"column":12}}]}}},"voting/integration/abstracts/StartVoteAndImplementSimpleVote.sol":{"l":{"28":0,"29":0,"35":0,"36":0,"48":0,"49":0,"54":0,"55":0,"80":0,"81":0,"82":0,"83":0,"87":0,"93":0,"94":0,"97":0,"106":0,"107":0,"112":0,"113":0,"115":0},"path":"/home/leonhard/Projects/VotingRegistry/VotingRegistryContracts/voting/integration/abstracts/StartVoteAndImplementSimpleVote.sol","s":{"1":0,"2":0,"3":0,"4":0,"5":0,"6":0,"7":0,"8":0,"9":0,"10":0,"11":0,"12":0,"13":0,"14":0,"15":0,"16":0,"17":0,"18":0,"19":0,"20":0,"21":0,"22":0},"b":{"1":[0,0],"2":[0,0]},"f":{"1":0,"2":0,"3":0,"4":0,"5":0,"6":0,"7":0,"8":0,"9":0,"10":0,"11":0,"12":0,"13":0,"14":0,"15":0,"16":0,"17":0,"18":0},"fnMap":{"1":{"name":"start","line":25,"loc":{"start":{"line":25,"column":4},"end":{"line":30,"column":4}}},"2":{"name":"vote","line":32,"loc":{"start":{"line":32,"column":4},"end":{"line":37,"column":4}}},"3":{"name":"_beforeStart","line":39,"loc":{"start":{"line":39,"column":4},"end":{"line":39,"column":71}}},"4":{"name":"_beforeVote","line":41,"loc":{"start":{"line":41,"column":4},"end":{"line":41,"column":63}}},"5":{"name":"implement","line":43,"loc":{"start":{"line":43,"column":4},"end":{"line":58,"column":4}}},"6":{"name":"_beforeStart","line":60,"loc":{"start":{"line":60,"column":4},"end":{"line":60,"column":96}}},"7":{"name":"_beforeVote","line":62,"loc":{"start":{"line":62,"column":4},"end":{"line":62,"column":88}}},"8":{"name":"_beforeImplement","line":64,"loc":{"start":{"line":64,"column":4},"end":{"line":64,"column":68}}},"9":{"name":"start","line":77,"loc":{"start":{"line":77,"column":4},"end":{"line":88,"column":4}}},"10":{"name":"vote","line":90,"loc":{"start":{"line":90,"column":4},"end":{"line":98,"column":4}}},"11":{"name":"implement","line":101,"loc":{"start":{"line":101,"column":4},"end":{"line":118,"column":4}}},"12":{"name":"_beforeStart","line":120,"loc":{"start":{"line":120,"column":4},"end":{"line":120,"column":96}}},"13":{"name":"_afterStart","line":122,"loc":{"start":{"line":122,"column":4},"end":{"line":122,"column":115}}},"14":{"name":"_getSimpleVotingContract","line":124,"loc":{"start":{"line":124,"column":4},"end":{"line":124,"column":103}}},"15":{"name":"_beforeVote","line":126,"loc":{"start":{"line":126,"column":4},"end":{"line":126,"column":88}}},"16":{"name":"_modifyVotingData","line":128,"loc":{"start":{"line":128,"column":4},"end":{"line":128,"column":148}}},"17":{"name":"_afterVote","line":130,"loc":{"start":{"line":130,"column":4},"end":{"line":130,"column":103}}},"18":{"name":"_beforeImplement","line":132,"loc":{"start":{"line":132,"column":4},"end":{"line":132,"column":68}}}},"statementMap":{"1":{"start":{"line":28,"column":8},"end":{"line":28,"column":33}},"2":{"start":{"line":29,"column":8},"end":{"line":29,"column":51}},"3":{"start":{"line":35,"column":8},"end":{"line":35,"column":30}},"4":{"start":{"line":36,"column":8},"end":{"line":36,"column":50}},"5":{"start":{"line":48,"column":8},"end":{"line":48,"column":35}},"6":{"start":{"line":49,"column":8},"end":{"line":49,"column":1648}},"7":{"start":{"line":54,"column":8},"end":{"line":54,"column":1771}},"8":{"start":{"line":55,"column":12},"end":{"line":55,"column":65}},"9":{"start":{"line":80,"column":8},"end":{"line":80,"column":43}},"10":{"start":{"line":81,"column":8},"end":{"line":81,"column":68}},"11":{"start":{"line":82,"column":8},"end":{"line":82,"column":91}},"12":{"start":{"line":83,"column":8},"end":{"line":83,"column":2696}},"13":{"start":{"line":87,"column":8},"end":{"line":87,"column":54}},"14":{"start":{"line":93,"column":8},"end":{"line":93,"column":42}},"15":{"start":{"line":94,"column":8},"end":{"line":94,"column":3092}},"16":{"start":{"line":97,"column":8},"end":{"line":97,"column":49}},"17":{"start":{"line":106,"column":8},"end":{"line":106,"column":35}},"18":{"start":{"line":107,"column":8},"end":{"line":107,"column":3508}},"19":{"start":{"line":112,"column":8},"end":{"line":112,"column":3631}},"20":{"start":{"line":113,"column":12},"end":{"line":113,"column":65}},"21":{"start":{"line":115,"column":12},"end":{"line":115,"column":68}},"22":{"start":{"line":128,"column":130},"end":{"line":128,"column":147}}},"branchMap":{"1":{"line":54,"type":"if","locations":[{"start":{"line":54,"column":8},"end":{"line":54,"column":8}},{"start":{"line":54,"column":8},"end":{"line":54,"column":8}}]},"2":{"line":112,"type":"if","locations":[{"start":{"line":112,"column":8},"end":{"line":112,"column":8}},{"start":{"line":112,"column":8},"end":{"line":112,"column":8}}]}}},"voting/integration/interface/IVotingIntegration.sol":{"l":{},"path":"/home/leonhard/Projects/VotingRegistry/VotingRegistryContracts/voting/integration/interface/IVotingIntegration.sol","s":{},"b":{},"f":{},"fnMap":{},"statementMap":{},"branchMap":{}},"voting/integration/primitives/AssignedContractPrimitive.sol":{"l":{"13":146,"35":40},"path":"/home/leonhard/Projects/VotingRegistry/VotingRegistryContracts/voting/integration/primitives/AssignedContractPrimitive.sol","s":{"1":146,"2":40},"b":{},"f":{"1":146,"2":0,"3":40},"fnMap":{"1":{"name":"_isVotableFunction","line":12,"loc":{"start":{"line":12,"column":4},"end":{"line":14,"column":4}}},"2":{"name":"_isImplementer","line":21,"loc":{"start":{"line":21,"column":4},"end":{"line":21,"column":61}}},"3":{"name":"_isImplementer","line":30,"loc":{"start":{"line":30,"column":4},"end":{"line":36,"column":4}}}},"statementMap":{"1":{"start":{"line":13,"column":8},"end":{"line":13,"column":53}},"2":{"start":{"line":35,"column":8},"end":{"line":35,"column":52}}},"branchMap":{}},"voting/integration/primitives/InstanceInfoPrimitive.sol":{"l":{},"path":"/home/leonhard/Projects/VotingRegistry/VotingRegistryContracts/voting/integration/primitives/InstanceInfoPrimitive.sol","s":{},"b":{},"f":{},"fnMap":{},"statementMap":{},"branchMap":{}},"voting/registration/registrar/Deployer.sol":{"l":{"11":43},"path":"/home/leonhard/Projects/VotingRegistry/VotingRegistryContracts/voting/registration/registrar/Deployer.sol","s":{},"b":{},"f":{"1":43},"fnMap":{"1":{"name":"deploy","line":9,"loc":{"start":{"line":9,"column":4},"end":{"line":14,"column":2}}}},"statementMap":{},"branchMap":{}},"voting/registration/registrar/IRegistrar.sol":{"l":{},"path":"/home/leonhard/Projects/VotingRegistry/VotingRegistryContracts/voting/registration/registrar/IRegistrar.sol","s":{},"b":{},"f":{},"fnMap":{},"statementMap":{},"branchMap":{}},"voting/registration/registrar/Registrar.sol":{"l":{"17":42,"21":14,"25":14,"26":14,"30":4,"31":4,"35":13,"36":13,"44":0,"45":0,"48":0},"path":"/home/leonhard/Projects/VotingRegistry/VotingRegistryContracts/voting/registration/registrar/Registrar.sol","s":{"1":42,"2":14,"3":14,"4":14,"5":4,"6":4,"7":13,"8":13,"9":0,"10":0},"b":{"1":[0,0]},"f":{"1":42,"2":14,"3":14,"4":4,"5":13,"6":0},"fnMap":{"1":{"name":"constructor","line":16,"loc":{"start":{"line":15,"column":4},"end":{"line":18,"column":4}}},"2":{"name":"_register","line":20,"loc":{"start":{"line":20,"column":4},"end":{"line":22,"column":4}}},"3":{"name":"_setController","line":24,"loc":{"start":{"line":24,"column":4},"end":{"line":27,"column":4}}},"4":{"name":"getController","line":29,"loc":{"start":{"line":29,"column":4},"end":{"line":32,"column":4}}},"5":{"name":"register","line":34,"loc":{"start":{"line":34,"column":4},"end":{"line":37,"column":4}}},"6":{"name":"changeResolver","line":43,"loc":{"start":{"line":43,"column":4},"end":{"line":49,"column":4}}}},"statementMap":{"1":{"start":{"line":17,"column":8},"end":{"line":17,"column":27}},"2":{"start":{"line":21,"column":8},"end":{"line":21,"column":67}},"3":{"start":{"line":25,"column":8},"end":{"line":25,"column":58}},"4":{"start":{"line":26,"column":8},"end":{"line":26,"column":33}},"5":{"start":{"line":30,"column":8},"end":{"line":30,"column":58}},"6":{"start":{"line":31,"column":8},"end":{"line":31,"column":36}},"7":{"start":{"line":35,"column":8},"end":{"line":35,"column":42}},"8":{"start":{"line":36,"column":8},"end":{"line":36,"column":49}},"9":{"start":{"line":44,"column":8},"end":{"line":44,"column":1409}},"10":{"start":{"line":48,"column":8},"end":{"line":48,"column":76}}},"branchMap":{"1":{"line":44,"type":"if","locations":[{"start":{"line":44,"column":8},"end":{"line":44,"column":8}},{"start":{"line":44,"column":8},"end":{"line":44,"column":8}}]}}},"voting/registration/registry/IVotingRegistry.sol":{"l":{},"path":"/home/leonhard/Projects/VotingRegistry/VotingRegistryContracts/voting/registration/registry/IVotingRegistry.sol","s":{},"b":{},"f":{},"fnMap":{},"statementMap":{},"branchMap":{}},"voting/registration/registry/VotingRegistry.sol":{"l":{"76":63,"89":22,"90":1,"92":21,"93":1,"95":19,"99":19,"108":2,"109":1,"111":1,"112":1,"130":1,"140":2,"149":22,"159":21},"path":"/home/leonhard/Projects/VotingRegistry/VotingRegistryContracts/voting/registration/registry/VotingRegistry.sol","s":{"1":63,"2":22,"3":21,"4":19,"5":19,"6":2,"7":1,"8":1,"9":1,"10":2,"11":22,"12":21},"b":{"1":[1,21],"2":[1,19],"3":[1,1]},"f":{"1":63,"2":22,"3":2,"4":1,"5":2,"6":22,"7":21},"fnMap":{"1":{"name":"constructor","line":75,"loc":{"start":{"line":75,"column":4},"end":{"line":77,"column":4}}},"2":{"name":"register","line":83,"loc":{"start":{"line":83,"column":4},"end":{"line":100,"column":4}}},"3":{"name":"changeResolver","line":102,"loc":{"start":{"line":102,"column":4},"end":{"line":113,"column":4}}},"4":{"name":"getRegistrar","line":124,"loc":{"start":{"line":124,"column":4},"end":{"line":131,"column":4}}},"5":{"name":"getResolver","line":134,"loc":{"start":{"line":134,"column":4},"end":{"line":141,"column":4}}},"6":{"name":"isRegistered","line":143,"loc":{"start":{"line":143,"column":4},"end":{"line":150,"column":4}}},"7":{"name":"checkInterface","line":158,"loc":{"start":{"line":158,"column":4},"end":{"line":160,"column":4}}}},"statementMap":{"1":{"start":{"line":76,"column":8},"end":{"line":76,"column":65}},"2":{"start":{"line":89,"column":8},"end":{"line":89,"column":3916}},"3":{"start":{"line":92,"column":8},"end":{"line":92,"column":4061}},"4":{"start":{"line":95,"column":8},"end":{"line":95,"column":4181}},"5":{"start":{"line":99,"column":8},"end":{"line":99,"column":62}},"6":{"start":{"line":108,"column":8},"end":{"line":108,"column":4510}},"7":{"start":{"line":111,"column":8},"end":{"line":111,"column":51}},"8":{"start":{"line":112,"column":8},"end":{"line":112,"column":38}},"9":{"start":{"line":130,"column":8},"end":{"line":130,"column":52}},"10":{"start":{"line":140,"column":8},"end":{"line":140,"column":50}},"11":{"start":{"line":149,"column":8},"end":{"line":149,"column":74}},"12":{"start":{"line":159,"column":8},"end":{"line":159,"column":86}}},"branchMap":{"1":{"line":89,"type":"if","locations":[{"start":{"line":89,"column":8},"end":{"line":89,"column":8}},{"start":{"line":89,"column":8},"end":{"line":89,"column":8}}]},"2":{"line":92,"type":"if","locations":[{"start":{"line":92,"column":8},"end":{"line":92,"column":8}},{"start":{"line":92,"column":8},"end":{"line":92,"column":8}}]},"3":{"line":108,"type":"if","locations":[{"start":{"line":108,"column":8},"end":{"line":108,"column":8}},{"start":{"line":108,"column":8},"end":{"line":108,"column":8}}]}}},"voting/registration/resolver/IsController.sol":{"l":{"15":42,"19":0,"23":0,"24":0,"26":0,"30":6,"31":1,"33":5},"path":"/home/leonhard/Projects/VotingRegistry/VotingRegistryContracts/voting/registration/resolver/IsController.sol","s":{"1":42,"2":0,"3":0,"4":6},"b":{"1":[0,0],"2":[1,5]},"f":{"1":42,"2":0,"3":0,"4":6},"fnMap":{"1":{"name":"constructor","line":14,"loc":{"start":{"line":14,"column":4},"end":{"line":16,"column":4}}},"2":{"name":"_senderIsController","line":18,"loc":{"start":{"line":18,"column":4},"end":{"line":20,"column":4}}},"3":{"name":"senderIsController","line":22,"loc":{"start":{"line":22,"column":4},"end":{"line":27,"column":4}}},"4":{"name":"OnlyRegistrar","line":29,"loc":{"start":{"line":29,"column":4},"end":{"line":34,"column":4}}}},"statementMap":{"1":{"start":{"line":15,"column":8},"end":{"line":15,"column":41}},"2":{"start":{"line":19,"column":8},"end":{"line":19,"column":82}},"3":{"start":{"line":23,"column":8},"end":{"line":23,"column":680}},"4":{"start":{"line":30,"column":8},"end":{"line":30,"column":853}}},"branchMap":{"1":{"line":23,"type":"if","locations":[{"start":{"line":23,"column":8},"end":{"line":23,"column":8}},{"start":{"line":23,"column":8},"end":{"line":23,"column":8}}]},"2":{"line":30,"type":"if","locations":[{"start":{"line":30,"column":8},"end":{"line":30,"column":8}},{"start":{"line":30,"column":8},"end":{"line":30,"column":8}}]}}},"voting/votingContractStandard/IVotingContract.sol":{"l":{},"path":"/home/leonhard/Projects/VotingRegistry/VotingRegistryContracts/voting/votingContractStandard/IVotingContract.sol","s":{},"b":{},"f":{},"fnMap":{},"statementMap":{},"branchMap":{}}}