{
"voting/extensions/abstracts/BareVotingContract.sol":{"l":{"66":11,"69":11,"72":11,"73":11,"76":11,"79":11,"82":11,"126":0,"131":0},"path":"/home/leonhard/Projects/VotingRegistry/VotingRegistryContracts/voting/extensions/abstracts/BareVotingContract.sol","s":{"1":11,"2":11,"3":11,"4":11,"5":11,"6":11,"7":11,"8":0,"9":0},"b":{},"f":{"1":11,"2":0,"3":11,"4":0,"5":0},"fnMap":{"1":{"name":"start","line":59,"loc":{"start":{"line":59,"column":4},"end":{"line":83,"column":4}}},"2":{"name":"_checkCondition","line":108,"loc":{"start":{"line":108,"column":4},"end":{"line":108,"column":96}}},"3":{"name":"_beforeStart","line":112,"loc":{"start":{"line":112,"column":4},"end":{"line":112,"column":114}}},"4":{"name":"getCurrentIndex","line":125,"loc":{"start":{"line":125,"column":4},"end":{"line":127,"column":4}}},"5":{"name":"supportsInterface","line":130,"loc":{"start":{"line":130,"column":4},"end":{"line":134,"column":4}}}},"statementMap":{"1":{"start":{"line":66,"column":8},"end":{"line":66,"column":58}},"2":{"start":{"line":69,"column":8},"end":{"line":69,"column":42}},"3":{"start":{"line":72,"column":8},"end":{"line":72,"column":42}},"4":{"start":{"line":73,"column":8},"end":{"line":73,"column":76}},"5":{"start":{"line":76,"column":8},"end":{"line":76,"column":61}},"6":{"start":{"line":79,"column":8},"end":{"line":79,"column":25}},"7":{"start":{"line":82,"column":8},"end":{"line":82,"column":33}},"8":{"start":{"line":126,"column":8},"end":{"line":126,"column":35}},"9":{"start":{"line":131,"column":8},"end":{"line":131,"column":6891}}},"branchMap":{}},
"voting/extensions/abstracts/VotingWithImplementing.sol":{"l":{"18":0,"19":0,"23":0,"24":0},"path":"/home/leonhard/Projects/VotingRegistry/VotingRegistryContracts/voting/extensions/abstracts/VotingWithImplementing.sol","s":{"1":0,"2":0,"3":0},"b":{},"f":{"1":0,"2":0},"fnMap":{"1":{"name":"_beforeStart","line":17,"loc":{"start":{"line":17,"column":4},"end":{"line":20,"column":4}}},"2":{"name":"_retrieveCaller","line":22,"loc":{"start":{"line":22,"column":4},"end":{"line":25,"column":4}}}},"statementMap":{"1":{"start":{"line":18,"column":8},"end":{"line":18,"column":76}},"2":{"start":{"line":19,"column":8},"end":{"line":19,"column":74}},"3":{"start":{"line":24,"column":8},"end":{"line":24,"column":25}}},"branchMap":{}},
"voting/extensions/interfaces/ICallerGetter.sol":{"l":{},"path":"/home/leonhard/Projects/VotingRegistry/VotingRegistryContracts/voting/extensions/interfaces/ICallerGetter.sol","s":{},"b":{},"f":{},"fnMap":{},"statementMap":{},"branchMap":{}},
"voting/extensions/interfaces/IEncoding.sol":{"l":{},"path":"/home/leonhard/Projects/VotingRegistry/VotingRegistryContracts/voting/extensions/interfaces/IEncoding.sol","s":{},"b":{},"f":{},"fnMap":{},"statementMap":{},"branchMap":{}},
"voting/extensions/interfaces/IGetCallbackData.sol":{"l":{},"path":"/home/leonhard/Projects/VotingRegistry/VotingRegistryContracts/voting/extensions/interfaces/IGetCallbackData.sol","s":{},"b":{},"f":{},"fnMap":{},"statementMap":{},"branchMap":{}},
"voting/extensions/interfaces/IGetCallbackHash.sol":{"l":{},"path":"/home/leonhard/Projects/VotingRegistry/VotingRegistryContracts/voting/extensions/interfaces/IGetCallbackHash.sol","s":{},"b":{},"f":{},"fnMap":{},"statementMap":{},"branchMap":{}},
"voting/extensions/interfaces/IHasAlreadyVoted.sol":{"l":{},"path":"/home/leonhard/Projects/VotingRegistry/VotingRegistryContracts/voting/extensions/interfaces/IHasAlreadyVoted.sol","s":{},"b":{},"f":{},"fnMap":{},"statementMap":{},"branchMap":{}},
"voting/extensions/interfaces/IImplementingPermitted.sol":{"l":{},"path":"/home/leonhard/Projects/VotingRegistry/VotingRegistryContracts/voting/extensions/interfaces/IImplementingPermitted.sol","s":{},"b":{},"f":{},"fnMap":{},"statementMap":{},"branchMap":{}},
"voting/extensions/interfaces/IImplementResult.sol":{"l":{},"path":"/home/leonhard/Projects/VotingRegistry/VotingRegistryContracts/voting/extensions/interfaces/IImplementResult.sol","s":{},"b":{},"f":{},"fnMap":{},"statementMap":{},"branchMap":{}},
"voting/extensions/interfaces/IStatusGetter.sol":{"l":{},"path":"/home/leonhard/Projects/VotingRegistry/VotingRegistryContracts/voting/extensions/interfaces/IStatusGetter.sol","s":{},"b":{},"f":{},"fnMap":{},"statementMap":{},"branchMap":{}},
"voting/extensions/interfaces/IVotingPermitted.sol":{"l":{},"path":"/home/leonhard/Projects/VotingRegistry/VotingRegistryContracts/voting/extensions/interfaces/IVotingPermitted.sol","s":{},"b":{},"f":{},"fnMap":{},"statementMap":{},"branchMap":{}},
"voting/extensions/primitives/CallbackData.sol":{"l":{"15":0},"path":"/home/leonhard/Projects/VotingRegistry/VotingRegistryContracts/voting/extensions/primitives/CallbackData.sol","s":{"1":0},"b":{},"f":{"1":0},"fnMap":{"1":{"name":"getCallbackData","line":14,"loc":{"start":{"line":14,"column":4},"end":{"line":16,"column":4}}}},"statementMap":{"1":{"start":{"line":15,"column":8},"end":{"line":15,"column":40}}},"branchMap":{}},
"voting/extensions/primitives/CallbackHash.sol":{"l":{"14":0},"path":"/home/leonhard/Projects/VotingRegistry/VotingRegistryContracts/voting/extensions/primitives/CallbackHash.sol","s":{"1":0},"b":{},"f":{"1":0},"fnMap":{"1":{"name":"getCallbackHash","line":13,"loc":{"start":{"line":13,"column":4},"end":{"line":15,"column":4}}}},"statementMap":{"1":{"start":{"line":14,"column":8},"end":{"line":14,"column":40}}},"branchMap":{}},
"voting/extensions/primitives/Caller.sol":{"l":{"15":0},"path":"/home/leonhard/Projects/VotingRegistry/VotingRegistryContracts/voting/extensions/primitives/Caller.sol","s":{"1":0},"b":{},"f":{"1":0},"fnMap":{"1":{"name":"getCaller","line":14,"loc":{"start":{"line":14,"column":4},"end":{"line":16,"column":4}}}},"statementMap":{"1":{"start":{"line":15,"column":8},"end":{"line":15,"column":35}}},"branchMap":{}},
"voting/extensions/primitives/CastSimpleVote.sol":{"l":{"12":11,"16":8},"path":"/home/leonhard/Projects/VotingRegistry/VotingRegistryContracts/voting/extensions/primitives/CastSimpleVote.sol","s":{"1":11,"2":8},"b":{},"f":{"1":11,"2":8},"fnMap":{"1":{"name":"_castVote","line":10,"loc":{"start":{"line":10,"column":4},"end":{"line":13,"column":4}}},"2":{"name":"_getVotes","line":15,"loc":{"start":{"line":15,"column":4},"end":{"line":17,"column":4}}}},"statementMap":{"1":{"start":{"line":12,"column":8},"end":{"line":12,"column":42}},"2":{"start":{"line":16,"column":8},"end":{"line":16,"column":32}}},"branchMap":{}},
"voting/extensions/primitives/CastYesNoAbstainVote.sol":{"l":{"14":0,"18":0},"path":"/home/leonhard/Projects/VotingRegistry/VotingRegistryContracts/voting/extensions/primitives/CastYesNoAbstainVote.sol","s":{"1":0,"2":0},"b":{},"f":{"1":0,"2":0},"fnMap":{"1":{"name":"_castVote","line":12,"loc":{"start":{"line":12,"column":4},"end":{"line":15,"column":4}}},"2":{"name":"_getVotes","line":17,"loc":{"start":{"line":17,"column":4},"end":{"line":19,"column":4}}}},"statementMap":{"1":{"start":{"line":14,"column":8},"end":{"line":14,"column":51}},"2":{"start":{"line":18,"column":8},"end":{"line":18,"column":32}}},"branchMap":{}},
"voting/extensions/primitives/CheckCalldataValidity.sol":{"l":{"16":0},"path":"/home/leonhard/Projects/VotingRegistry/VotingRegistryContracts/voting/extensions/primitives/CheckCalldataValidity.sol","s":{"1":0},"b":{},"f":{"1":0},"fnMap":{"1":{"name":"_isValidCalldata","line":11,"loc":{"start":{"line":11,"column":4},"end":{"line":17,"column":4}}}},"statementMap":{"1":{"start":{"line":16,"column":8},"end":{"line":16,"column":91}}},"branchMap":{}},
"voting/extensions/primitives/Deadline.sol":{"l":{"13":11,"17":19},"path":"/home/leonhard/Projects/VotingRegistry/VotingRegistryContracts/voting/extensions/primitives/Deadline.sol","s":{"1":11,"2":19},"b":{},"f":{"1":11,"2":19},"fnMap":{"1":{"name":"_setDeadline","line":12,"loc":{"start":{"line":12,"column":4},"end":{"line":14,"column":4}}},"2":{"name":"_deadlineHasPassed","line":16,"loc":{"start":{"line":16,"column":4},"end":{"line":18,"column":4}}}},"statementMap":{"1":{"start":{"line":13,"column":8},"end":{"line":13,"column":57}},"2":{"start":{"line":17,"column":8},"end":{"line":17,"column":58}}},"branchMap":{}},
"voting/extensions/primitives/ImplementingPermitted.sol":{"l":{"12":0,"19":0},"path":"/home/leonhard/Projects/VotingRegistry/VotingRegistryContracts/voting/extensions/primitives/ImplementingPermitted.sol","s":{"1":0,"2":0},"b":{},"f":{"1":0,"2":0},"fnMap":{"1":{"name":"_implementingPermitted","line":11,"loc":{"start":{"line":11,"column":4},"end":{"line":13,"column":4}}},"2":{"name":"implementingPermitted","line":18,"loc":{"start":{"line":18,"column":4},"end":{"line":20,"column":4}}}},"statementMap":{"1":{"start":{"line":12,"column":8},"end":{"line":12,"column":99}},"2":{"start":{"line":19,"column":8},"end":{"line":19,"column":53}}},"branchMap":{}},
"voting/extensions/primitives/ImplementResult.sol":{"l":{"29":0,"30":0,"34":0,"37":0,"40":0,"46":0,"48":0,"51":0,"54":0,"65":0,"67":0,"69":0,"82":0,"83":0},"path":"/home/leonhard/Projects/VotingRegistry/VotingRegistryContracts/voting/extensions/primitives/ImplementResult.sol","s":{"1":0,"2":0,"3":0,"4":0,"5":0,"6":0,"7":0,"8":0,"9":0,"10":0,"11":0,"12":0},"b":{"1":[0,0],"2":[0,0],"3":[0,0],"4":[0,0]},"f":{"1":0,"2":0,"3":0,"4":0},"fnMap":{"1":{"name":"implement","line":23,"loc":{"start":{"line":23,"column":4},"end":{"line":55,"column":4}}},"2":{"name":"_requireValidCallbackData","line":58,"loc":{"start":{"line":58,"column":4},"end":{"line":58,"column":109}}},"3":{"name":"_handleFailedImplementation","line":64,"loc":{"start":{"line":64,"column":4},"end":{"line":71,"column":4}}},"4":{"name":"_requireValidCallbackData","line":81,"loc":{"start":{"line":81,"column":4},"end":{"line":85,"column":4}}}},"statementMap":{"1":{"start":{"line":29,"column":8},"end":{"line":29,"column":1172}},"2":{"start":{"line":34,"column":8},"end":{"line":34,"column":58}},"3":{"start":{"line":37,"column":8},"end":{"line":37,"column":68}},"4":{"start":{"line":40,"column":8},"end":{"line":40,"column":1712}},"5":{"start":{"line":46,"column":8},"end":{"line":46,"column":1896}},"6":{"start":{"line":48,"column":12},"end":{"line":48,"column":71}},"7":{"start":{"line":51,"column":12},"end":{"line":51,"column":52}},"8":{"start":{"line":54,"column":8},"end":{"line":54,"column":24}},"9":{"start":{"line":65,"column":8},"end":{"line":65,"column":2766}},"10":{"start":{"line":67,"column":12},"end":{"line":67,"column":39}},"11":{"start":{"line":69,"column":12},"end":{"line":69,"column":59}},"12":{"start":{"line":82,"column":8},"end":{"line":82,"column":3210}}},"branchMap":{"1":{"line":29,"type":"if","locations":[{"start":{"line":29,"column":8},"end":{"line":29,"column":8}},{"start":{"line":29,"column":8},"end":{"line":29,"column":8}}]},"2":{"line":46,"type":"if","locations":[{"start":{"line":46,"column":8},"end":{"line":46,"column":8}},{"start":{"line":46,"column":8},"end":{"line":46,"column":8}}]},"3":{"line":65,"type":"if","locations":[{"start":{"line":65,"column":8},"end":{"line":65,"column":8}},{"start":{"line":65,"column":8},"end":{"line":65,"column":8}}]},"4":{"line":82,"type":"if","locations":[{"start":{"line":82,"column":8},"end":{"line":82,"column":8}},{"start":{"line":82,"column":8},"end":{"line":82,"column":8}}]}}},
"voting/extensions/primitives/ImplementResultPrimitive.sol":{"l":{"18":0,"19":0,"20":0},"path":"/home/leonhard/Projects/VotingRegistry/VotingRegistryContracts/voting/extensions/primitives/ImplementResultPrimitive.sol","s":{"1":0,"2":0,"3":0},"b":{},"f":{"1":0},"fnMap":{"1":{"name":"_implement","line":13,"loc":{"start":{"line":13,"column":4},"end":{"line":21,"column":4}}}},"statementMap":{"1":{"start":{"line":18,"column":8},"end":{"line":18,"column":80}},"2":{"start":{"line":19,"column":8},"end":{"line":19,"column":126}},"3":{"start":{"line":20,"column":8},"end":{"line":20,"column":39}}},"branchMap":{}},
"voting/extensions/primitives/NoDoubleVoting.sol":{"l":{"16":0,"17":0,"19":0,"20":0,"36":0},"path":"/home/leonhard/Projects/VotingRegistry/VotingRegistryContracts/voting/extensions/primitives/NoDoubleVoting.sol","s":{"1":0,"2":0,"3":0},"b":{"1":[0,0]},"f":{"1":0,"2":0},"fnMap":{"1":{"name":"doubleVotingGuard","line":15,"loc":{"start":{"line":15,"column":4},"end":{"line":21,"column":4}}},"2":{"name":"hasAlreadyVoted","line":30,"loc":{"start":{"line":30,"column":4},"end":{"line":37,"column":4}}}},"statementMap":{"1":{"start":{"line":16,"column":8},"end":{"line":16,"column":394}},"2":{"start":{"line":20,"column":8},"end":{"line":20,"column":46}},"3":{"start":{"line":36,"column":8},"end":{"line":36,"column":54}}},"branchMap":{"1":{"line":16,"type":"if","locations":[{"start":{"line":16,"column":8},"end":{"line":16,"column":8}},{"start":{"line":16,"column":8},"end":{"line":16,"column":8}}]}}},
"voting/extensions/primitives/Status.sol":{"l":{"16":10},"path":"/home/leonhard/Projects/VotingRegistry/VotingRegistryContracts/voting/extensions/primitives/Status.sol","s":{"1":10},"b":{},"f":{"1":10},"fnMap":{"1":{"name":"getStatus","line":15,"loc":{"start":{"line":15,"column":4},"end":{"line":17,"column":4}}}},"statementMap":{"1":{"start":{"line":16,"column":8},"end":{"line":16,"column":35}}},"branchMap":{}},
"voting/implementations/ImplementMajorityVote.sol":{"l":{"46":0,"50":0,"51":0,"56":0,"67":0,"68":0,"71":0,"72":0,"73":0,"76":0,"77":0,"80":0,"82":0,"83":0,"85":0,"91":0,"95":0,"96":0,"98":0,"99":0,"101":0,"106":0,"113":0},"path":"/home/leonhard/Projects/VotingRegistry/VotingRegistryContracts/voting/implementations/ImplementMajorityVote.sol","s":{"1":0,"2":0,"3":0,"4":0,"5":0,"6":0,"7":0,"8":0,"9":0,"10":0,"11":0,"12":0,"13":0,"14":0,"15":0,"16":0,"17":0,"18":0,"19":0},"b":{"1":[0,0],"2":[0,0],"3":[0,0],"4":[0,0],"5":[0,0]},"f":{"1":0,"2":0,"3":0,"4":0,"5":0,"6":0,"7":0,"8":0},"fnMap":{"1":{"name":"_start","line":41,"loc":{"start":{"line":41,"column":4},"end":{"line":47,"column":4}}},"2":{"name":"_beforeStart","line":49,"loc":{"start":{"line":49,"column":4},"end":{"line":52,"column":4}}},"3":{"name":"_retrieveCaller","line":55,"loc":{"start":{"line":55,"column":4},"end":{"line":57,"column":4}}},"4":{"name":"vote","line":61,"loc":{"start":{"line":61,"column":4},"end":{"line":86,"column":4}}},"5":{"name":"result","line":90,"loc":{"start":{"line":90,"column":4},"end":{"line":92,"column":4}}},"6":{"name":"conclude","line":94,"loc":{"start":{"line":94,"column":4},"end":{"line":102,"column":4}}},"7":{"name":"_setStatus","line":105,"loc":{"start":{"line":105,"column":4},"end":{"line":109,"column":4}}},"8":{"name":"_checkCondition","line":112,"loc":{"start":{"line":112,"column":4},"end":{"line":114,"column":4}}}},"statementMap":{"1":{"start":{"line":46,"column":8},"end":{"line":46,"column":57}},"2":{"start":{"line":50,"column":8},"end":{"line":50,"column":76}},"3":{"start":{"line":51,"column":8},"end":{"line":51,"column":74}},"4":{"start":{"line":56,"column":8},"end":{"line":56,"column":53}},"5":{"start":{"line":67,"column":8},"end":{"line":67,"column":2834}},"6":{"start":{"line":71,"column":8},"end":{"line":71,"column":3088}},"7":{"start":{"line":72,"column":12},"end":{"line":72,"column":33}},"8":{"start":{"line":73,"column":12},"end":{"line":73,"column":38}},"9":{"start":{"line":76,"column":8},"end":{"line":76,"column":3227}},"10":{"start":{"line":80,"column":8},"end":{"line":80,"column":66}},"11":{"start":{"line":82,"column":8},"end":{"line":82,"column":53}},"12":{"start":{"line":83,"column":8},"end":{"line":83,"column":77}},"13":{"start":{"line":85,"column":8},"end":{"line":85,"column":34}},"14":{"start":{"line":91,"column":8},"end":{"line":91,"column":63}},"15":{"start":{"line":95,"column":8},"end":{"line":95,"column":3938}},"16":{"start":{"line":98,"column":8},"end":{"line":98,"column":4093}},"17":{"start":{"line":101,"column":8},"end":{"line":101,"column":29}},"18":{"start":{"line":106,"column":8},"end":{"line":106,"column":4385}},"19":{"start":{"line":113,"column":8},"end":{"line":113,"column":58}}},"branchMap":{"1":{"line":67,"type":"if","locations":[{"start":{"line":67,"column":8},"end":{"line":67,"column":8}},{"start":{"line":67,"column":8},"end":{"line":67,"column":8}}]},"2":{"line":71,"type":"if","locations":[{"start":{"line":71,"column":8},"end":{"line":71,"column":8}},{"start":{"line":71,"column":8},"end":{"line":71,"column":8}}]},"3":{"line":76,"type":"if","locations":[{"start":{"line":76,"column":8},"end":{"line":76,"column":8}},{"start":{"line":76,"column":8},"end":{"line":76,"column":8}}]},"4":{"line":95,"type":"if","locations":[{"start":{"line":95,"column":8},"end":{"line":95,"column":8}},{"start":{"line":95,"column":8},"end":{"line":95,"column":8}}]},"5":{"line":98,"type":"if","locations":[{"start":{"line":98,"column":8},"end":{"line":98,"column":8}},{"start":{"line":98,"column":8},"end":{"line":98,"column":8}}]}}},
"voting/implementations/Snapshot.sol":{"l":{"37":11,"49":16,"50":1,"54":15,"55":3,"56":3,"59":12,"60":1,"63":11,"65":11,"66":11,"68":11,"74":2,"78":5,"79":1,"81":4,"82":1,"85":3,"89":6,"96":19},"path":"/home/leonhard/Projects/VotingRegistry/VotingRegistryContracts/voting/implementations/Snapshot.sol","s":{"1":11,"2":16,"3":15,"4":3,"5":3,"6":12,"7":11,"8":11,"9":11,"10":11,"11":2,"12":5,"13":4,"14":3,"15":6,"16":19},"b":{"1":[1,15],"2":[3,12],"3":[1,11],"4":[1,4],"5":[1,3]},"f":{"1":11,"2":16,"3":2,"4":5,"5":6,"6":19},"fnMap":{"1":{"name":"_start","line":32,"loc":{"start":{"line":32,"column":4},"end":{"line":38,"column":4}}},"2":{"name":"vote","line":42,"loc":{"start":{"line":42,"column":4},"end":{"line":70,"column":4}}},"3":{"name":"result","line":73,"loc":{"start":{"line":73,"column":4},"end":{"line":75,"column":4}}},"4":{"name":"conclude","line":77,"loc":{"start":{"line":77,"column":4},"end":{"line":86,"column":4}}},"5":{"name":"_setStatus","line":88,"loc":{"start":{"line":88,"column":4},"end":{"line":92,"column":4}}},"6":{"name":"_checkCondition","line":95,"loc":{"start":{"line":95,"column":4},"end":{"line":97,"column":4}}}},"statementMap":{"1":{"start":{"line":37,"column":8},"end":{"line":37,"column":57}},"2":{"start":{"line":49,"column":8},"end":{"line":49,"column":1614}},"3":{"start":{"line":54,"column":8},"end":{"line":54,"column":1877}},"4":{"start":{"line":55,"column":12},"end":{"line":55,"column":33}},"5":{"start":{"line":56,"column":12},"end":{"line":56,"column":38}},"6":{"start":{"line":59,"column":8},"end":{"line":59,"column":2009}},"7":{"start":{"line":63,"column":8},"end":{"line":63,"column":66}},"8":{"start":{"line":65,"column":8},"end":{"line":65,"column":53}},"9":{"start":{"line":66,"column":8},"end":{"line":66,"column":77}},"10":{"start":{"line":68,"column":8},"end":{"line":68,"column":34}},"11":{"start":{"line":74,"column":8},"end":{"line":74,"column":63}},"12":{"start":{"line":78,"column":8},"end":{"line":78,"column":2738}},"13":{"start":{"line":81,"column":8},"end":{"line":81,"column":2893}},"14":{"start":{"line":85,"column":8},"end":{"line":85,"column":29}},"15":{"start":{"line":89,"column":8},"end":{"line":89,"column":3185}},"16":{"start":{"line":96,"column":8},"end":{"line":96,"column":58}}},"branchMap":{"1":{"line":49,"type":"if","locations":[{"start":{"line":49,"column":8},"end":{"line":49,"column":8}},{"start":{"line":49,"column":8},"end":{"line":49,"column":8}}]},"2":{"line":54,"type":"if","locations":[{"start":{"line":54,"column":8},"end":{"line":54,"column":8}},{"start":{"line":54,"column":8},"end":{"line":54,"column":8}}]},"3":{"line":59,"type":"if","locations":[{"start":{"line":59,"column":8},"end":{"line":59,"column":8}},{"start":{"line":59,"column":8},"end":{"line":59,"column":8}}]},"4":{"line":78,"type":"if","locations":[{"start":{"line":78,"column":8},"end":{"line":78,"column":8}},{"start":{"line":78,"column":8},"end":{"line":78,"column":8}}]},"5":{"line":81,"type":"if","locations":[{"start":{"line":81,"column":8},"end":{"line":81,"column":8}},{"start":{"line":81,"column":8},"end":{"line":81,"column":8}}]}}},
"voting/registration/registrar/IRegistrar.sol":{"l":{},"path":"/home/leonhard/Projects/VotingRegistry/VotingRegistryContracts/voting/registration/registrar/IRegistrar.sol","s":{},"b":{},"f":{},"fnMap":{},"statementMap":{},"branchMap":{}},
"voting/registration/registrar/Registrar.sol":{"l":{"13":0,"17":0,"18":0,"22":0,"23":0,"27":0,"28":0,"35":0,"36":0},"path":"/home/leonhard/Projects/VotingRegistry/VotingRegistryContracts/voting/registration/registrar/Registrar.sol","s":{"1":0,"2":0,"3":0,"4":0,"5":0,"6":0,"7":0,"8":0,"9":0},"b":{"1":[0,0]},"f":{"1":0,"2":0,"3":0,"4":0,"5":0},"fnMap":{"1":{"name":"_register","line":12,"loc":{"start":{"line":12,"column":4},"end":{"line":14,"column":4}}},"2":{"name":"_setController","line":16,"loc":{"start":{"line":16,"column":4},"end":{"line":19,"column":4}}},"3":{"name":"getController","line":21,"loc":{"start":{"line":21,"column":4},"end":{"line":24,"column":4}}},"4":{"name":"register","line":26,"loc":{"start":{"line":26,"column":4},"end":{"line":29,"column":4}}},"5":{"name":"changeResolver","line":34,"loc":{"start":{"line":34,"column":4},"end":{"line":37,"column":4}}}},"statementMap":{"1":{"start":{"line":13,"column":8},"end":{"line":13,"column":67}},"2":{"start":{"line":17,"column":8},"end":{"line":17,"column":58}},"3":{"start":{"line":18,"column":8},"end":{"line":18,"column":40}},"4":{"start":{"line":22,"column":8},"end":{"line":22,"column":58}},"5":{"start":{"line":23,"column":8},"end":{"line":23,"column":43}},"6":{"start":{"line":27,"column":8},"end":{"line":27,"column":42}},"7":{"start":{"line":28,"column":8},"end":{"line":28,"column":49}},"8":{"start":{"line":35,"column":8},"end":{"line":35,"column":76}},"9":{"start":{"line":36,"column":8},"end":{"line":36,"column":76}}},"branchMap":{"1":{"line":35,"type":"if","locations":[{"start":{"line":35,"column":8},"end":{"line":35,"column":8}},{"start":{"line":35,"column":8},"end":{"line":35,"column":8}}]}}},
"voting/registration/registry/IVotingRegistry.sol":{"l":{},"path":"/home/leonhard/Projects/VotingRegistry/VotingRegistryContracts/voting/registration/registry/IVotingRegistry.sol","s":{},"b":{},"f":{},"fnMap":{},"statementMap":{},"branchMap":{}},
"voting/registration/registry/VotingRegistry.sol":{"l":{"80":0,"81":0,"82":0,"86":0,"96":0,"97":0,"98":0,"116":0,"126":0,"136":0},"path":"/home/leonhard/Projects/VotingRegistry/VotingRegistryContracts/voting/registration/registry/VotingRegistry.sol","s":{"1":0,"2":0,"3":0,"4":0,"5":0,"6":0,"7":0,"8":0,"9":0,"10":0},"b":{"1":[0,0],"2":[0,0],"3":[0,0]},"f":{"1":0,"2":0,"3":0,"4":0,"5":0},"fnMap":{"1":{"name":"register","line":74,"loc":{"start":{"line":74,"column":4},"end":{"line":87,"column":4}}},"2":{"name":"changeResolver","line":90,"loc":{"start":{"line":90,"column":4},"end":{"line":99,"column":4}}},"3":{"name":"getRegistrar","line":110,"loc":{"start":{"line":110,"column":4},"end":{"line":117,"column":4}}},"4":{"name":"getResolver","line":120,"loc":{"start":{"line":120,"column":4},"end":{"line":127,"column":4}}},"5":{"name":"checkInterface","line":135,"loc":{"start":{"line":135,"column":4},"end":{"line":137,"column":4}}}},"statementMap":{"1":{"start":{"line":80,"column":8},"end":{"line":80,"column":64}},"2":{"start":{"line":81,"column":8},"end":{"line":81,"column":47}},"3":{"start":{"line":82,"column":8},"end":{"line":82,"column":3724}},"4":{"start":{"line":86,"column":8},"end":{"line":86,"column":62}},"5":{"start":{"line":96,"column":8},"end":{"line":96,"column":62}},"6":{"start":{"line":97,"column":8},"end":{"line":97,"column":51}},"7":{"start":{"line":98,"column":8},"end":{"line":98,"column":38}},"8":{"start":{"line":116,"column":8},"end":{"line":116,"column":52}},"9":{"start":{"line":126,"column":8},"end":{"line":126,"column":50}},"10":{"start":{"line":136,"column":8},"end":{"line":136,"column":93}}},"branchMap":{"1":{"line":80,"type":"if","locations":[{"start":{"line":80,"column":8},"end":{"line":80,"column":8}},{"start":{"line":80,"column":8},"end":{"line":80,"column":8}}]},"2":{"line":81,"type":"if","locations":[{"start":{"line":81,"column":8},"end":{"line":81,"column":8}},{"start":{"line":81,"column":8},"end":{"line":81,"column":8}}]},"3":{"line":96,"type":"if","locations":[{"start":{"line":96,"column":8},"end":{"line":96,"column":8}},{"start":{"line":96,"column":8},"end":{"line":96,"column":8}}]}}},
"voting/registration/resolver/examples/Resolver.sol":{"l":{},"path":"/home/leonhard/Projects/VotingRegistry/VotingRegistryContracts/voting/registration/resolver/examples/Resolver.sol","s":{},"b":{},"f":{},"fnMap":{},"statementMap":{},"branchMap":{}},
"voting/registration/resolver/primitives/GovernanceControl.sol":{"l":{},"path":"/home/leonhard/Projects/VotingRegistry/VotingRegistryContracts/voting/registration/resolver/primitives/GovernanceControl.sol","s":{},"b":{},"f":{},"fnMap":{},"statementMap":{},"branchMap":{}},
"voting/registration/resolver/primitives/OwnerControl.sol":{"l":{"12":0,"16":0,"17":0},"path":"/home/leonhard/Projects/VotingRegistry/VotingRegistryContracts/voting/registration/resolver/primitives/OwnerControl.sol","s":{"1":0,"2":0},"b":{"1":[0,0]},"f":{"1":0,"2":0},"fnMap":{"1":{"name":"_senderIsOwner","line":11,"loc":{"start":{"line":11,"column":4},"end":{"line":13,"column":4}}},"2":{"name":"senderIsOwner","line":15,"loc":{"start":{"line":15,"column":4},"end":{"line":18,"column":4}}}},"statementMap":{"1":{"start":{"line":12,"column":8},"end":{"line":12,"column":82}},"2":{"start":{"line":16,"column":8},"end":{"line":16,"column":47}}},"branchMap":{"1":{"line":16,"type":"if","locations":[{"start":{"line":16,"column":8},"end":{"line":16,"column":8}},{"start":{"line":16,"column":8},"end":{"line":16,"column":8}}]}}},
"voting/registration/resolver/resolvers/IsImplementer.sol":{"l":{"9":0,"13":0},"path":"/home/leonhard/Projects/VotingRegistry/VotingRegistryContracts/voting/registration/resolver/resolvers/IsImplementer.sol","s":{"1":0,"2":0},"b":{},"f":{"1":0,"2":0},"fnMap":{"1":{"name":"_setIsImplementer","line":8,"loc":{"start":{"line":8,"column":4},"end":{"line":10,"column":4}}},"2":{"name":"getIsImplementer","line":12,"loc":{"start":{"line":12,"column":4},"end":{"line":14,"column":4}}}},"statementMap":{"1":{"start":{"line":9,"column":8},"end":{"line":9,"column":53}},"2":{"start":{"line":13,"column":8},"end":{"line":13,"column":44}}},"branchMap":{}},
"voting/registration/resolver/resolvers/IsProxy.sol":{"l":{},"path":"/home/leonhard/Projects/VotingRegistry/VotingRegistryContracts/voting/registration/resolver/resolvers/IsProxy.sol","s":{},"b":{},"f":{},"fnMap":{},"statementMap":{},"branchMap":{}},
"voting/registration/resolver/resolvers/Methods.sol":{"l":{},"path":"/home/leonhard/Projects/VotingRegistry/VotingRegistryContracts/voting/registration/resolver/resolvers/Methods.sol","s":{},"b":{},"f":{},"fnMap":{},"statementMap":{},"branchMap":{}},
"voting/registration/resolver/resolvers/RequiredDirectCall.sol":{"l":{},"path":"/home/leonhard/Projects/VotingRegistry/VotingRegistryContracts/voting/registration/resolver/resolvers/RequiredDirectCall.sol","s":{},"b":{},"f":{},"fnMap":{},"statementMap":{},"branchMap":{}},
"voting/registration/resolver/resolvers/Usage.sol":{"l":{},"path":"/home/leonhard/Projects/VotingRegistry/VotingRegistryContracts/voting/registration/resolver/resolvers/Usage.sol","s":{},"b":{},"f":{},"fnMap":{},"statementMap":{},"branchMap":{}},
"voting/votingContractStandard/IVotingContract.sol":{"l":{},"path":"/home/leonhard/Projects/VotingRegistry/VotingRegistryContracts/voting/votingContractStandard/IVotingContract.sol","s":{},"b":{},"f":{},"fnMap":{},"statementMap":{},"branchMap":{}}}
