TN:
SF:/home/leonhard/Projects/VotingRegistry/VotingRegistryContracts/voting/extensions/abstracts/BareVotingContract.sol
FN:59,start
FN:108,_checkCondition
FN:112,_beforeStart
FN:125,getCurrentIndex
FN:130,supportsInterface
FNF:5
FNH:2
FNDA:11,start
FNDA:0,_checkCondition
FNDA:11,_beforeStart
FNDA:0,getCurrentIndex
FNDA:0,supportsInterface
DA:66,11
DA:69,11
DA:72,11
DA:73,11
DA:76,11
DA:79,11
DA:82,11
DA:126,0
DA:131,0
LF:9
LH:7
BRF:0
BRH:0
end_of_record
TN:
SF:/home/leonhard/Projects/VotingRegistry/VotingRegistryContracts/voting/extensions/abstracts/VotingWithImplementing.sol
FN:17,_beforeStart
FN:22,_retrieveCaller
FNF:2
FNH:0
FNDA:0,_beforeStart
FNDA:0,_retrieveCaller
DA:18,0
DA:19,0
DA:23,0
DA:24,0
LF:4
LH:0
BRF:0
BRH:0
end_of_record
TN:
SF:/home/leonhard/Projects/VotingRegistry/VotingRegistryContracts/voting/extensions/interfaces/ICallerGetter.sol
FNF:0
FNH:0
LF:0
LH:0
BRF:0
BRH:0
end_of_record
TN:
SF:/home/leonhard/Projects/VotingRegistry/VotingRegistryContracts/voting/extensions/interfaces/IEncoding.sol
FNF:0
FNH:0
LF:0
LH:0
BRF:0
BRH:0
end_of_record
TN:
SF:/home/leonhard/Projects/VotingRegistry/VotingRegistryContracts/voting/extensions/interfaces/IGetCallbackData.sol
FNF:0
FNH:0
LF:0
LH:0
BRF:0
BRH:0
end_of_record
TN:
SF:/home/leonhard/Projects/VotingRegistry/VotingRegistryContracts/voting/extensions/interfaces/IGetCallbackHash.sol
FNF:0
FNH:0
LF:0
LH:0
BRF:0
BRH:0
end_of_record
TN:
SF:/home/leonhard/Projects/VotingRegistry/VotingRegistryContracts/voting/extensions/interfaces/IHasAlreadyVoted.sol
FNF:0
FNH:0
LF:0
LH:0
BRF:0
BRH:0
end_of_record
TN:
SF:/home/leonhard/Projects/VotingRegistry/VotingRegistryContracts/voting/extensions/interfaces/IImplementingPermitted.sol
FNF:0
FNH:0
LF:0
LH:0
BRF:0
BRH:0
end_of_record
TN:
SF:/home/leonhard/Projects/VotingRegistry/VotingRegistryContracts/voting/extensions/interfaces/IImplementResult.sol
FNF:0
FNH:0
LF:0
LH:0
BRF:0
BRH:0
end_of_record
TN:
SF:/home/leonhard/Projects/VotingRegistry/VotingRegistryContracts/voting/extensions/interfaces/IStatusGetter.sol
FNF:0
FNH:0
LF:0
LH:0
BRF:0
BRH:0
end_of_record
TN:
SF:/home/leonhard/Projects/VotingRegistry/VotingRegistryContracts/voting/extensions/interfaces/IVotingPermitted.sol
FNF:0
FNH:0
LF:0
LH:0
BRF:0
BRH:0
end_of_record
TN:
SF:/home/leonhard/Projects/VotingRegistry/VotingRegistryContracts/voting/extensions/primitives/CallbackData.sol
FN:14,getCallbackData
FNF:1
FNH:0
FNDA:0,getCallbackData
DA:15,0
LF:1
LH:0
BRF:0
BRH:0
end_of_record
TN:
SF:/home/leonhard/Projects/VotingRegistry/VotingRegistryContracts/voting/extensions/primitives/CallbackHash.sol
FN:13,getCallbackHash
FNF:1
FNH:0
FNDA:0,getCallbackHash
DA:14,0
LF:1
LH:0
BRF:0
BRH:0
end_of_record
TN:
SF:/home/leonhard/Projects/VotingRegistry/VotingRegistryContracts/voting/extensions/primitives/Caller.sol
FN:14,getCaller
FNF:1
FNH:0
FNDA:0,getCaller
DA:15,0
LF:1
LH:0
BRF:0
BRH:0
end_of_record
TN:
SF:/home/leonhard/Projects/VotingRegistry/VotingRegistryContracts/voting/extensions/primitives/CastSimpleVote.sol
FN:10,_castVote
FN:15,_getVotes
FNF:2
FNH:2
FNDA:11,_castVote
FNDA:8,_getVotes
DA:12,11
DA:16,8
LF:2
LH:2
BRF:0
BRH:0
end_of_record
TN:
SF:/home/leonhard/Projects/VotingRegistry/VotingRegistryContracts/voting/extensions/primitives/CastYesNoAbstainVote.sol
FN:12,_castVote
FN:17,_getVotes
FNF:2
FNH:0
FNDA:0,_castVote
FNDA:0,_getVotes
DA:14,0
DA:18,0
LF:2
LH:0
BRF:0
BRH:0
end_of_record
TN:
SF:/home/leonhard/Projects/VotingRegistry/VotingRegistryContracts/voting/extensions/primitives/CheckCalldataValidity.sol
FN:11,_isValidCalldata
FNF:1
FNH:0
FNDA:0,_isValidCalldata
DA:16,0
LF:1
LH:0
BRF:0
BRH:0
end_of_record
TN:
SF:/home/leonhard/Projects/VotingRegistry/VotingRegistryContracts/voting/extensions/primitives/Deadline.sol
FN:12,_setDeadline
FN:16,_deadlineHasPassed
FNF:2
FNH:2
FNDA:11,_setDeadline
FNDA:19,_deadlineHasPassed
DA:13,11
DA:17,19
LF:2
LH:2
BRF:0
BRH:0
end_of_record
TN:
SF:/home/leonhard/Projects/VotingRegistry/VotingRegistryContracts/voting/extensions/primitives/ImplementingPermitted.sol
FN:11,_implementingPermitted
FN:18,implementingPermitted
FNF:2
FNH:0
FNDA:0,_implementingPermitted
FNDA:0,implementingPermitted
DA:12,0
DA:19,0
LF:2
LH:0
BRF:0
BRH:0
end_of_record
TN:
SF:/home/leonhard/Projects/VotingRegistry/VotingRegistryContracts/voting/extensions/primitives/ImplementResult.sol
FN:23,implement
FN:58,_requireValidCallbackData
FN:64,_handleFailedImplementation
FN:81,_requireValidCallbackData
FNF:4
FNH:0
FNDA:0,implement
FNDA:0,_requireValidCallbackData
FNDA:0,_handleFailedImplementation
FNDA:0,_requireValidCallbackData
DA:29,0
DA:30,0
DA:34,0
DA:37,0
DA:40,0
DA:46,0
DA:48,0
DA:51,0
DA:54,0
DA:65,0
DA:67,0
DA:69,0
DA:82,0
DA:83,0
LF:14
LH:0
BRDA:29,1,0,0
BRDA:29,1,1,0
BRDA:46,2,0,0
BRDA:46,2,1,0
BRDA:65,3,0,0
BRDA:65,3,1,0
BRDA:82,4,0,0
BRDA:82,4,1,0
BRF:8
BRH:0
end_of_record
TN:
SF:/home/leonhard/Projects/VotingRegistry/VotingRegistryContracts/voting/extensions/primitives/ImplementResultPrimitive.sol
FN:13,_implement
FNF:1
FNH:0
FNDA:0,_implement
DA:18,0
DA:19,0
DA:20,0
LF:3
LH:0
BRF:0
BRH:0
end_of_record
TN:
SF:/home/leonhard/Projects/VotingRegistry/VotingRegistryContracts/voting/extensions/primitives/NoDoubleVoting.sol
FN:15,doubleVotingGuard
FN:30,hasAlreadyVoted
FNF:2
FNH:0
FNDA:0,doubleVotingGuard
FNDA:0,hasAlreadyVoted
DA:16,0
DA:17,0
DA:19,0
DA:20,0
DA:36,0
LF:5
LH:0
BRDA:16,1,0,0
BRDA:16,1,1,0
BRF:2
BRH:0
end_of_record
TN:
SF:/home/leonhard/Projects/VotingRegistry/VotingRegistryContracts/voting/extensions/primitives/Status.sol
FN:15,getStatus
FNF:1
FNH:1
FNDA:10,getStatus
DA:16,10
LF:1
LH:1
BRF:0
BRH:0
end_of_record
TN:
SF:/home/leonhard/Projects/VotingRegistry/VotingRegistryContracts/voting/implementations/ImplementMajorityVote.sol
FN:41,_start
FN:49,_beforeStart
FN:55,_retrieveCaller
FN:61,vote
FN:90,result
FN:94,conclude
FN:105,_setStatus
FN:112,_checkCondition
FNF:8
FNH:0
FNDA:0,_start
FNDA:0,_beforeStart
FNDA:0,_retrieveCaller
FNDA:0,vote
FNDA:0,result
FNDA:0,conclude
FNDA:0,_setStatus
FNDA:0,_checkCondition
DA:46,0
DA:50,0
DA:51,0
DA:56,0
DA:67,0
DA:68,0
DA:71,0
DA:72,0
DA:73,0
DA:76,0
DA:77,0
DA:80,0
DA:82,0
DA:83,0
DA:85,0
DA:91,0
DA:95,0
DA:96,0
DA:98,0
DA:99,0
DA:101,0
DA:106,0
DA:113,0
LF:23
LH:0
BRDA:67,1,0,0
BRDA:67,1,1,0
BRDA:71,2,0,0
BRDA:71,2,1,0
BRDA:76,3,0,0
BRDA:76,3,1,0
BRDA:95,4,0,0
BRDA:95,4,1,0
BRDA:98,5,0,0
BRDA:98,5,1,0
BRF:10
BRH:0
end_of_record
TN:
SF:/home/leonhard/Projects/VotingRegistry/VotingRegistryContracts/voting/implementations/Snapshot.sol
FN:32,_start
FN:42,vote
FN:73,result
FN:77,conclude
FN:88,_setStatus
FN:95,_checkCondition
FNF:6
FNH:6
FNDA:11,_start
FNDA:16,vote
FNDA:2,result
FNDA:5,conclude
FNDA:6,_setStatus
FNDA:19,_checkCondition
DA:37,11
DA:49,16
DA:50,1
DA:54,15
DA:55,3
DA:56,3
DA:59,12
DA:60,1
DA:63,11
DA:65,11
DA:66,11
DA:68,11
DA:74,2
DA:78,5
DA:79,1
DA:81,4
DA:82,1
DA:85,3
DA:89,6
DA:96,19
LF:20
LH:20
BRDA:49,1,0,1
BRDA:49,1,1,15
BRDA:54,2,0,3
BRDA:54,2,1,12
BRDA:59,3,0,1
BRDA:59,3,1,11
BRDA:78,4,0,1
BRDA:78,4,1,4
BRDA:81,5,0,1
BRDA:81,5,1,3
BRF:10
BRH:10
end_of_record
TN:
SF:/home/leonhard/Projects/VotingRegistry/VotingRegistryContracts/voting/registration/registrar/IRegistrar.sol
FNF:0
FNH:0
LF:0
LH:0
BRF:0
BRH:0
end_of_record
TN:
SF:/home/leonhard/Projects/VotingRegistry/VotingRegistryContracts/voting/registration/registrar/Registrar.sol
FN:12,_register
FN:16,_setController
FN:21,getController
FN:26,register
FN:34,changeResolver
FNF:5
FNH:0
FNDA:0,_register
FNDA:0,_setController
FNDA:0,getController
FNDA:0,register
FNDA:0,changeResolver
DA:13,0
DA:17,0
DA:18,0
DA:22,0
DA:23,0
DA:27,0
DA:28,0
DA:35,0
DA:36,0
LF:9
LH:0
BRDA:35,1,0,0
BRDA:35,1,1,0
BRF:2
BRH:0
end_of_record
TN:
SF:/home/leonhard/Projects/VotingRegistry/VotingRegistryContracts/voting/registration/registry/IVotingRegistry.sol
FNF:0
FNH:0
LF:0
LH:0
BRF:0
BRH:0
end_of_record
TN:
SF:/home/leonhard/Projects/VotingRegistry/VotingRegistryContracts/voting/registration/registry/VotingRegistry.sol
FN:74,register
FN:90,changeResolver
FN:110,getRegistrar
FN:120,getResolver
FN:135,checkInterface
FNF:5
FNH:0
FNDA:0,register
FNDA:0,changeResolver
FNDA:0,getRegistrar
FNDA:0,getResolver
FNDA:0,checkInterface
DA:80,0
DA:81,0
DA:82,0
DA:86,0
DA:96,0
DA:97,0
DA:98,0
DA:116,0
DA:126,0
DA:136,0
LF:10
LH:0
BRDA:80,1,0,0
BRDA:80,1,1,0
BRDA:81,2,0,0
BRDA:81,2,1,0
BRDA:96,3,0,0
BRDA:96,3,1,0
BRF:6
BRH:0
end_of_record
TN:
SF:/home/leonhard/Projects/VotingRegistry/VotingRegistryContracts/voting/registration/resolver/examples/Resolver.sol
FNF:0
FNH:0
LF:0
LH:0
BRF:0
BRH:0
end_of_record
TN:
SF:/home/leonhard/Projects/VotingRegistry/VotingRegistryContracts/voting/registration/resolver/primitives/GovernanceControl.sol
FNF:0
FNH:0
LF:0
LH:0
BRF:0
BRH:0
end_of_record
TN:
SF:/home/leonhard/Projects/VotingRegistry/VotingRegistryContracts/voting/registration/resolver/primitives/OwnerControl.sol
FN:11,_senderIsOwner
FN:15,senderIsOwner
FNF:2
FNH:0
FNDA:0,_senderIsOwner
FNDA:0,senderIsOwner
DA:12,0
DA:16,0
DA:17,0
LF:3
LH:0
BRDA:16,1,0,0
BRDA:16,1,1,0
BRF:2
BRH:0
end_of_record
TN:
SF:/home/leonhard/Projects/VotingRegistry/VotingRegistryContracts/voting/registration/resolver/resolvers/IsImplementer.sol
FN:8,_setIsImplementer
FN:12,getIsImplementer
FNF:2
FNH:0
FNDA:0,_setIsImplementer
FNDA:0,getIsImplementer
DA:9,0
DA:13,0
LF:2
LH:0
BRF:0
BRH:0
end_of_record
TN:
SF:/home/leonhard/Projects/VotingRegistry/VotingRegistryContracts/voting/registration/resolver/resolvers/IsProxy.sol
FNF:0
FNH:0
LF:0
LH:0
BRF:0
BRH:0
end_of_record
TN:
SF:/home/leonhard/Projects/VotingRegistry/VotingRegistryContracts/voting/registration/resolver/resolvers/Methods.sol
FNF:0
FNH:0
LF:0
LH:0
BRF:0
BRH:0
end_of_record
TN:
SF:/home/leonhard/Projects/VotingRegistry/VotingRegistryContracts/voting/registration/resolver/resolvers/RequiredDirectCall.sol
FNF:0
FNH:0
LF:0
LH:0
BRF:0
BRH:0
end_of_record
TN:
SF:/home/leonhard/Projects/VotingRegistry/VotingRegistryContracts/voting/registration/resolver/resolvers/Usage.sol
FNF:0
FNH:0
LF:0
LH:0
BRF:0
BRH:0
end_of_record
TN:
SF:/home/leonhard/Projects/VotingRegistry/VotingRegistryContracts/voting/votingContractStandard/IVotingContract.sol
FNF:0
FNH:0
LF:0
LH:0
BRF:0
BRH:0
end_of_record
